PLINK v1.90b3.45 64-bit (13 Jan 2017)
Options in effect:
  --bfile /media/vcabeliNFS2/safia/0/training_set
  --logistic sex beta hide-covar
  --out /media/vcabeliNFS2/safia/0/low_ld
  --threads 8

Hostname: bioinfoclust13.cnam.fr
Working directory: /home/vcabeli
Start time: Fri Feb 23 12:45:15 2018

Random number seed: 1519386315
24100 MB RAM detected; reserving 12050 MB for main workspace.
250140 variants loaded from .bim file.
976 people (401 males, 575 females) loaded from .fam.
976 phenotype values loaded from .fam.
Using 1 thread (no multithreaded calculations invoked).
Before main variant filters, 976 founders and 0 nonfounders present.
Calculating allele frequencies... done.
Warning: 83 het. haploid genotypes present (see
/media/vcabeliNFS2/safia/0/low_ld.hh ); many commands treat these as missing.
Total genotyping rate is 0.998777.
250140 variants and 976 people pass filters and QC.
Among remaining phenotypes, 216 are cases and 760 are controls.
Writing logistic model association results to
/media/vcabeliNFS2/safia/0/low_ld.assoc.logistic ... done.

End time: Fri Feb 23 12:45:24 2018
