*********************************************************************
* LD Score Regression (LDSC)
* Version 1.0.0
* (C) 2014-2015 Brendan Bulik-Sullivan and Hilary Finucane
* Broad Institute of MIT and Harvard / MIT Department of Mathematics
* GNU General Public License v3
*********************************************************************
Call: 
./ldsc.py \
--ld-wind-cm 1.0 \
--out /media/vcabeliNFS2/safia/0_ldscore/training_LD \
--bfile /media/vcabeliNFS2/safia/0_ldscore/training_CM \
--l2  

Beginning analysis at Mon Mar  5 15:46:40 2018
Read list of 250140 SNPs from /media/vcabeliNFS2/safia/0_ldscore/training_CM.bim
Read list of 976 individuals from /media/vcabeliNFS2/safia/0_ldscore/training_CM.fam
Reading genotypes from /media/vcabeliNFS2/safia/0_ldscore/training_CM.bed
Estimating LD Score.
Writing LD Scores for 250140 SNPs to /media/vcabeliNFS2/safia/0_ldscore/training_LD.l2.ldscore.gz

Summary of LD Scores in /media/vcabeliNFS2/safia/0_ldscore/training_LD.l2.ldscore.gz
         MAF       L2
mean  0.2580   4.5072
std   0.1320   2.8608
min   0.0185   0.9142
25%   0.1424   2.7167
50%   0.2500   3.8973
75%   0.3705   5.5442
max   0.5000  59.5972

MAF/LD Score Correlation Matrix
       MAF     L2
MAF  1.000  0.211
L2   0.211  1.000
Analysis finished at Mon Mar  5 15:48:06 2018
Total time elapsed: 1.0m:25.27s
