PLINK v1.90b3.45 64-bit (13 Jan 2017)
Options in effect:
  --bfile /media/vcabeliNFS2/safia/0_ldscore/training_set
  --cm-map /media/vcabeliNFS2/safia/1000GP_Phase3/genetic_map_@_combined_b37.txt
  --make-bed
  --out /media/vcabeliNFS2/safia/0_ldscore/training_CM

Hostname: bioinfoclust13.cnam.fr
Working directory: /home/vcabeli
Start time: Mon Mar  5 15:46:38 2018

Random number seed: 1520261198
24100 MB RAM detected; reserving 12050 MB for main workspace.
250140 variants loaded from .bim file.
976 people (415 males, 561 females) loaded from .fam.
976 phenotype values loaded from .fam.
--cm-map: 22 chromosomes updated.
Using 1 thread (no multithreaded calculations invoked).
Before main variant filters, 976 founders and 0 nonfounders present.
Calculating allele frequencies... done.
Warning: 121 het. haploid genotypes present (see
/media/vcabeliNFS2/safia/0_ldscore/training_CM.hh ); many commands treat these
as missing.
Total genotyping rate is 0.998784.
250140 variants and 976 people pass filters and QC.
Among remaining phenotypes, 214 are cases and 762 are controls.
--make-bed to /media/vcabeliNFS2/safia/0_ldscore/training_CM.bed +
/media/vcabeliNFS2/safia/0_ldscore/training_CM.bim +
/media/vcabeliNFS2/safia/0_ldscore/training_CM.fam ... done.

End time: Mon Mar  5 15:46:40 2018
