PLINK v1.90b3.45 64-bit (13 Jan 2017)
Options in effect:
  --bfile /media/vcabeliNFS2/safia/0_combined/training_set
  --logistic sex beta hide-covar
  --out /media/vcabeliNFS2/safia/0_combined/low_ld
  --threads 8

Hostname: bioinfoclust06.cnam.fr
Working directory: /home/vcabeli
Start time: Thu Mar  1 12:59:18 2018

Random number seed: 1519905558
24099 MB RAM detected; reserving 12049 MB for main workspace.
250140 variants loaded from .bim file.
976 people (414 males, 562 females) loaded from .fam.
976 phenotype values loaded from .fam.
Using 1 thread (no multithreaded calculations invoked).
Before main variant filters, 976 founders and 0 nonfounders present.
Calculating allele frequencies... done.
Warning: 112 het. haploid genotypes present (see
/media/vcabeliNFS2/safia/0_combined/low_ld.hh ); many commands treat these as
missing.
Total genotyping rate is 0.99874.
250140 variants and 976 people pass filters and QC.
Among remaining phenotypes, 219 are cases and 757 are controls.
Writing logistic model association results to
/media/vcabeliNFS2/safia/0_combined/low_ld.assoc.logistic ... done.

End time: Thu Mar  1 12:59:28 2018
