PLINK v1.90b3.45 64-bit (13 Jan 2017)
Options in effect:
  --allow-extra-chr
  --bfile /home/vcabeli/Documents/analyses_current/GRIV_DESIR/GRIV_DESIR_NP
  --exclude /home/vcabeli/Documents/data/high-LD-regions_37.txt
  --indep-pairwise 50 5 0.2
  --out GRIV_DESIR_NP_low_ld_prune
  --range

Hostname: GBA-vcabeli
Working directory: /home/vcabeli/stage/GRIV/np
Start time: Thu Mar  8 14:20:39 2018

Note: --range flag deprecated.  Use e.g. '--extract range [filename]'.
Random number seed: 1520515239
15733 MB RAM detected; reserving 7866 MB for main workspace.
272115 variants loaded from .bim file.
959 people (478 males, 481 females) loaded from .fam.
959 phenotype values loaded from .fam.
--exclude range: 5357 variants excluded.
--exclude range: 266758 variants remaining.
Using 1 thread (no multithreaded calculations invoked).
Before main variant filters, 959 founders and 0 nonfounders present.
Calculating allele frequencies... done.
Total genotyping rate is 0.998858.
266758 variants and 959 people pass filters and QC.
Among remaining phenotypes, 266 are cases and 693 are controls.
Pruned 14207 variants from chromosome 1, leaving 6260.
Pruned 15562 variants from chromosome 2, leaving 6133.
Pruned 13472 variants from chromosome 3, leaving 5245.
Pruned 11737 variants from chromosome 4, leaving 4923.
Pruned 11735 variants from chromosome 5, leaving 4918.
Pruned 11942 variants from chromosome 6, leaving 4753.
Pruned 10067 variants from chromosome 7, leaving 4273.
Pruned 11245 variants from chromosome 8, leaving 4000.
Pruned 10209 variants from chromosome 9, leaving 3869.
Pruned 9651 variants from chromosome 10, leaving 4068.
Pruned 8873 variants from chromosome 11, leaving 3637.
Pruned 9223 variants from chromosome 12, leaving 3963.
Pruned 7062 variants from chromosome 13, leaving 3017.
Pruned 5966 variants from chromosome 14, leaving 2760.
Pruned 5468 variants from chromosome 15, leaving 2505.
Pruned 5271 variants from chromosome 16, leaving 2706.
Pruned 4722 variants from chromosome 17, leaving 2620.
Pruned 6561 variants from chromosome 18, leaving 2738.
Pruned 2956 variants from chromosome 19, leaving 2013.
Pruned 4508 variants from chromosome 20, leaving 2332.
Pruned 3416 variants from chromosome 21, leaving 1395.
Pruned 3288 variants from chromosome 22, leaving 1489.
Pruning complete.  187141 of 266758 variants removed.
Marker lists written to GRIV_DESIR_NP_low_ld_prune.prune.in and
GRIV_DESIR_NP_low_ld_prune.prune.out .

End time: Thu Mar  8 14:20:40 2018
