PLINK v1.90b3.45 64-bit (13 Jan 2017)
Options in effect:
  --bfile /media/vcabeliNFS2/safia/50/training_set
  --covar /media/vcabeliNFS2/safia/50/low_ld_pruned.cov
  --covar-name PC1-PC50
  --logistic sex beta hide-covar
  --out /media/vcabeliNFS2/safia/50/low_ld
  --threads 8

Hostname: bioinfoclust04.cnam.fr
Working directory: /home/vcabeli
Start time: Sat Feb 24 07:18:50 2018

Random number seed: 1519453130
48291 MB RAM detected; reserving 24145 MB for main workspace.
250140 variants loaded from .bim file.
976 people (421 males, 555 females) loaded from .fam.
976 phenotype values loaded from .fam.
Using 1 thread (no multithreaded calculations invoked).
--covar: 50 covariates loaded.
Before main variant filters, 976 founders and 0 nonfounders present.
Calculating allele frequencies... done.
Warning: 122 het. haploid genotypes present (see
/media/vcabeliNFS2/safia/50/low_ld.hh ); many commands treat these as missing.
Total genotyping rate is 0.998646.
250140 variants and 976 people pass filters and QC.
Among remaining phenotypes, 218 are cases and 758 are controls.
Writing logistic model association results to
/media/vcabeliNFS2/safia/50/low_ld.assoc.logistic ... done.

End time: Sat Feb 24 07:29:22 2018
