PLINK v1.90b3.45 64-bit (13 Jan 2017)
Options in effect:
  --bfile /media/vcabeliNFS2/safia/2_ldscore/training_set
  --cm-map /media/vcabeliNFS2/safia/1000GP_Phase3/genetic_map_@_combined_b37.txt
  --make-bed
  --out /media/vcabeliNFS2/safia/2_ldscore/training_CM

Hostname: bioinfoclust08.cnam.fr
Working directory: /home/vcabeli
Start time: Mon Mar  5 16:55:09 2018

Random number seed: 1520265309
24099 MB RAM detected; reserving 12049 MB for main workspace.
250140 variants loaded from .bim file.
976 people (432 males, 544 females) loaded from .fam.
976 phenotype values loaded from .fam.
--cm-map: 22 chromosomes updated.
Using 1 thread (no multithreaded calculations invoked).
Before main variant filters, 976 founders and 0 nonfounders present.
Calculating allele frequencies... done.
Warning: 110 het. haploid genotypes present (see
/media/vcabeliNFS2/safia/2_ldscore/training_CM.hh ); many commands treat these
as missing.
Total genotyping rate is 0.998808.
250140 variants and 976 people pass filters and QC.
Among remaining phenotypes, 218 are cases and 758 are controls.
--make-bed to /media/vcabeliNFS2/safia/2_ldscore/training_CM.bed +
/media/vcabeliNFS2/safia/2_ldscore/training_CM.bim +
/media/vcabeliNFS2/safia/2_ldscore/training_CM.fam ... done.

End time: Mon Mar  5 16:55:11 2018
