PLINK v1.90b3.45 64-bit (13 Jan 2017)
Options in effect:
  --bfile /media/vcabeliNFS2/safia/2_iscore/training_set
  --covar /media/vcabeliNFS2/safia/2_iscore/low_ld_pruned.cov
  --covar-name PC1-PC2
  --logistic sex beta hide-covar
  --out /media/vcabeliNFS2/safia/2_iscore/low_ld
  --threads 8

Hostname: bioinfoclust08.cnam.fr
Working directory: /home/vcabeli
Start time: Fri Mar  2 21:25:10 2018

Random number seed: 1520022310
24099 MB RAM detected; reserving 12049 MB for main workspace.
250140 variants loaded from .bim file.
976 people (427 males, 549 females) loaded from .fam.
976 phenotype values loaded from .fam.
Using 1 thread (no multithreaded calculations invoked).
--covar: 2 covariates loaded.
Before main variant filters, 976 founders and 0 nonfounders present.
Calculating allele frequencies... done.
Warning: 99 het. haploid genotypes present (see
/media/vcabeliNFS2/safia/2_iscore/low_ld.hh ); many commands treat these as
missing.
Total genotyping rate is 0.998732.
250140 variants and 976 people pass filters and QC.
Among remaining phenotypes, 208 are cases and 768 are controls.
Writing logistic model association results to
/media/vcabeliNFS2/safia/2_iscore/low_ld.assoc.logistic ... done.

End time: Fri Mar  2 21:25:26 2018
