PLINK v1.90b3.45 64-bit (13 Jan 2017)
Options in effect:
  --bfile /media/vcabeliNFS2/safia/5_iscore/training_set
  --covar /media/vcabeliNFS2/safia/5_iscore/low_ld_pruned.cov
  --covar-name PC1-PC5
  --logistic sex beta hide-covar
  --out /media/vcabeliNFS2/safia/5_iscore/low_ld
  --threads 8

Hostname: bioinfoclust07.cnam.fr
Working directory: /home/vcabeli
Start time: Thu Mar  1 20:34:06 2018

Random number seed: 1519932846
24099 MB RAM detected; reserving 12049 MB for main workspace.
250140 variants loaded from .bim file.
976 people (419 males, 557 females) loaded from .fam.
976 phenotype values loaded from .fam.
Using 1 thread (no multithreaded calculations invoked).
--covar: 5 covariates loaded.
Before main variant filters, 976 founders and 0 nonfounders present.
Calculating allele frequencies... done.
Warning: 95 het. haploid genotypes present (see
/media/vcabeliNFS2/safia/5_iscore/low_ld.hh ); many commands treat these as
missing.
Total genotyping rate is 0.998699.
250140 variants and 976 people pass filters and QC.
Among remaining phenotypes, 216 are cases and 760 are controls.
Writing logistic model association results to
/media/vcabeliNFS2/safia/5_iscore/low_ld.assoc.logistic ... done.

End time: Thu Mar  1 20:34:29 2018
