PLINK v1.90b3.45 64-bit (13 Jan 2017)
Options in effect:
  --bfile /media/vcabeliNFS2/safia/0_beta/training_set
  --clump /media/vcabeliNFS2/safia/0_beta/low_ld.assoc.logistic
  --clump-kb 500
  --clump-p1 1
  --clump-p2 1
  --clump-r2 0.2
  --out /media/vcabeliNFS2/safia/0_beta/low_ld_clump
  --threads 8

Hostname: bioinfoclust13.cnam.fr
Working directory: /home/vcabeli
Start time: Mon Mar  5 19:51:43 2018

Random number seed: 1520275903
24100 MB RAM detected; reserving 12050 MB for main workspace.
250140 variants loaded from .bim file.
976 people (398 males, 578 females) loaded from .fam.
976 phenotype values loaded from .fam.
Using 1 thread (no multithreaded calculations invoked).
Before main variant filters, 976 founders and 0 nonfounders present.
Calculating allele frequencies... done.
Warning: 99 het. haploid genotypes present (see
/media/vcabeliNFS2/safia/0_beta/low_ld_clump.hh ); many commands treat these as
missing.
Total genotyping rate is 0.998738.
250140 variants and 976 people pass filters and QC.
Among remaining phenotypes, 208 are cases and 768 are controls.
--clump: 95017 clumps formed from 250140 top variants.
Results written to /media/vcabeliNFS2/safia/0_beta/low_ld_clump.clumped .

End time: Mon Mar  5 19:51:54 2018
