PLINK v1.90b3.45 64-bit (13 Jan 2017)
Options in effect:
  --bfile /media/vcabeliNFS2/safia/0_beta/training_set
  --logistic sex beta hide-covar
  --out /media/vcabeliNFS2/safia/0_beta/low_ld
  --threads 8

Hostname: bioinfoclust13.cnam.fr
Working directory: /home/vcabeli
Start time: Mon Mar  5 19:51:33 2018

Random number seed: 1520275893
24100 MB RAM detected; reserving 12050 MB for main workspace.
250140 variants loaded from .bim file.
976 people (398 males, 578 females) loaded from .fam.
976 phenotype values loaded from .fam.
Using 1 thread (no multithreaded calculations invoked).
Before main variant filters, 976 founders and 0 nonfounders present.
Calculating allele frequencies... done.
Warning: 99 het. haploid genotypes present (see
/media/vcabeliNFS2/safia/0_beta/low_ld.hh ); many commands treat these as
missing.
Total genotyping rate is 0.998738.
250140 variants and 976 people pass filters and QC.
Among remaining phenotypes, 208 are cases and 768 are controls.
Writing logistic model association results to
/media/vcabeliNFS2/safia/0_beta/low_ld.assoc.logistic ... done.

End time: Mon Mar  5 19:51:43 2018
