PLINK v1.90b3.45 64-bit (13 Jan 2017)
Options in effect:
  --bfile /media/vcabeliNFS2/safia/2/training_set
  --clump /media/vcabeliNFS2/safia/2/low_ld.assoc.logistic
  --clump-kb 500
  --clump-p1 1
  --clump-p2 1
  --clump-r2 0.2
  --out /media/vcabeliNFS2/safia/2/low_ld_clump
  --threads 8

Hostname: bioinfoclust12.cnam.fr
Working directory: /home/vcabeli
Start time: Fri Feb 23 14:05:25 2018

Random number seed: 1519391125
24099 MB RAM detected; reserving 12049 MB for main workspace.
250140 variants loaded from .bim file.
976 people (411 males, 565 females) loaded from .fam.
976 phenotype values loaded from .fam.
Using 1 thread (no multithreaded calculations invoked).
Before main variant filters, 976 founders and 0 nonfounders present.
Calculating allele frequencies... done.
Warning: 68 het. haploid genotypes present (see
/media/vcabeliNFS2/safia/2/low_ld_clump.hh ); many commands treat these as
missing.
Total genotyping rate is 0.998689.
250140 variants and 976 people pass filters and QC.
Among remaining phenotypes, 228 are cases and 748 are controls.
--clump: 95144 clumps formed from 250140 top variants.
Results written to /media/vcabeliNFS2/safia/2/low_ld_clump.clumped .

End time: Fri Feb 23 14:05:34 2018
