PLINK v1.90b3.45 64-bit (13 Jan 2017)
Options in effect:
  --bfile training_set
  --clump low_ld.assoc.logistic
  --clump-kb 500
  --clump-p1 1
  --clump-p2 1
  --clump-r2 0.2
  --out low_ld_clump

Hostname: GBA-vcabeli
Working directory: /home/vcabeli/stage/curve_analysis/multi_PC/script
Start time: Wed Feb 14 18:52:15 2018

Random number seed: 1518630735
15733 MB RAM detected; reserving 7866 MB for main workspace.
250140 variants loaded from .bim file.
976 people (431 males, 545 females) loaded from .fam.
976 phenotype values loaded from .fam.
Using 1 thread (no multithreaded calculations invoked).
Before main variant filters, 976 founders and 0 nonfounders present.
Calculating allele frequencies... done.
Warning: 133 het. haploid genotypes present (see low_ld_clump.hh ); many
commands treat these as missing.
Total genotyping rate is 0.998695.
250140 variants and 976 people pass filters and QC.
Among remaining phenotypes, 218 are cases and 758 are controls.
--clump: 94955 clumps formed from 250140 top variants.
Results written to low_ld_clump.clumped .

End time: Wed Feb 14 18:52:20 2018
