parameter file: low_ld_pruned.pca.par
### THE INPUT PARAMETERS
##PARAMETER NAME: VALUE
genotypename: low_ld_pruned.bed
snpname: low_ld_pruned.bim
indivname: low_ld_pruned.fam
evecoutname: low_ld_pruned.pca.evec
evaloutname: low_ld_pruned.eval
altnormstyle: NO
numoutevec: 2
numoutlieriter: 0
numoutlierevec: 2
outliersigmathresh: 6
qtmode: 0
## smartpca version: 13050
norm used

genetic distance set from physical distance
genotype file processed
number of samples used: 976 number of snps used: 9779
Using 8 threads, and partial sum lookup algorithm.
total number of snps killed in pass: 0  used: 9779

## Tracy-Widom statistics: rows: 976  cols: 9779
  #N    eigenvalue  difference    twstat      p-value effect. n
   1      1.806589          NA    10.832  3.70168e-12  9250.592
   2      1.752605   -0.053984     0.224     0.130967  9275.022
   3      1.745651   -0.006954    -0.679     0.323141  9293.274
   4      1.740014   -0.005636    -1.316     0.515101  9311.072
   5      1.731999   -0.008016    -2.461      0.84049  9328.564
   6      1.723882   -0.008117    -3.641     0.981234  9345.463
   7      1.720855   -0.003027    -3.762     0.985969  9361.750
   8      1.712526   -0.008329    -5.005     0.999727  9378.018
   9      1.707267   -0.005259    -5.612     0.999981  9393.638
  10      1.701902   -0.005365    -6.249     0.999999  9408.964
  11      1.696909   -0.004994    -6.814            1  9423.979
  12      1.695441   -0.001468    -6.636            1  9438.723
  13      1.690141   -0.005300    -7.274            1  9453.605
  14      1.685742   -0.004399    -7.727            1  9468.173
  15      1.684502   -0.001240    -7.509            1  9482.530
  16      1.677608   -0.006894    -8.501            1  9497.045
  17      1.677052   -0.000556    -8.144            1  9511.048
  18      1.673718   -0.003334    -8.381            1  9525.286
  19      1.665841   -0.007877    -9.599            1  9539.430
  20      1.663262   -0.002579    -9.688            1  9552.933
  21      1.659662   -0.003600    -9.998            1  9566.421
  22      1.657724   -0.001938    -9.953            1  9579.770
  23      1.654835   -0.002889   -10.114            1  9593.179
  24      1.651639   -0.003196   -10.344            1  9606.531
  25      1.650773   -0.000866   -10.070            1  9619.788
  26      1.646770   -0.004003   -10.478            1  9633.231
  27      1.642385   -0.004385   -10.973            1  9646.480
  28      1.638203   -0.004182   -11.429            1  9659.484
  29      1.633484   -0.004719   -12.008            1  9672.264
  30      1.632071   -0.001413   -11.869            1  9684.751
  31      1.629435   -0.002636   -11.997            1  9697.346
  32      1.625300   -0.004135   -12.457            1  9709.899
  33      1.622614   -0.002686   -12.603            1  9722.224
  34      1.620954   -0.001660   -12.524            1  9734.496
  35      1.619074   -0.001880   -12.494            1  9746.840
  36      1.617533   -0.001541   -12.389            1  9759.231
  37      1.614576   -0.002957   -12.597            1  9771.710
  38      1.612132   -0.002444   -12.694            1  9784.100
  39      1.606972   -0.005161   -13.397            1  9796.463
  40      1.603845   -0.003126   -13.653            1  9808.457
  41      1.602405   -0.001440   -13.537            1  9820.333
  42      1.601672   -0.000734   -13.263            1  9832.301
  43      1.599149   -0.002523   -13.386            1  9844.452
  44      1.595778   -0.003371   -13.702            1  9856.561
  45      1.592668   -0.003110   -13.962            1  9868.517
  46      1.590751   -0.001917   -13.958            1  9880.350
  47      1.587111   -0.003640   -14.341            1  9892.213
  48      1.585801   -0.001310   -14.204            1  9903.882
  49      1.584593   -0.001208   -14.043            1  9915.655
  50      1.582003   -0.002590   -14.193            1  9927.548
  51      1.579790   -0.002212   -14.260            1  9939.380
  52      1.579378   -0.000413   -13.920            1  9951.199
  53      1.575061   -0.004317   -14.463            1  9963.243
  54      1.571992   -0.003069   -14.729            1  9974.996
  55      1.570151   -0.001840   -14.718            1  9986.621
  56      1.567831   -0.002321   -14.817            1  9998.278
  57      1.565353   -0.002478   -14.953            1 10009.902
  58      1.563291   -0.002061   -14.995            1 10021.472
  59      1.559241   -0.004050   -15.494            1 10033.041
  60      1.557182   -0.002059   -15.542            1 10044.343
  61      1.555313   -0.001869   -15.547            1 10055.642
  62      1.552484   -0.002829   -15.773            1 10066.961
  63      1.550638   -0.001846   -15.775            1 10078.170
  64      1.549323   -0.001315   -15.656            1 10089.402
  65      1.545238   -0.004085   -16.175            1 10100.728
  66      1.540756   -0.004482   -16.791            1 10111.770
  67      1.538911   -0.001845   -16.803            1 10122.471
  68      1.537477   -0.001434   -16.721            1 10133.186
  69      1.535983   -0.001494   -16.652            1 10143.971
  70      1.532878   -0.003105   -16.957            1 10154.819
  71      1.530309   -0.002569   -17.141            1 10165.507
  72      1.529188   -0.001120   -16.989            1 10176.107
  73      1.526369   -0.002819   -17.233            1 10186.818
  74      1.523048   -0.003321   -17.597            1 10197.404
  75      1.519397   -0.003651   -18.042            1 10207.794
  76      1.519125   -0.000272   -17.699            1 10217.939
  77      1.516413   -0.002712   -17.926            1 10228.307
  78      1.514554   -0.001859   -17.956            1 10238.559
  79      1.512468   -0.002086   -18.039            1 10248.812
  80      1.510306   -0.002162   -18.142            1 10259.035
  81      1.510050   -0.000257   -17.796            1 10269.214
  82      1.503633   -0.006416   -18.903            1 10279.622
  83      1.502955   -0.000678   -18.663            1 10289.381
  84      1.500742   -0.002213   -18.785            1 10299.302
  85      1.498224   -0.002518   -18.980            1 10309.167
  86      1.497978   -0.000246   -18.638            1 10318.931
  87      1.496183   -0.001795   -18.663            1 10328.921
  88      1.492913   -0.003270   -19.038            1 10338.914
  89      1.492756   -0.000158   -18.676            1 10348.695
  90      1.491387   -0.001368   -18.600            1 10358.716
  91      1.488217   -0.003170   -18.954            1 10368.801
  92      1.486424   -0.001794   -18.983            1 10378.687
  93      1.485718   -0.000705   -18.751            1 10388.573
  94      1.482781   -0.002937   -19.053            1 10398.620
  95      1.480150   -0.002632   -19.285            1 10408.497
  96      1.478547   -0.001603   -19.272            1 10418.249
  97      1.476291   -0.002256   -19.416            1 10428.025
  98      1.473471   -0.002820   -19.699            1 10437.729
  99      1.471790   -0.001681   -19.709            1 10447.274
 100      1.471522   -0.000268   -19.378            1 10456.829
 101      1.468460   -0.003062   -19.721            1 10466.607
 102      1.466583   -0.001877   -19.780            1 10476.187
 103      1.466124   -0.000460   -19.496            1 10485.747
 104      1.462996   -0.003128   -19.859            1 10495.500
 105      1.461641   -0.001355   -19.793            1 10505.043
 106      1.457223   -0.004417   -20.473            1 10514.642
 107      1.456504   -0.000719   -20.258            1 10523.829
 108      1.455309   -0.001195   -20.158            1 10533.166
 109      1.454374   -0.000935   -19.994            1 10542.582
 110      1.451939   -0.002435   -20.196            1 10552.117
 111      1.449844   -0.002095   -20.316            1 10561.540
 112      1.448493   -0.001351   -20.256            1 10570.901
 113      1.446398   -0.002095   -20.378            1 10580.316
 114      1.444683   -0.001715   -20.408            1 10589.668
 115      1.442225   -0.002457   -20.622            1 10599.016
 116      1.441000   -0.001225   -20.534            1 10608.242
 117      1.438834   -0.002166   -20.678            1 10617.539
 118      1.438128   -0.000706   -20.463            1 10626.757
 119      1.436187   -0.001941   -20.552            1 10636.129
 120      1.434379   -0.001808   -20.609            1 10645.459
 121      1.432338   -0.002041   -20.725            1 10654.766
 122      1.430619   -0.001719   -20.763            1 10664.012
 123      1.428319   -0.002300   -20.945            1 10673.248
 124      1.426870   -0.001449   -20.918            1 10682.380
 125      1.426185   -0.000685   -20.701            1 10691.543
 126      1.423444   -0.002741   -20.994            1 10700.863
 127      1.420295   -0.003149   -21.393            1 10710.005
 128      1.418498   -0.001797   -21.457            1 10718.898
 129      1.418142   -0.000356   -21.162            1 10727.762
 130      1.417203   -0.000939   -21.011            1 10736.833
 131      1.413576   -0.003627   -21.533            1 10746.019
 132      1.412518   -0.001058   -21.415            1 10754.872
 133      1.411760   -0.000759   -21.221            1 10763.816
 134      1.409221   -0.002538   -21.474            1 10772.902
 135      1.408182   -0.001040   -21.351            1 10781.834
 136      1.407545   -0.000637   -21.127            1 10790.860
 137      1.405380   -0.002164   -21.287            1 10800.049
 138      1.404310   -0.001071   -21.172            1 10809.146
 139      1.401092   -0.003217   -21.599            1 10818.333
 140      1.399854   -0.001239   -21.529            1 10827.245
 141      1.398272   -0.001582   -21.547            1 10836.217
 142      1.395975   -0.002297   -21.746            1 10845.191
 143      1.393688   -0.002287   -21.945            1 10854.042
 144      1.392080   -0.001608   -21.973            1 10862.771
 145      1.391056   -0.001024   -21.853            1 10871.492
 146      1.390413   -0.000643   -21.635            1 10880.307
 147      1.388393   -0.002020   -21.767            1 10889.283
 148      1.386548   -0.001845   -21.856            1 10898.181
 149      1.385826   -0.000722   -21.659            1 10907.031
 150      1.383465   -0.002361   -21.881            1 10916.028
 151      1.381967   -0.001498   -21.883            1 10924.886
 152      1.380575   -0.001392   -21.859            1 10933.753
 153      1.379435   -0.001139   -21.770            1 10942.650
 154      1.377338   -0.002097   -21.927            1 10951.621
 155      1.376700   -0.000639   -21.710            1 10960.495
 156      1.376502   -0.000198   -21.377            1 10969.533
 157      1.373126   -0.003376   -21.863            1 10978.817
 158      1.372495   -0.000631   -21.644            1 10987.772
 159      1.371260   -0.001235   -21.580            1 10996.894
 160      1.370021   -0.001239   -21.517            1 11006.075
 161      1.368377   -0.001645   -21.559            1 11015.313
 162      1.366123   -0.002254   -21.760            1 11024.535
 163      1.365033   -0.001089   -21.660            1 11033.627
 164      1.363399   -0.001634   -21.701            1 11042.802
 165      1.362257   -0.001142   -21.615            1 11051.961
 166      1.359336   -0.002921   -21.993            1 11061.195
 167      1.358710   -0.000626   -21.775            1 11070.170
 168      1.357289   -0.001421   -21.763            1 11079.314
 169      1.355831   -0.001458   -21.761            1 11088.479
 170      1.353820   -0.002010   -21.905            1 11097.658
 171      1.352573   -0.001248   -21.850            1 11106.745
 172      1.350257   -0.002315   -22.075            1 11115.885
 173      1.347746   -0.002511   -22.355            1 11124.873
 174      1.347116   -0.000630   -22.141            1 11133.669
 175      1.344582   -0.002533   -22.428            1 11142.632
 176      1.343702   -0.000880   -22.282            1 11151.398
 177      1.341565   -0.002137   -22.466            1 11160.281
 178      1.340158   -0.001408   -22.460            1 11169.040
 179      1.338945   -0.001212   -22.402            1 11177.815
 180      1.338393   -0.000553   -22.170            1 11186.643
 181      1.335758   -0.002635   -22.488            1 11195.655
 182      1.333412   -0.002346   -22.733            1 11204.442
 183      1.331624   -0.001788   -22.831            1 11213.058
 184      1.330806   -0.000818   -22.673            1 11221.612
 185      1.329689   -0.001117   -22.593            1 11230.293
 186      1.327370   -0.002319   -22.834            1 11239.044
 187      1.326171   -0.001200   -22.778            1 11247.625
 188      1.324227   -0.001944   -22.922            1 11256.258
 189      1.323394   -0.000832   -22.769            1 11264.794
 190      1.323010   -0.000384   -22.495            1 11273.454
 191      1.320460   -0.002550   -22.800            1 11282.332
 192      1.319440   -0.001020   -22.698            1 11290.989
 193      1.317502   -0.001938   -22.841            1 11299.734
 194      1.316293   -0.001208   -22.790            1 11308.380
 195      1.315262   -0.001032   -22.691            1 11317.074
 196      1.314067   -0.001195   -22.636            1 11325.855
 197      1.312160   -0.001907   -22.773            1 11334.688
 198      1.311207   -0.000953   -22.654            1 11343.426
 199      1.309147   -0.002060   -22.833            1 11352.266
 200      1.307924   -0.001222   -22.788            1 11360.978
 201      1.307009   -0.000915   -22.659            1 11369.735
 202      1.303863   -0.003146   -23.135            1 11378.602
 203      1.303728   -0.000135   -22.797            1 11387.109
 204      1.301480   -0.002248   -23.032            1 11395.889
 205      1.300749   -0.000731   -22.856            1 11404.495
 206      1.299532   -0.001216   -22.811            1 11413.248
 207      1.297527   -0.002006   -22.981            1 11422.046
 208      1.294693   -0.002833   -23.380            1 11430.720
 209      1.293989   -0.000705   -23.199            1 11439.090
 210      1.291732   -0.002257   -23.443            1 11447.610
 211      1.291523   -0.000209   -23.128            1 11455.947
 212      1.290486   -0.001037   -23.038            1 11464.541
 213      1.289780   -0.000706   -22.856            1 11473.216
 214      1.286999   -0.002781   -23.244            1 11482.045
 215      1.285131   -0.001868   -23.384            1 11490.574
 216      1.284515   -0.000616   -23.181            1 11498.999
 217      1.282054   -0.002460   -23.485            1 11507.595
 218      1.280552   -0.001502   -23.528            1 11515.956
 219      1.278322   -0.002231   -23.772            1 11524.290
 220      1.277755   -0.000566   -23.558            1 11532.435
 221      1.277043   -0.000712   -23.384            1 11540.759
 222      1.276205   -0.000838   -23.243            1 11549.233
 223      1.274208   -0.001997   -23.423            1 11557.830
 224      1.274070   -0.000137   -23.088            1 11566.287
 225      1.272572   -0.001498   -23.129            1 11575.028
 226      1.269462   -0.003110   -23.620            1 11583.743
 227      1.267198   -0.002265   -23.880            1 11592.063
 228      1.266034   -0.001164   -23.835            1 11600.177
 229      1.264920   -0.001114   -23.776            1 11608.335
 230      1.264113   -0.000807   -23.632            1 11616.549
 231      1.262835   -0.001277   -23.618            1 11624.888
 232      1.262029   -0.000806   -23.472            1 11633.247
 233      1.260904   -0.001125   -23.414            1 11641.734
 234      1.259972   -0.000932   -23.303            1 11650.277
 235      1.258459   -0.001513   -23.354            1 11658.922
 236      1.256998   -0.001461   -23.391            1 11667.531
 237      1.254605   -0.002393   -23.692            1 11676.118
 238      1.253926   -0.000679   -23.512            1 11684.458
 239      1.253157   -0.000769   -23.356            1 11692.957
 240      1.251257   -0.001900   -23.519            1 11701.596
 241      1.249396   -0.001861   -23.673            1 11710.104
 242      1.248816   -0.000580   -23.465            1 11718.489
 243      1.248553   -0.000263   -23.166            1 11727.057
 244      1.245545   -0.003008   -23.645            1 11735.890
 245      1.244675   -0.000870   -23.520            1 11744.319
 246      1.242666   -0.002009   -23.718            1 11752.863
 247      1.242148   -0.000518   -23.494            1 11761.243
 248      1.241152   -0.000996   -23.405            1 11769.823
 249      1.238534   -0.002618   -23.778            1 11778.488
 250      1.237601   -0.000933   -23.673            1 11786.836
 251      1.236787   -0.000814   -23.534            1 11795.282
 252      1.235703   -0.001084   -23.471            1 11803.856
 253      1.233244   -0.002459   -23.802            1 11812.492
 254      1.231981   -0.001263   -23.793            1 11820.845
 255      1.230654   -0.001326   -23.803            1 11829.211
 256      1.229327   -0.001328   -23.813            1 11837.575
 257      1.228244   -0.001083   -23.754            1 11845.936
 258      1.226322   -0.001922   -23.936            1 11854.355
 259      1.225502   -0.000820   -23.802            1 11862.619
 260      1.224141   -0.001361   -23.823            1 11871.008
 261      1.223046   -0.001095   -23.769            1 11879.384
 262      1.221644   -0.001401   -23.802            1 11887.814
 263      1.220710   -0.000935   -23.702            1 11896.220
 264      1.220225   -0.000485   -23.470            1 11904.723
 265      1.218642   -0.001583   -23.555            1 11913.442
 266      1.216550   -0.002092   -23.789            1 11922.089
 267      1.215749   -0.000802   -23.651            1 11930.531
 268      1.214483   -0.001266   -23.646            1 11939.105
 269      1.212637   -0.001846   -23.811            1 11947.689
 270      1.211815   -0.000823   -23.680            1 11956.127
 271      1.209702   -0.002113   -23.924            1 11964.693
 272      1.208311   -0.001391   -23.960            1 11973.039
 273      1.207733   -0.000578   -23.758            1 11981.358
 274      1.205722   -0.002012   -23.975            1 11989.868
 275      1.205122   -0.000599   -23.781            1 11998.183
 276      1.203588   -0.001535   -23.859            1 12006.683
 277      1.202475   -0.001113   -23.814            1 12015.115
 278      1.202031   -0.000444   -23.573            1 12023.594
 279      1.199409   -0.002622   -23.972            1 12032.305
 280      1.198760   -0.000648   -23.792            1 12040.647
 281      1.197256   -0.001504   -23.864            1 12049.163
 282      1.197122   -0.000134   -23.532            1 12057.617
 283      1.195450   -0.001672   -23.652            1 12066.390
 284      1.193560   -0.001890   -23.838            1 12075.055
 285      1.192635   -0.000926   -23.740            1 12083.548
 286      1.191521   -0.001114   -23.698            1 12092.139
 287      1.189624   -0.001897   -23.888            1 12100.776
 288      1.188133   -0.001491   -23.960            1 12109.236
 289      1.186410   -0.001723   -24.101            1 12117.632
 290      1.185738   -0.000672   -23.932            1 12125.895
 291      1.185360   -0.000378   -23.673            1 12134.327
 292      1.182887   -0.002473   -24.037            1 12143.013
 293      1.182568   -0.000319   -23.762            1 12151.350
 294      1.182196   -0.000372   -23.501            1 12159.959
 295      1.180617   -0.001579   -23.599            1 12168.828
 296      1.178522   -0.002095   -23.852            1 12177.608
 297      1.177817   -0.000705   -23.692            1 12186.143
 298      1.177112   -0.000705   -23.530            1 12194.840
 299      1.174994   -0.002118   -23.792            1 12203.703
 300      1.174586   -0.000409   -23.542            1 12212.311
 301      1.171452   -0.003133   -24.111            1 12221.171
 302      1.170280   -0.001173   -24.095            1 12229.470
 303      1.169478   -0.000801   -23.966            1 12237.790
 304      1.168379   -0.001099   -23.927            1 12246.240
 305      1.166879   -0.001500   -24.009            1 12254.733
 306      1.166117   -0.000762   -23.868            1 12263.148
 307      1.163121   -0.002995   -24.404            1 12271.707
 308      1.162092   -0.001029   -24.348            1 12279.730
 309      1.161866   -0.000227   -24.048            1 12287.811
 310      1.161014   -0.000851   -23.936            1 12296.198
 311      1.159621   -0.001393   -23.988            1 12304.701
 312      1.159515   -0.000106   -23.649            1 12313.155
 313      1.158255   -0.001260   -23.659            1 12321.959
 314      1.157048   -0.001207   -23.653            1 12330.757
 315      1.156766   -0.000282   -23.365            1 12339.566
 316      1.155457   -0.001310   -23.389            1 12348.677
 317      1.153057   -0.002399   -23.748            1 12357.768
 318      1.152762   -0.000295   -23.465            1 12366.490
 319      1.151138   -0.001625   -23.587            1 12375.512
 320      1.149400   -0.001738   -23.746            1 12384.410
 321      1.148701   -0.000699   -23.587            1 12393.145
 322      1.147043   -0.001658   -23.723            1 12402.051
 323      1.145659   -0.001385   -23.775            1 12410.818
 324      1.145036   -0.000623   -23.594            1 12419.532
 325      1.144069   -0.000967   -23.517            1 12428.442
 326      1.143879   -0.000190   -23.201            1 12437.437
 327      1.141985   -0.001894   -23.408            1 12446.776
 328      1.141659   -0.000325   -23.133            1 12455.897
 329      1.139688   -0.001971   -23.365            1 12465.319
 330      1.136741   -0.002947   -23.902            1 12474.495
 331      1.136379   -0.000362   -23.643            1 12483.095
 332      1.134805   -0.001574   -23.757            1 12491.978
 333      1.133056   -0.001749   -23.927            1 12500.740
 334      1.132383   -0.000673   -23.765            1 12509.319
 335      1.130939   -0.001444   -23.841            1 12518.078
 336      1.130391   -0.000548   -23.639            1 12526.754
 337      1.130238   -0.000153   -23.312            1 12535.655
 338      1.128521   -0.001718   -23.472            1 12544.920
 339      1.127386   -0.001134   -23.451            1 12554.011
 340      1.126675   -0.000711   -23.297            1 12563.130
 341      1.124594   -0.002081   -23.572            1 12572.423
 342      1.123840   -0.000754   -23.434            1 12581.412
 343      1.121429   -0.002411   -23.815            1 12590.559
 344      1.120940   -0.000489   -23.596            1 12599.282
 345      1.119194   -0.001746   -23.770            1 12608.253
 346      1.117834   -0.001360   -23.825            1 12617.029
 347      1.117138   -0.000695   -23.671            1 12625.745
 348      1.115386   -0.001752   -23.850            1 12634.637
 349      1.114760   -0.000626   -23.675            1 12643.327
 350      1.113746   -0.001014   -23.621            1 12652.218
 351      1.111189   -0.002557   -24.056            1 12661.172
 352      1.110585   -0.000604   -23.876            1 12669.630
 353      1.110328   -0.000258   -23.584            1 12678.294
 354      1.109547   -0.000780   -23.457            1 12687.295
 355      1.107875   -0.001672   -23.612            1 12696.444
 356      1.106842   -0.001033   -23.566            1 12705.416
 357      1.104326   -0.002516   -23.992            1 12714.443
 358      1.102873   -0.001453   -24.083            1 12722.975
 359      1.102089   -0.000783   -23.962            1 12731.400
 360      1.101556   -0.000533   -23.760            1 12739.966
 361      1.100433   -0.001123   -23.745            1 12748.769
 362      1.099499   -0.000934   -23.670            1 12757.589
 363      1.098234   -0.001265   -23.700            1 12766.499
 364      1.096957   -0.001277   -23.735            1 12775.373
 365      1.096496   -0.000462   -23.509            1 12784.205
 366      1.094382   -0.002114   -23.812            1 12793.308
 367      1.092169   -0.002213   -24.151            1 12802.049
 368      1.091465   -0.000703   -24.006            1 12810.383
 369      1.090544   -0.000921   -23.931            1 12818.889
 370      1.088824   -0.001720   -24.113            1 12827.484
 371      1.088096   -0.000728   -23.977            1 12835.858
 372      1.087108   -0.000988   -23.924            1 12844.393
 373      1.085510   -0.001598   -24.068            1 12852.992
 374      1.085243   -0.000267   -23.783            1 12861.413
 375      1.084221   -0.001022   -23.740            1 12870.180
 376      1.082597   -0.001625   -23.893            1 12878.999
 377      1.082176   -0.000421   -23.656            1 12887.628
 378      1.080606   -0.001570   -23.792            1 12896.548
 379      1.079358   -0.001247   -23.824            1 12905.299
 380      1.077577   -0.001782   -24.030            1 12914.009
 381      1.076520   -0.001057   -24.003            1 12922.459
 382      1.076004   -0.000516   -23.799            1 12930.941
 383      1.075111   -0.000893   -23.716            1 12939.675
 384      1.073990   -0.001121   -23.708            1 12948.510
 385      1.072480   -0.001510   -23.828            1 12957.354
 386      1.072121   -0.000359   -23.571            1 12966.044
 387      1.071320   -0.000802   -23.458            1 12975.058
 388      1.069530   -0.001789   -23.669            1 12984.214
 389      1.068321   -0.001209   -23.691            1 12993.100
 390      1.067381   -0.000940   -23.625            1 13001.956
 391      1.067310   -0.000071   -23.273            1 13010.893
 392      1.065616   -0.001693   -23.452            1 13020.284
 393      1.063862   -0.001755   -23.654            1 13029.441
 394      1.063653   -0.000209   -23.348            1 13038.334
 395      1.062343   -0.001310   -23.403            1 13047.623
 396      1.061591   -0.000752   -23.274            1 13056.840
 397      1.060176   -0.001415   -23.364            1 13066.225
 398      1.058203   -0.001973   -23.641            1 13075.489
 399      1.057646   -0.000557   -23.450            1 13084.387
 400      1.055443   -0.002203   -23.805            1 13093.534
 401      1.054651   -0.000792   -23.694            1 13102.208
 402      1.053548   -0.001103   -23.686            1 13111.025
 403      1.052420   -0.001128   -23.686            1 13119.848
 404      1.051862   -0.000558   -23.497            1 13128.666
 405      1.051245   -0.000617   -23.326            1 13137.735
 406      1.050238   -0.001007   -23.284            1 13147.031
 407      1.049849   -0.000389   -23.035            1 13156.382
 408      1.048642   -0.001207   -23.058            1 13166.069
 409      1.047502   -0.001140   -23.060            1 13175.723
 410      1.045058   -0.002444   -23.499            1 13185.374
 411      1.044435   -0.000622   -23.331            1 13194.420
 412      1.042953   -0.001483   -23.451            1 13203.692
 413      1.042475   -0.000477   -23.234            1 13212.795
 414      1.040989   -0.001486   -23.356            1 13222.195
 415      1.039898   -0.001092   -23.345            1 13231.423
 416      1.039098   -0.000800   -23.237            1 13240.661
 417      1.038130   -0.000968   -23.185            1 13250.048
 418      1.037656   -0.000473   -22.965            1 13259.504
 419      1.036291   -0.001366   -23.045            1 13269.267
 420      1.035340   -0.000950   -22.986            1 13278.913
 421      1.034332   -0.001008   -22.947            1 13288.641
 422      1.033099   -0.001233   -22.983            1 13298.423
 423      1.030849   -0.002250   -23.367            1 13308.150
 424      1.030457   -0.000392   -23.122            1 13317.324
 425      1.029564   -0.000893   -23.045            1 13326.845
 426      1.028387   -0.001177   -23.065            1 13336.473
 427      1.027819   -0.000569   -22.878            1 13346.067
 428      1.025830   -0.001989   -23.175            1 13355.931
 429      1.024570   -0.001261   -23.226            1 13365.358
 430      1.023835   -0.000735   -23.097            1 13374.705
 431      1.022480   -0.001354   -23.181            1 13384.235
 432      1.020761   -0.001720   -23.391            1 13393.638
 433      1.019913   -0.000847   -23.303            1 13402.726
 434      1.018985   -0.000928   -23.243            1 13411.936
 435      1.017648   -0.001337   -23.323            1 13421.229
 436      1.016728   -0.000920   -23.261            1 13430.396
 437      1.015232   -0.001496   -23.397            1 13439.648
 438      1.014597   -0.000635   -23.238            1 13448.690
 439      1.013326   -0.001270   -23.297            1 13457.963
 440      1.012945   -0.000381   -23.049            1 13467.140
 441      1.011940   -0.001005   -23.016            1 13476.683
 442      1.010860   -0.001079   -23.008            1 13486.272
 443      1.009918   -0.000943   -22.953            1 13495.866
 444      1.009050   -0.000868   -22.872            1 13505.539
 445      1.007966   -0.001084   -22.865            1 13515.330
 446      1.006994   -0.000971   -22.820            1 13525.125
 447      1.005222   -0.001773   -23.053            1 13534.985
 448      1.004199   -0.001023   -23.028            1 13544.476
 449      1.003428   -0.000771   -22.915            1 13553.999
 450      1.002477   -0.000951   -22.864            1 13563.691
 451      1.001019   -0.001458   -22.990            1 13573.455
 452      1.000580   -0.000439   -22.762            1 13583.014
 453      0.999990   -0.000590   -22.584            1 13592.927
 454      0.998529   -0.001461   -22.710            1 13603.115
 455      0.996982   -0.001547   -22.868            1 13613.096
 456      0.995670   -0.001312   -22.946            1 13622.817
 457      0.994705   -0.000965   -22.902            1 13632.407
 458      0.994283   -0.000422   -22.668            1 13642.058
 459      0.993302   -0.000981   -22.628            1 13652.079
 460      0.992188   -0.001114   -22.635            1 13662.157
 461      0.991772   -0.000416   -22.397            1 13672.216
 462      0.990159   -0.001613   -22.579            1 13682.659
 463      0.989242   -0.000917   -22.517            1 13692.797
 464      0.988464   -0.000778   -22.406            1 13703.029
 465      0.986476   -0.001988   -22.723            1 13713.438
 466      0.985275   -0.001201   -22.764            1 13723.315
 467      0.984925   -0.000349   -22.504            1 13733.115
 468      0.983572   -0.001354   -22.598            1 13743.339
 469      0.982772   -0.000800   -22.496            1 13753.398
 470      0.980839   -0.001933   -22.798            1 13763.619
 471      0.979755   -0.001084   -22.800            1 13773.323
 472      0.979189   -0.000567   -22.618            1 13783.013
 473      0.978122   -0.001067   -22.613            1 13793.001
 474      0.977494   -0.000628   -22.452            1 13802.987
 475      0.976055   -0.001439   -22.579            1 13813.239
 476      0.975641   -0.000414   -22.341            1 13823.262
 477      0.974476   -0.001166   -22.371            1 13833.686
 478      0.973936   -0.000539   -22.176            1 13844.051
 479      0.972647   -0.001289   -22.249            1 13854.745
 480      0.971449   -0.001198   -22.291            1 13865.304
 481      0.970770   -0.000679   -22.146            1 13875.781
 482      0.969181   -0.001589   -22.328            1 13886.504
 483      0.968397   -0.000785   -22.223            1 13896.896
 484      0.966299   -0.002097   -22.591            1 13907.466
 485      0.965585   -0.000714   -22.463            1 13917.373
 486      0.964402   -0.001183   -22.503            1 13927.496
 487      0.963974   -0.000429   -22.271            1 13937.534
 488      0.961984   -0.001990   -22.603            1 13947.976
 489      0.961299   -0.000685   -22.466            1 13957.809
 490      0.960610   -0.000689   -22.329            1 13967.877
 491      0.959656   -0.000953   -22.287            1 13978.180
 492      0.958663   -0.000993   -22.259            1 13988.548
 493      0.957273   -0.001390   -22.376            1 13998.955
 494      0.956327   -0.000945   -22.332            1 14009.135
 495      0.955419   -0.000908   -22.275            1 14019.382
 496      0.954780   -0.000639   -22.119            1 14029.721
 497      0.954055   -0.000725   -21.993            1 14040.337
 498      0.953416   -0.000639   -21.835            1 14051.176
 499      0.952008   -0.001408   -21.958            1 14062.301
 500      0.951783   -0.000225   -21.648            1 14073.185
 501      0.950554   -0.001229   -21.704            1 14084.645
 502      0.949308   -0.001246   -21.767            1 14095.990
 503      0.947943   -0.001365   -21.875            1 14107.204
 504      0.946828   -0.001115   -21.892            1 14118.202
 505      0.946379   -0.000450   -21.665            1 14129.154
 506      0.945864   -0.000515   -21.459            1 14140.533
 507      0.943828   -0.002036   -21.814            1 14152.302
 508      0.943285   -0.000543   -21.621            1 14163.370
 509      0.942152   -0.001133   -21.645            1 14174.803
 510      0.940833   -0.001320   -21.738            1 14186.178
 511      0.939760   -0.001072   -21.741            1 14197.359
 512      0.937949   -0.001812   -22.019            1 14208.520
 513      0.936796   -0.001153   -22.056            1 14219.118
 514      0.935882   -0.000913   -22.004            1 14229.628
 515      0.934551   -0.001331   -22.108            1 14240.224
 516      0.933987   -0.000564   -21.927            1 14250.597
 517      0.933472   -0.000516   -21.727            1 14261.314
 518      0.932566   -0.000905   -21.670            1 14272.420
 519      0.931932   -0.000634   -21.511            1 14283.626
 520      0.931299   -0.000634   -21.351            1 14295.140
 521      0.929307   -0.001992   -21.699            1 14306.970
 522      0.927554   -0.001754   -21.962            1 14318.073
 523      0.927355   -0.000199   -21.643            1 14328.620
 524      0.926635   -0.000720   -21.518            1 14339.805
 525      0.925211   -0.001424   -21.657            1 14351.235
 526      0.924255   -0.000956   -21.621            1 14362.359
 527      0.924085   -0.000170   -21.289            1 14373.542
 528      0.923330   -0.000755   -21.175            1 14385.408
 529      0.921329   -0.002000   -21.530            1 14397.503
 530      0.921292   -0.000037   -21.147            1 14408.829
 531      0.919814   -0.001478   -21.305            1 14420.957
 532      0.919101   -0.000714   -21.176            1 14432.732
 533      0.918423   -0.000678   -21.033            1 14444.769
 534      0.917687   -0.000736   -20.910            1 14457.103
 535      0.916811   -0.000876   -20.839            1 14469.691
 536      0.915325   -0.001486   -21.000            1 14482.423
 537      0.915015   -0.000310   -20.716            1 14494.788
 538      0.913202   -0.001813   -21.002            1 14507.769
 539      0.912375   -0.000827   -20.915            1 14520.104
 540      0.910541   -0.001834   -21.212            1 14532.618
 541      0.910112   -0.000430   -20.976            1 14544.455
 542      0.908460   -0.001652   -21.205            1 14556.804
 543      0.907457   -0.001003   -21.189            1 14568.620
 544      0.906796   -0.000661   -21.042            1 14580.455
 545      0.906330   -0.000466   -20.819            1 14592.604
 546      0.905575   -0.000756   -20.705            1 14605.244
 547      0.905026   -0.000549   -20.510            1 14618.132
 548      0.903638   -0.001388   -20.637            1 14631.454
 549      0.902465   -0.001173   -20.683            1 14644.470
 550      0.901668   -0.000797   -20.585            1 14657.365
 551      0.899867   -0.001800   -20.873            1 14670.475
 552      0.898923   -0.000944   -20.834            1 14682.893
 553      0.898554   -0.000369   -20.573            1 14695.385
 554      0.896802   -0.001751   -20.845            1 14708.476
 555      0.896172   -0.000630   -20.685            1 14720.906
 556      0.895322   -0.000850   -20.609            1 14733.698
 557      0.895148   -0.000174   -20.270            1 14746.654
 558      0.894485   -0.000664   -20.117            1 14760.411
 559      0.892107   -0.002377   -20.632            1 14774.526
 560      0.890730   -0.001377   -20.762            1 14787.376
 561      0.889087   -0.001643   -20.999            1 14799.889
 562      0.888887   -0.000199   -20.674            1 14811.804
 563      0.887972   -0.000916   -20.626            1 14824.490
 564      0.887561   -0.000411   -20.380            1 14837.273
 565      0.887009   -0.000552   -20.187            1 14850.646
 566      0.886612   -0.000397   -19.931            1 14864.484
 567      0.884227   -0.002384   -20.454            1 14878.951
 568      0.883302   -0.000925   -20.409            1 14892.084
 569      0.882659   -0.000643   -20.253            1 14905.311
 570      0.882080   -0.000579   -20.070            1 14918.914
 571      0.881013   -0.001067   -20.079            1 14932.965
 572      0.879443   -0.001569   -20.286            1 14946.979
 573      0.877458   -0.001986   -20.661            1 14960.441
 574      0.876835   -0.000623   -20.501            1 14972.915
 575      0.875703   -0.001132   -20.541            1 14985.776
 576      0.875309   -0.000394   -20.289            1 14998.507
 577      0.873550   -0.001759   -20.577            1 15011.870
 578      0.872882   -0.000668   -20.435            1 15024.454
 579      0.872365   -0.000517   -20.232            1 15037.384
 580      0.871169   -0.001196   -20.297            1 15050.827
 581      0.870252   -0.000917   -20.252            1 15064.073
 582      0.868908   -0.001344   -20.378            1 15077.414
 583      0.867964   -0.000944   -20.345            1 15090.392
 584      0.867368   -0.000596   -20.174            1 15103.431
 585      0.866145   -0.001223   -20.251            1 15116.907
 586      0.865233   -0.000912   -20.206            1 15130.145
 587      0.863866   -0.001367   -20.343            1 15143.480
 588      0.862800   -0.001066   -20.361            1 15156.410
 589      0.861875   -0.000924   -20.322            1 15169.261
 590      0.861816   -0.000059   -19.936            1 15182.186
 591      0.860070   -0.001746   -20.225            1 15196.160
 592      0.859448   -0.000622   -20.064            1 15209.296
 593      0.858791   -0.000657   -19.916            1 15222.855
 594      0.857266   -0.001525   -20.117            1 15236.805
 595      0.856564   -0.000702   -19.989            1 15250.153
 596      0.855439   -0.001125   -20.030            1 15263.838
 597      0.854955   -0.000484   -19.813            1 15277.373
 598      0.854905   -0.000050   -19.416            1 15291.506
 599      0.854244   -0.000661   -19.264            1 15306.768
 600      0.851469   -0.002776   -19.970            1 15322.457
 601      0.850892   -0.000577   -19.791            1 15336.044
 602      0.850373   -0.000519   -19.586            1 15350.127
 603      0.849501   -0.000872   -19.523            1 15364.789
 604      0.848747   -0.000754   -19.411            1 15379.612
 605      0.847216   -0.001531   -19.616            1 15394.743
 606      0.845887   -0.001329   -19.741            1 15409.229
 607      0.845656   -0.000231   -19.418            1 15423.304
 608      0.844360   -0.001296   -19.529            1 15438.329
 609      0.844274   -0.000087   -19.145            1 15452.987
 610      0.841953   -0.002320   -19.675            1 15468.799
 611      0.841569   -0.000385   -19.415            1 15482.945
 612      0.840517   -0.001051   -19.427            1 15497.862
 613      0.839472   -0.001045   -19.437            1 15512.710
 614      0.838719   -0.000753   -19.327            1 15527.493
 615      0.836962   -0.001757   -19.631            1 15542.590
 616      0.836534   -0.000428   -19.390            1 15556.692
 617      0.835650   -0.000884   -19.334            1 15571.523
 618      0.834807   -0.000844   -19.262            1 15586.496
 619      0.833430   -0.001377   -19.411            1 15601.668
 620      0.832096   -0.001333   -19.544            1 15616.324
 621      0.831711   -0.000385   -19.284            1 15630.511
 622      0.831126   -0.000585   -19.105            1 15645.504
 623      0.830648   -0.000478   -18.879            1 15661.050
 624      0.829209   -0.001438   -19.052            1 15677.310
 625      0.828653   -0.000556   -18.859            1 15692.964
 626      0.827708   -0.000945   -18.826            1 15709.231
 627      0.826581   -0.001128   -18.869            1 15725.578
 628      0.825591   -0.000989   -18.856            1 15741.744
 629      0.824587   -0.001004   -18.849            1 15757.922
 630      0.823457   -0.001130   -18.896            1 15774.088
 631      0.822430   -0.001027   -18.900            1 15790.059
 632      0.821163   -0.001267   -19.006            1 15805.977
 633      0.820134   -0.001029   -19.013            1 15821.490
 634      0.819765   -0.000369   -18.743            1 15836.936
 635      0.819048   -0.000717   -18.616            1 15853.290
 636      0.817970   -0.001078   -18.641            1 15870.055
 637      0.815865   -0.002105   -19.101            1 15886.697
 638      0.815576   -0.000289   -18.798            1 15901.659
 639      0.813804   -0.001772   -19.121            1 15917.656
 640      0.813265   -0.000539   -18.925            1 15932.448
 641      0.812371   -0.000894   -18.878            1 15947.898
 642      0.811114   -0.001257   -18.985            1 15963.471
 643      0.810603   -0.000511   -18.776            1 15978.605
 644      0.809723   -0.000880   -18.722            1 15994.455
 645      0.808373   -0.001350   -18.868            1 16010.458
 646      0.807905   -0.000468   -18.640            1 16025.868
 647      0.807093   -0.000811   -18.556            1 16042.079
 648      0.805832   -0.001261   -18.664            1 16058.558
 649      0.805557   -0.000275   -18.352            1 16074.581
 650      0.804899   -0.000658   -18.199            1 16091.747
 651      0.802913   -0.001986   -18.616            1 16109.457
 652      0.801453   -0.001460   -18.812            1 16125.515
 653      0.800070   -0.001383   -18.979            1 16140.759
 654      0.799358   -0.000712   -18.860            1 16155.296
 655      0.798735   -0.000623   -18.701            1 16170.234
 656      0.798121   -0.000614   -18.535            1 16185.733
 657      0.797136   -0.000985   -18.529            1 16201.824
 658      0.796520   -0.000616   -18.363            1 16217.884
 659      0.795475   -0.001045   -18.381            1 16234.551
 660      0.794391   -0.001084   -18.417            1 16251.089
 661      0.793321   -0.001070   -18.448            1 16267.424
 662      0.792122   -0.001199   -18.535            1 16283.574
 663      0.791747   -0.000374   -18.266            1 16299.302
 664      0.791222   -0.000525   -18.059            1 16316.075
 665      0.789926   -0.001296   -18.185            1 16333.651
 666      0.789170   -0.000756   -18.078            1 16350.641
 667      0.788018   -0.001152   -18.143            1 16368.023
 668      0.786911   -0.001107   -18.190            1 16385.070
 669      0.785911   -0.001000   -18.191            1 16401.858
 670      0.785077   -0.000834   -18.120            1 16418.575
 671      0.784225   -0.000852   -18.056            1 16435.534
 672      0.783947   -0.000277   -17.739            1 16452.704
 673      0.782740   -0.001208   -17.827            1 16471.194
 674      0.782171   -0.000569   -17.635            1 16489.240
 675      0.780492   -0.001678   -17.930            1 16508.073
 676      0.779310   -0.001182   -18.011            1 16525.533
 677      0.778601   -0.000710   -17.886            1 16542.563
 678      0.777319   -0.001281   -18.011            1 16560.087
 679      0.776752   -0.000567   -17.823            1 16576.974
 680      0.775558   -0.001194   -17.910            1 16594.641
 681      0.774807   -0.000751   -17.802            1 16611.838
 682      0.774293   -0.000514   -17.588            1 16629.455
 683      0.773866   -0.000427   -17.333            1 16647.993
 684      0.772249   -0.001617   -17.604            1 16667.661
 685      0.770637   -0.001612   -17.877            1 16685.991
 686      0.769909   -0.000728   -17.760            1 16702.956
 687      0.768597   -0.001312   -17.903            1 16720.391
 688      0.768284   -0.000313   -17.603            1 16737.061
 689      0.768209   -0.000075   -17.191            1 16755.088
 690      0.766422   -0.001787   -17.541            1 16775.038
 691      0.765881   -0.000542   -17.338            1 16793.209
 692      0.764100   -0.001781   -17.688            1 16812.298
 693      0.763931   -0.000169   -17.320            1 16829.578
 694      0.762564   -0.001367   -17.486            1 16848.597
 695      0.761908   -0.000656   -17.335            1 16866.705
 696      0.760996   -0.000912   -17.297            1 16885.488
 697      0.759398   -0.001598   -17.569            1 16904.379
 698      0.758227   -0.001170   -17.652            1 16921.797
 699      0.757675   -0.000552   -17.458            1 16938.690
 700      0.757565   -0.000110   -17.061            1 16956.482
 701      0.756325   -0.001241   -17.170            1 16976.248
 702      0.754940   -0.001385   -17.347            1 16995.354
 703      0.753780   -0.001160   -17.425            1 17013.435
 704      0.753667   -0.000114   -17.030            1 17031.002
 705      0.752872   -0.000795   -16.938            1 17050.579
 706      0.751284   -0.001588   -17.207            1 17070.560
 707      0.750900   -0.000384   -16.932            1 17088.990
 708      0.750070   -0.000830   -16.856            1 17108.820
 709      0.749876   -0.000194   -16.489            1 17128.975
 710      0.748175   -0.001700   -16.805            1 17151.084
 711      0.746966   -0.001210   -16.903            1 17171.336
 712      0.746803   -0.000162   -16.522            1 17190.942
 713      0.746476   -0.000327   -16.212            1 17212.607
 714      0.745599   -0.000877   -16.149            1 17235.973
 715      0.744156   -0.001443   -16.346            1 17259.630
 716      0.742098   -0.002057   -16.830            1 17282.057
 717      0.741366   -0.000732   -16.712            1 17301.563
 718      0.740552   -0.000815   -16.630            1 17321.651
 719      0.739391   -0.001160   -16.707            1 17342.112
 720      0.738507   -0.000884   -16.658            1 17362.003
 721      0.737961   -0.000546   -16.452            1 17382.071
 722      0.736107   -0.001855   -16.851            1 17403.267
 723      0.735618   -0.000489   -16.622            1 17421.933
 724      0.735175   -0.000443   -16.368            1 17441.864
 725      0.733356   -0.001819   -16.751            1 17463.236
 726      0.733060   -0.000296   -16.432            1 17482.116
 727      0.732203   -0.000857   -16.369            1 17502.852
 728      0.730328   -0.001875   -16.781            1 17523.861
 729      0.729620   -0.000708   -16.655            1 17542.135
 730      0.729063   -0.000557   -16.457            1 17561.062
 731      0.727703   -0.001360   -16.633            1 17581.114
 732      0.727367   -0.000336   -16.331            1 17599.894
 733      0.727224   -0.000142   -15.935            1 17620.488
 734      0.725319   -0.001905   -16.359            1 17643.568
 735      0.724827   -0.000491   -16.127            1 17663.701
 736      0.723264   -0.001563   -16.396            1 17685.239
 737      0.722982   -0.000282   -16.066            1 17704.831
 738      0.722483   -0.000500   -15.834            1 17726.504
 739      0.720314   -0.002169   -16.386            1 17749.632
 740      0.719486   -0.000828   -16.315            1 17768.816
 741      0.719160   -0.000326   -16.005            1 17788.326
 742      0.718874   -0.000286   -15.672            1 17809.831
 743      0.718458   -0.000416   -15.395            1 17833.546
 744      0.717512   -0.000945   -15.364            1 17859.117
 745      0.716756   -0.000757   -15.244            1 17884.789
 746      0.715938   -0.000818   -15.151            1 17911.219
 747      0.715099   -0.000838   -15.067            1 17938.217
 748      0.714069   -0.001031   -15.073            1 17965.728
 749      0.713199   -0.000870   -15.004            1 17993.076
 750      0.712885   -0.000314   -14.668            1 18020.833
 751      0.711646   -0.001239   -14.768            1 18051.057
 752      0.709875   -0.001770   -15.127            1 18080.402
 753      0.708266   -0.001610   -15.415            1 18106.844
 754      0.707268   -0.000998   -15.416            1 18130.894
 755      0.706485   -0.000783   -15.314            1 18154.770
 756      0.705344   -0.001141   -15.383            1 18179.281
 757      0.705189   -0.000155   -14.978            1 18203.074
 758      0.704052   -0.001137   -15.041            1 18229.951
 759      0.702393   -0.001660   -15.357            1 18256.168
 760      0.701753   -0.000640   -15.187            1 18279.631
 761      0.701187   -0.000566   -14.979            1 18304.303
 762      0.700801   -0.000386   -14.679            1 18330.527
 763      0.700066   -0.000734   -14.544            1 18359.107
 764      0.699222   -0.000844   -14.460            1 18388.695
 765      0.698220   -0.001002   -14.451            1 18418.865
 766      0.696688   -0.001532   -14.701            1 18448.967
 767      0.695346   -0.001342   -14.865            1 18476.722
 768      0.694766   -0.000580   -14.660            1 18502.864
 769      0.693650   -0.001116   -14.713            1 18530.631
 770      0.693378   -0.000272   -14.355            1 18557.732
 771      0.691311   -0.002067   -14.870            1 18587.890
 772      0.690654   -0.000657   -14.704            1 18613.171
 773      0.690043   -0.000611   -14.513            1 18639.752
 774      0.689646   -0.000397   -14.214            1 18667.897
 775      0.688801   -0.000845   -14.129            1 18698.664
 776      0.687155   -0.001646   -14.438            1 18730.060
 777      0.686782   -0.000373   -14.126            1 18758.312
 778      0.684538   -0.002244   -14.733            1 18789.376
 779      0.683336   -0.001203   -14.837            1 18814.339
 780      0.683196   -0.000140   -14.418            1 18838.025
 781      0.682828   -0.000368   -14.104            1 18865.569
 782      0.681971   -0.000857   -14.026            1 18896.025
 783      0.680755   -0.001217   -14.127            1 18927.053
 784      0.680192   -0.000563   -13.904            1 18956.839
 785      0.679115   -0.001077   -13.934            1 18988.695
 786      0.678670   -0.000444   -13.650            1 19020.026
 787      0.677506   -0.001164   -13.719            1 19054.149
 788      0.676348   -0.001158   -13.788            1 19087.327
 789      0.675150   -0.001198   -13.878            1 19119.547
 790      0.674315   -0.000835   -13.790            1 19150.546
 791      0.673825   -0.000491   -13.527            1 19182.267
 792      0.672161   -0.001663   -13.848            1 19216.667
 793      0.671517   -0.000645   -13.665            1 19247.229
 794      0.670599   -0.000918   -13.616            1 19279.592
 795      0.669704   -0.000895   -13.555            1 19312.256
 796      0.668704   -0.001000   -13.546            1 19345.365
 797      0.668422   -0.000282   -13.174            1 19378.313
 798      0.667575   -0.000847   -13.081            1 19415.399
 799      0.666011   -0.001564   -13.350            1 19453.379
 800      0.664887   -0.001123   -13.402            1 19487.867
 801      0.664554   -0.000333   -13.054            1 19521.442
 802      0.662361   -0.002193   -13.646            1 19559.031
 803      0.662202   -0.000159   -13.215            1 19588.989
 804      0.661658   -0.000544   -12.972            1 19624.006
 805      0.660556   -0.001102   -13.008            1 19661.841
 806      0.660203   -0.000353   -12.663            1 19698.936
 807      0.659076   -0.001127   -12.707            1 19740.282
 808      0.657314   -0.001762   -13.078            1 19780.805
 809      0.656336   -0.000978   -13.056            1 19816.092
 810      0.655947   -0.000389   -12.731            1 19851.340
 811      0.653466   -0.002481   -13.477            1 19890.682
 812      0.652400   -0.001067   -13.512            1 19919.472
 813      0.651519   -0.000880   -13.452            1 19947.335
 814      0.650890   -0.000629   -13.262            1 19975.562
 815      0.650476   -0.000415   -12.957            1 20005.996
 816      0.649269   -0.001207   -13.056            1 20040.346
 817      0.648214   -0.001055   -13.078            1 20072.860
 818      0.647814   -0.000400   -12.762            1 20104.601
 819      0.646336   -0.001478   -12.999            1 20140.568
 820      0.645661   -0.000676   -12.825            1 20172.562
 821      0.645550   -0.000111   -12.354            1 20206.710
 822      0.643253   -0.002296   -13.010            1 20247.684
 823      0.642944   -0.000310   -12.647            1 20278.044
 824      0.642398   -0.000546   -12.398            1 20313.567
 825      0.641494   -0.000904   -12.332            1 20352.586
 826      0.640275   -0.001219   -12.429            1 20392.244
 827      0.639520   -0.000756   -12.286            1 20429.862
 828      0.638444   -0.001075   -12.308            1 20469.363
 829      0.637849   -0.000595   -12.080            1 20508.016
 830      0.636725   -0.001124   -12.124            1 20550.079
 831      0.635690   -0.001035   -12.123            1 20590.916
 832      0.634022   -0.001668   -12.457            1 20631.270
 833      0.633340   -0.000682   -12.279            1 20665.223
 834      0.632531   -0.000809   -12.165            1 20701.717
 835      0.632157   -0.000374   -11.818            1 20739.680
 836      0.631083   -0.001075   -11.834            1 20783.444
 837      0.630133   -0.000950   -11.784            1 20826.395
 838      0.628941   -0.001192   -11.863            1 20869.737
 839      0.628296   -0.000645   -11.653            1 20911.010
 840      0.627677   -0.000619   -11.425            1 20955.759
 841      0.626464   -0.001213   -11.507            1 21004.479
 842      0.625492   -0.000972   -11.464            1 21051.018
 843      0.624537   -0.000955   -11.411            1 21097.859
 844      0.623950   -0.000587   -11.161            1 21145.201
 845      0.622419   -0.001531   -11.410            1 21197.212
 846      0.621769   -0.000650   -11.194            1 21243.371
 847      0.621316   -0.000453   -10.867            1 21293.532
 848      0.620108   -0.001208   -10.937            1 21350.301
 849      0.619165   -0.000943   -10.867            1 21404.982
 850      0.618014   -0.001150   -10.908            1 21460.670
 851      0.616919   -0.001095   -10.921            1 21514.833
 852      0.616384   -0.000536   -10.632            1 21568.063
 853      0.614823   -0.001561   -10.891            1 21627.500
 854      0.614711   -0.000111   -10.373            1 21680.085
 855      0.613419   -0.001292   -10.480            1 21744.718
 856      0.613053   -0.000366   -10.087            1 21806.117
 857      0.611694   -0.001359   -10.224            1 21876.960
 858      0.609962   -0.001732   -10.570            1 21943.754
 859      0.609183   -0.000779   -10.408            1 22000.856
 860      0.608520   -0.000663   -10.177            1 22061.509
 861      0.606974   -0.001546   -10.424            1 22127.688
 862      0.606705   -0.000269    -9.979            1 22186.377
 863      0.605475   -0.001230   -10.048            1 22256.763
 864      0.605122   -0.000354    -9.637            1 22324.519
 865      0.604446   -0.000675    -9.390            1 22403.613
 866      0.602608   -0.001839    -9.779            1 22489.622
 867      0.602366   -0.000242    -9.298            1 22563.290
 868      0.601187   -0.001179    -9.321            1 22651.229
 869      0.599497   -0.001690    -9.630            1 22737.990
 870      0.598364   -0.001133    -9.642            1 22814.228
 871      0.597017   -0.001347    -9.775            1 22889.310
 872      0.596565   -0.000452    -9.413            1 22959.137
 873      0.595747   -0.000817    -9.243            1 23040.226
 874      0.594450   -0.001297    -9.337            1 23126.425
 875      0.592874   -0.001576    -9.593            1 23208.564
 876      0.592473   -0.000401    -9.198            1 23280.666
 877      0.590842   -0.001631    -9.483            1 23366.084
 878      0.590373   -0.000469    -9.123            1 23440.011
 879      0.589795   -0.000577    -8.811            1 23526.435
 880      0.588716   -0.001080    -8.772            1 23624.123
 881      0.586965   -0.001751    -9.115            1 23722.612
 882      0.585789   -0.001176    -9.145            1 23806.365
 883      0.584317   -0.001471    -9.347            1 23887.662
 884      0.583633   -0.000685    -9.108            1 23959.229
 885      0.582677   -0.000956    -9.016            1 24039.366
 886      0.581922   -0.000755    -8.806            1 24122.068
 887      0.580178   -0.001744    -9.155            1 24212.721
 888      0.579599   -0.000579    -8.852            1 24286.118
 889      0.578841   -0.000758    -8.639            1 24371.778
 890      0.578321   -0.000521    -8.281            1 24466.011
 891      0.577482   -0.000839    -8.092            1 24576.424
 892      0.577212   -0.000269    -7.566            1 24695.340
 893      0.575615   -0.001597    -7.785            1 24841.087
 894      0.575295   -0.000321    -7.275            1 24974.580
 895      0.573346   -0.001948    -7.690            1 25135.900
 896      0.571417   -0.001929    -8.117            1 25273.355
 897      0.570751   -0.000666    -7.826            1 25385.276
 898      0.568310   -0.002441    -8.564            1 25512.653
 899      0.568134   -0.000176    -8.008            1 25594.536
 900      0.567565   -0.000570    -7.658            1 25707.552
 901      0.565605   -0.001959    -8.111            1 25840.826
 902      0.564848   -0.000757    -7.878            1 25943.167
 903      0.563239   -0.001609    -8.139            1 26058.346
 904      0.562776   -0.000463    -7.735            1 26153.579
 905      0.561797   -0.000979    -7.618            1 26273.849
 906      0.560199   -0.001598    -7.864            1 26400.109
 907      0.559393   -0.000805    -7.652            1 26505.824
 908      0.558339   -0.001055    -7.579            1 26624.302
 909      0.557894   -0.000445    -7.139            1 26745.490
 910      0.557239   -0.000655    -6.801            1 26899.228
 911      0.556449   -0.000790    -6.525            1 27079.396
 912      0.554839   -0.001609    -6.727            1 27282.501
 913      0.552516   -0.002323    -7.376            1 27466.294
 914      0.551886   -0.000630    -7.041            1 27588.573
 915      0.550761   -0.001126    -6.987            1 27738.160
 916      0.549949   -0.000812    -6.741            1 27889.486
 917      0.548346   -0.001603    -6.963            1 28062.017
 918      0.546567   -0.001779    -7.307            1 28208.244
 919      0.545916   -0.000652    -6.986            1 28313.561
 920      0.544752   -0.001164    -6.960            1 28447.596
 921      0.544210   -0.000542    -6.552            1 28579.137
 922      0.542132   -0.002078    -7.060            1 28752.882
 923      0.541525   -0.000608    -6.701            1 28860.146
 924      0.540709   -0.000816    -6.448            1 29004.582
 925      0.538726   -0.001983    -6.895            1 29175.662
 926      0.538483   -0.000244    -6.305            1 29280.317
 927      0.536983   -0.001500    -6.448            1 29458.397
 928      0.536096   -0.000887    -6.225     0.999999 29608.791
 929      0.535153   -0.000943    -6.022     0.999998 29784.694
 930      0.534032   -0.001121    -5.914     0.999996 29985.262
 931      0.533221   -0.000811    -5.608      0.99998 30196.451
 932      0.532162   -0.001059    -5.432     0.999955 30454.184
 933      0.531314   -0.000848    -5.111     0.999822 30738.799
 934      0.529559   -0.001755    -5.332      0.99993 31081.603
 935      0.528884   -0.000676    -4.898     0.999588 31375.477
 936      0.527588   -0.001295    -4.815     0.999439 31757.886
 937      0.526440   -0.001148    -4.635     0.998931 32157.109
 938      0.524303   -0.002138    -5.068     0.999788 32598.708
 939      0.522759   -0.001543    -5.170      0.99986 32926.787
 940      0.521430   -0.001329    -5.148     0.999847 33218.049
 941      0.520779   -0.000651    -4.691     0.999121 33502.300
 942      0.518139   -0.002640    -5.466     0.999962 33907.942
 943      0.517890   -0.000249    -4.786     0.999375 34063.157
 944      0.516433   -0.001457    -4.813     0.999435 34412.938
 945      0.515586   -0.000847    -4.453     0.998032 34736.230
 946      0.515097   -0.000489    -3.820     0.987863 35175.018
 947      0.513021   -0.002076    -4.140     0.994881 35864.497
 948      0.511829   -0.001192    -3.930     0.990859 36410.606
 949      0.510068   -0.001762    -4.069      0.99374 37045.498
 950      0.509527   -0.000540    -3.426     0.969576 37598.200
 951      0.508126   -0.001401    -3.260     0.957152 38500.553
 952      0.506208   -0.001918    -3.418     0.969096 39520.444
 953      0.505336   -0.000872    -2.905     0.918111 40443.387
 954      0.502360   -0.002976    -3.741     0.985219 41772.599
 955      0.501011   -0.001349    -3.617     0.980151 42424.177
 956      0.500617   -0.000393    -2.818     0.905503 43136.322
 957      0.499366   -0.001251    -2.458     0.839746 44624.369
 958      0.496362   -0.003005    -3.261     0.957247 46601.460
 959      0.495408   -0.000954    -2.799     0.902606 47569.325
 960      0.492976   -0.002432    -3.294     0.960007 49149.727
 961      0.491996   -0.000980    -2.867     0.912754 49887.036
 962      0.491446   -0.000550    -2.031     0.734218 51256.161
 963      0.488135   -0.003312    -2.971     0.926748 54520.690
 964      0.485777   -0.002358    -3.499      0.97403 55390.243
 965      0.485349   -0.000428    -2.751     0.894953 54527.796
 966      0.484450   -0.000898    -2.135     0.762545 55367.717
 967      0.481943   -0.002507        NA           NA        NA
 968      0.479193   -0.002750        NA           NA        NA
 969      0.477908   -0.001285        NA           NA        NA
 970      0.477773   -0.000136        NA           NA        NA
 971      0.476353   -0.001419        NA           NA        NA
 972      0.473735   -0.002618        NA           NA        NA
 973      0.466443   -0.007292        NA           NA        NA
 974      0.465699   -0.000744        NA           NA        NA
 975      0.462535   -0.003164        NA           NA        NA
    kurtosis           snps    indivs
 eigenvector    1     2.997     2.918
 eigenvector    2     2.967     3.167
population:   0              Control  765
population:   1                 Case  211

## Average divergence between populations:
              Control       Case     popsize
   Control      0.997      1.000         765
      Case      1.000      1.003         211


number of blocks for moving block jackknife: 452
fst *1000:
          C     C 
   C      0     0
   C      0     0

s.dev * 1000000:
          C     C 
   C      0    22
   C     22     0

eigenvector 1:means
             Control     -0.002
                Case      0.007
## Anova statistics for population differences along each eigenvector:
                                              p-value
             eigenvector_1_Control_Case_   0.000718199 ***
eigenvector 2:means
             Control     -0.000
                Case      0.002
             eigenvector_2_Control_Case_      0.379796 

## Statistical significance of differences beween populations:
                                pop1                  pop2      chisq          p-value   |pop1|   |pop2|
popdifference:               Control                  Case        12.244    0.00219377     765     211

eigbestsnp    1             rs860537  5     16973769     3.871
eigbestsnp    1            rs1108845  7    151522715     3.693
eigbestsnp    1            rs6071502 20     59701162     3.646
eigbestsnp    1            rs9912225 17      4680732     3.505
eigbestsnp    1             rs914870 20     46380236     3.396
eigbestsnp    1            rs6597423  7    154553766     3.359
eigbestsnp    1             rs439863  4     22832682     3.325
eigbestsnp    1            rs8038847 15     36589264     3.321
eigbestsnp    1           rs10518868 15     36594061     3.276
eigbestsnp    1            rs6832271  4    185805191     3.266
eigbestsnp    2             rs751224 18     71494718     3.792
eigbestsnp    2            rs7219019 17      2633324     3.672
eigbestsnp    2            rs8104920 19     52665260     3.563
eigbestsnp    2           rs12791447 11      7556577     3.470
eigbestsnp    2            rs6775137  3    192167149     3.358
eigbestsnp    2            rs3746780 20     61341286     3.351
eigbestsnp    2             rs701803 10     98948671     3.327
eigbestsnp    2            rs6431834  2      6958384     3.294
eigbestsnp    2            rs6662918  1    159759058     3.241
eigbestsnp    2             rs586205 13     22365974     3.224
##end of smartpca run

Correlation between eigenvector 1 (of 2) and Case/Control status is 0.108
Correlation between eigenvector 2 (of 2) and Case/Control status is 0.028
