PLINK v1.90b3.45 64-bit (13 Jan 2017)
Options in effect:
  --allow-extra-chr
  --bfile low_ld
  --exclude /home/vcabeli/Documents/data/high-LD-regions_37.txt
  --indep-pairwise 50 5 0.2
  --out low_ld_prune
  --range

Hostname: GBA-vcabeli
Working directory: /home/vcabeli/stage_n/curve_analysis/multi_PC/script
Start time: Tue Jan 30 15:47:49 2018

Note: --range flag deprecated.  Use e.g. '--extract range [filename]'.
Random number seed: 1517323669
15733 MB RAM detected; reserving 7866 MB for main workspace.
10841 variants loaded from .bim file.
976 people (418 males, 558 females) loaded from .fam.
976 phenotype values loaded from .fam.
--exclude range: 16 variants excluded.
--exclude range: 10825 variants remaining.
Using 1 thread (no multithreaded calculations invoked).
Before main variant filters, 976 founders and 0 nonfounders present.
Calculating allele frequencies... done.
Total genotyping rate is 0.998665.
10825 variants and 976 people pass filters and QC.
Among remaining phenotypes, 211 are cases and 765 are controls.
Pruned 66 variants from chromosome 1, leaving 678.
Pruned 51 variants from chromosome 2, leaving 593.
Pruned 68 variants from chromosome 3, leaving 562.
Pruned 55 variants from chromosome 4, leaving 578.
Pruned 28 variants from chromosome 5, leaving 506.
Pruned 46 variants from chromosome 6, leaving 467.
Pruned 40 variants from chromosome 7, leaving 427.
Pruned 31 variants from chromosome 8, leaving 362.
Pruned 60 variants from chromosome 9, leaving 486.
Pruned 28 variants from chromosome 10, leaving 379.
Pruned 33 variants from chromosome 11, leaving 313.
Pruned 39 variants from chromosome 12, leaving 471.
Pruned 31 variants from chromosome 13, leaving 332.
Pruned 37 variants from chromosome 14, leaving 334.
Pruned 49 variants from chromosome 15, leaving 353.
Pruned 39 variants from chromosome 16, leaving 377.
Pruned 80 variants from chromosome 17, leaving 564.
Pruned 59 variants from chromosome 18, leaving 439.
Pruned 76 variants from chromosome 19, leaving 605.
Pruned 38 variants from chromosome 20, leaving 364.
Pruned 31 variants from chromosome 21, leaving 253.
Pruned 61 variants from chromosome 22, leaving 336.
Pruning complete.  1046 of 10825 variants removed.
Marker lists written to low_ld_prune.prune.in and low_ld_prune.prune.out .

End time: Tue Jan 30 15:47:49 2018
