PLINK v1.90b3.45 64-bit (13 Jan 2017)
Options in effect:
  --allow-extra-chr
  --bfile PCA1
  --exclude /home/vcabeli/Documents/data/high-LD-regions_37.txt
  --indep-pairwise 50 5 0.2
  --out PCA1_prune
  --range

Hostname: GBA-vcabeli
Working directory: /home/vcabeli/stage/curve_analysis/multi_PC/script
Start time: Wed Jan 31 14:54:08 2018

Note: --range flag deprecated.  Use e.g. '--extract range [filename]'.
Random number seed: 1517406848
15733 MB RAM detected; reserving 7866 MB for main workspace.
10841 variants loaded from .bim file.
976 people (413 males, 563 females) loaded from .fam.
976 phenotype values loaded from .fam.
--exclude range: 16 variants excluded.
--exclude range: 10825 variants remaining.
Using 1 thread (no multithreaded calculations invoked).
Before main variant filters, 976 founders and 0 nonfounders present.
Calculating allele frequencies... done.
Total genotyping rate is 0.998709.
10825 variants and 976 people pass filters and QC.
Among remaining phenotypes, 197 are cases and 779 are controls.
Pruned 68 variants from chromosome 1, leaving 676.
Pruned 49 variants from chromosome 2, leaving 595.
Pruned 69 variants from chromosome 3, leaving 561.
Pruned 57 variants from chromosome 4, leaving 576.
Pruned 28 variants from chromosome 5, leaving 506.
Pruned 46 variants from chromosome 6, leaving 467.
Pruned 37 variants from chromosome 7, leaving 430.
Pruned 30 variants from chromosome 8, leaving 363.
Pruned 57 variants from chromosome 9, leaving 489.
Pruned 27 variants from chromosome 10, leaving 380.
Pruned 34 variants from chromosome 11, leaving 312.
Pruned 35 variants from chromosome 12, leaving 475.
Pruned 31 variants from chromosome 13, leaving 332.
Pruned 38 variants from chromosome 14, leaving 333.
Pruned 44 variants from chromosome 15, leaving 358.
Pruned 36 variants from chromosome 16, leaving 380.
Pruned 77 variants from chromosome 17, leaving 567.
Pruned 57 variants from chromosome 18, leaving 441.
Pruned 72 variants from chromosome 19, leaving 609.
Pruned 39 variants from chromosome 20, leaving 363.
Pruned 30 variants from chromosome 21, leaving 254.
Pruned 60 variants from chromosome 22, leaving 337.
Pruning complete.  1021 of 10825 variants removed.
Marker lists written to PCA1_prune.prune.in and PCA1_prune.prune.out .

End time: Wed Jan 31 14:54:08 2018
