parameter file: PCA1_pruned.pca.par
### THE INPUT PARAMETERS
##PARAMETER NAME: VALUE
genotypename: PCA1_pruned.bed
snpname: PCA1_pruned.bim
indivname: PCA1_pruned.fam
evecoutname: PCA1_pruned.pca.evec
evaloutname: PCA1_pruned.eval
altnormstyle: NO
numoutevec: 1
numoutlieriter: 0
numoutlierevec: 2
outliersigmathresh: 6
qtmode: 0
## smartpca version: 13050
norm used

genetic distance set from physical distance
genotype file processed
number of samples used: 976 number of snps used: 9804
Using 8 threads, and partial sum lookup algorithm.
total number of snps killed in pass: 0  used: 9804

## Tracy-Widom statistics: rows: 976  cols: 9804
  #N    eigenvalue  difference    twstat      p-value effect. n
   1      1.772526          NA     3.754  0.000372051  9251.974
   2      1.761359   -0.011166     2.010     0.010224  9272.185
   3      1.746171   -0.015188    -0.597     0.301184  9291.454
   4      1.736811   -0.009360    -2.014     0.729475  9309.294
   5      1.731671   -0.005140    -2.561     0.860871  9326.390
   6      1.719002   -0.012669    -4.699     0.999146  9343.228
   7      1.717939   -0.001063    -4.415     0.997781  9358.923
   8      1.713040   -0.004899    -4.939     0.999648  9374.820
   9      1.708794   -0.004246    -5.331      0.99993  9390.471
  10      1.705740   -0.003053    -5.476     0.999963  9405.948
  11      1.699052   -0.006689    -6.394            1  9421.387
  12      1.694709   -0.004342    -6.824            1  9436.359
  13      1.689880   -0.004829    -7.363            1  9451.133
  14      1.689459   -0.000421    -6.967            1  9465.648
  15      1.684624   -0.004835    -7.511            1  9480.423
  16      1.678428   -0.006196    -8.353            1  9494.933
  17      1.674649   -0.003779    -8.687            1  9509.015
  18      1.672193   -0.002456    -8.739            1  9522.948
  19      1.668638   -0.003555    -9.030            1  9536.888
  20      1.665691   -0.002947    -9.193            1  9550.702
  21      1.659876   -0.005815    -9.978            1  9564.462
  22      1.657091   -0.002785   -10.115            1  9577.820
  23      1.651712   -0.005379   -10.817            1  9591.135
  24      1.650983   -0.000729   -10.517            1  9604.093
  25      1.647332   -0.003651   -10.850            1  9617.250
  26      1.643869   -0.003464   -11.146            1  9630.254
  27      1.639801   -0.004068   -11.578            1  9643.124
  28      1.636434   -0.003367   -11.861            1  9655.786
  29      1.635645   -0.000789   -11.583            1  9668.320
  30      1.631713   -0.003932   -11.992            1  9681.039
  31      1.628067   -0.003646   -12.343            1  9693.559
  32      1.625915   -0.002152   -12.369            1  9705.913
  33      1.625307   -0.000608   -12.056            1  9718.281
  34      1.620979   -0.004329   -12.562            1  9730.854
  35      1.617519   -0.003460   -12.880            1  9743.172
  36      1.615569   -0.001950   -12.869            1  9755.339
  37      1.613828   -0.001741   -12.811            1  9767.541
  38      1.606750   -0.007078   -13.938            1  9779.804
  39      1.605457   -0.001292   -13.790            1  9791.459
  40      1.603923   -0.001535   -13.696            1  9803.223
  41      1.602602   -0.001321   -13.553            1  9815.067
  42      1.598748   -0.003854   -13.975            1  9827.019
  43      1.592498   -0.006250   -14.937            1  9838.757
  44      1.591038   -0.001460   -14.836            1  9849.978
  45      1.588899   -0.002139   -14.887            1  9861.279
  46      1.585335   -0.003564   -15.259            1  9872.575
  47      1.584080   -0.001256   -15.116            1  9883.685
  48      1.582837   -0.001243   -14.970            1  9894.899
  49      1.580556   -0.002281   -15.056            1  9906.221
  50      1.578372   -0.002184   -15.122            1  9917.518
  51      1.577401   -0.000971   -14.915            1  9928.801
  52      1.572636   -0.004765   -15.566            1  9940.227
  53      1.570564   -0.002072   -15.612            1  9951.304
  54      1.569174   -0.001389   -15.504            1  9962.377
  55      1.565236   -0.003939   -15.976            1  9973.535
  56      1.564511   -0.000725   -15.720            1  9984.444
  57      1.563260   -0.001250   -15.583            1  9995.524
  58      1.558438   -0.004822   -16.260            1 10006.706
  59      1.556797   -0.001641   -16.217            1 10017.519
  60      1.554152   -0.002646   -16.404            1 10028.379
  61      1.552541   -0.001610   -16.355            1 10039.152
  62      1.550277   -0.002264   -16.457            1 10049.975
  63      1.548733   -0.001545   -16.395            1 10060.761
  64      1.544536   -0.004196   -16.943            1 10071.605
  65      1.541776   -0.002761   -17.166            1 10082.150
  66      1.540483   -0.001293   -17.052            1 10092.586
  67      1.538110   -0.002372   -17.187            1 10103.109
  68      1.535129   -0.002981   -17.465            1 10113.573
  69      1.534061   -0.001068   -17.302            1 10123.893
  70      1.532306   -0.001755   -17.298            1 10134.330
  71      1.528843   -0.003463   -17.691            1 10144.790
  72      1.526754   -0.002089   -17.769            1 10155.037
  73      1.524404   -0.002349   -17.908            1 10165.257
  74      1.521226   -0.003178   -18.242            1 10175.415
  75      1.519257   -0.001969   -18.297            1 10185.394
  76      1.518953   -0.000305   -17.964            1 10195.358
  77      1.517936   -0.001017   -17.796            1 10205.539
  78      1.515713   -0.002223   -17.909            1 10215.840
  79      1.513047   -0.002666   -18.127            1 10226.093
  80      1.512217   -0.000830   -17.917            1 10236.234
  81      1.509929   -0.002288   -18.048            1 10246.521
  82      1.508376   -0.001554   -18.007            1 10256.748
  83      1.506086   -0.002290   -18.141            1 10267.019
  84      1.503450   -0.002636   -18.358            1 10277.228
  85      1.500742   -0.002707   -18.594            1 10287.324
  86      1.498176   -0.002566   -18.799            1 10297.296
  87      1.496669   -0.001507   -18.756            1 10307.161
  88      1.494113   -0.002557   -18.961            1 10317.070
  89      1.493577   -0.000536   -18.689            1 10326.872
  90      1.490766   -0.002811   -18.956            1 10336.858
  91      1.489374   -0.001392   -18.887            1 10346.699
  92      1.485710   -0.003664   -19.361            1 10356.599
  93      1.484409   -0.001301   -19.275            1 10366.225
  94      1.482698   -0.001710   -19.286            1 10375.922
  95      1.479706   -0.002993   -19.605            1 10385.628
  96      1.478398   -0.001308   -19.523            1 10395.155
  97      1.475457   -0.002941   -19.833            1 10404.749
  98      1.475186   -0.000271   -19.504            1 10414.167
  99      1.473636   -0.001550   -19.480            1 10423.805
 100      1.471775   -0.001861   -19.532            1 10433.474
 101      1.471221   -0.000554   -19.269            1 10443.128
 102      1.469329   -0.001892   -19.328            1 10452.963
 103      1.467322   -0.002007   -19.416            1 10462.778
 104      1.463803   -0.003520   -19.871            1 10472.555
 105      1.461739   -0.002064   -19.977            1 10482.062
 106      1.461426   -0.000312   -19.659            1 10491.519
 107      1.457498   -0.003928   -20.219            1 10501.192
 108      1.455193   -0.002305   -20.388            1 10510.527
 109      1.454064   -0.001130   -20.273            1 10519.771
 110      1.450522   -0.003542   -20.746            1 10529.103
 111      1.448618   -0.001904   -20.823            1 10538.150
 112      1.447822   -0.000795   -20.630            1 10547.163
 113      1.446037   -0.001785   -20.678            1 10556.312
 114      1.444714   -0.001323   -20.613            1 10565.446
 115      1.442610   -0.002104   -20.741            1 10574.634
 116      1.441721   -0.000889   -20.571            1 10583.756
 117      1.438772   -0.002949   -20.907            1 10593.001
 118      1.437285   -0.001487   -20.886            1 10602.044
 119      1.436491   -0.000794   -20.694            1 10611.115
 120      1.435949   -0.000542   -20.439            1 10620.324
 121      1.433666   -0.002283   -20.612            1 10629.712
 122      1.432004   -0.001662   -20.634            1 10639.003
 123      1.429501   -0.002503   -20.865            1 10648.294
 124      1.428800   -0.000701   -20.651            1 10657.449
 125      1.426872   -0.001928   -20.740            1 10666.759
 126      1.424840   -0.002032   -20.857            1 10676.024
 127      1.423599   -0.001241   -20.778            1 10685.227
 128      1.422333   -0.001266   -20.705            1 10694.497
 129      1.421164   -0.001170   -20.607            1 10703.829
 130      1.418757   -0.002407   -20.819            1 10713.240
 131      1.417422   -0.001335   -20.764            1 10722.526
 132      1.416257   -0.001166   -20.667            1 10731.863
 133      1.413032   -0.003224   -21.086            1 10741.278
 134      1.411484   -0.001548   -21.088            1 10750.429
 135      1.410556   -0.000928   -20.935            1 10759.592
 136      1.408424   -0.002132   -21.083            1 10768.872
 137      1.407056   -0.001368   -21.041            1 10778.067
 138      1.405885   -0.001171   -20.949            1 10787.303
 139      1.404648   -0.001236   -20.874            1 10796.616
 140      1.402788   -0.001860   -20.956            1 10805.993
 141      1.400907   -0.001882   -21.044            1 10815.330
 142      1.398403   -0.002504   -21.291            1 10824.621
 143      1.396617   -0.001786   -21.359            1 10833.758
 144      1.396004   -0.000613   -21.129            1 10842.862
 145      1.394779   -0.001225   -21.054            1 10852.136
 146      1.393056   -0.001723   -21.105            1 10861.476
 147      1.391148   -0.001908   -21.204            1 10870.795
 148      1.390603   -0.000545   -20.957            1 10880.060
 149      1.388166   -0.002436   -21.191            1 10889.509
 150      1.387008   -0.001158   -21.101            1 10898.810
 151      1.384586   -0.002423   -21.334            1 10908.188
 152      1.381450   -0.003135   -21.753            1 10917.417
 153      1.380789   -0.000661   -21.540            1 10926.369
 154      1.378796   -0.001994   -21.668            1 10935.482
 155      1.376348   -0.002448   -21.914            1 10944.519
 156      1.374710   -0.001638   -21.955            1 10953.396
 157      1.372995   -0.001715   -22.016            1 10962.257
 158      1.371916   -0.001079   -21.913            1 10971.087
 159      1.369729   -0.002187   -22.097            1 10980.001
 160      1.368600   -0.001129   -22.008            1 10988.798
 161      1.367324   -0.001277   -21.958            1 10997.670
 162      1.365224   -0.002099   -22.121            1 11006.588
 163      1.364033   -0.001191   -22.050            1 11015.403
 164      1.363769   -0.000264   -21.738            1 11024.281
 165      1.360785   -0.002984   -22.131            1 11033.393
 166      1.359364   -0.001421   -22.121            1 11042.236
 167      1.358280   -0.001085   -22.023            1 11051.099
 168      1.356747   -0.001533   -22.042            1 11060.043
 169      1.355554   -0.001192   -21.973            1 11068.985
 170      1.354280   -0.001275   -21.924            1 11077.990
 171      1.350652   -0.003627   -22.493            1 11087.041
 172      1.349190   -0.001462   -22.498            1 11095.694
 173      1.347554   -0.001636   -22.550            1 11104.353
 174      1.346717   -0.000837   -22.392            1 11112.986
 175      1.344572   -0.002145   -22.578            1 11121.744
 176      1.343428   -0.001144   -22.502            1 11130.377
 177      1.340661   -0.002767   -22.853            1 11139.077
 178      1.338803   -0.001858   -22.969            1 11147.530
 179      1.338045   -0.000758   -22.794            1 11155.909
 180      1.337246   -0.000798   -22.629            1 11164.426
 181      1.335415   -0.001831   -22.737            1 11173.074
 182      1.334324   -0.001091   -22.650            1 11181.652
 183      1.332628   -0.001696   -22.723            1 11190.306
 184      1.332000   -0.000628   -22.513            1 11198.915
 185      1.329909   -0.002091   -22.691            1 11207.691
 186      1.329702   -0.000206   -22.369            1 11216.345
 187      1.327283   -0.002419   -22.634            1 11225.251
 188      1.325459   -0.001824   -22.744            1 11233.968
 189      1.323880   -0.001580   -22.789            1 11242.613
 190      1.321975   -0.001904   -22.922            1 11251.235
 191      1.319395   -0.002580   -23.238            1 11259.766
 192      1.317791   -0.001605   -23.295            1 11268.069
 193      1.317236   -0.000555   -23.070            1 11276.338
 194      1.316425   -0.000811   -22.914            1 11284.785
 195      1.315051   -0.001374   -22.908            1 11293.360
 196      1.313834   -0.001217   -22.859            1 11301.950
 197      1.312017   -0.001817   -22.973            1 11310.586
 198      1.310704   -0.001313   -22.952            1 11319.145
 199      1.309062   -0.001642   -23.020            1 11327.730
 200      1.308594   -0.000468   -22.771            1 11336.271
 201      1.306214   -0.002380   -23.039            1 11345.015
 202      1.305403   -0.000811   -22.883            1 11353.561
 203      1.302486   -0.002917   -23.299            1 11362.236
 204      1.301638   -0.000848   -23.156            1 11370.600
 205      1.300493   -0.001145   -23.093            1 11379.082
 206      1.298728   -0.001765   -23.198            1 11387.623
 207      1.296366   -0.002362   -23.468            1 11396.090
 208      1.295034   -0.001332   -23.459            1 11404.355
 209      1.293746   -0.001288   -23.439            1 11412.635
 210      1.292736   -0.001010   -23.342            1 11420.940
 211      1.291633   -0.001102   -23.271            1 11429.328
 212      1.291052   -0.000582   -23.056            1 11437.781
 213      1.289234   -0.001818   -23.180            1 11446.412
 214      1.287770   -0.001464   -23.207            1 11454.955
 215      1.286134   -0.001636   -23.282            1 11463.485
 216      1.284222   -0.001912   -23.435            1 11471.963
 217      1.283092   -0.001130   -23.373            1 11480.327
 218      1.282400   -0.000692   -23.191            1 11488.749
 219      1.280256   -0.002144   -23.408            1 11497.326
 220      1.279634   -0.000622   -23.207            1 11505.736
 221      1.278775   -0.000859   -23.070            1 11514.317
 222      1.277390   -0.001385   -23.078            1 11523.018
 223      1.275525   -0.001865   -23.219            1 11531.721
 224      1.273931   -0.001594   -23.287            1 11540.318
 225      1.272279   -0.001652   -23.372            1 11548.867
 226      1.271733   -0.000546   -23.150            1 11557.356
 227      1.269940   -0.001793   -23.275            1 11566.034
 228      1.268177   -0.001763   -23.392            1 11574.620
 229      1.267033   -0.001144   -23.337            1 11583.116
 230      1.265964   -0.001069   -23.262            1 11591.666
 231      1.264409   -0.001555   -23.322            1 11600.286
 232      1.262705   -0.001704   -23.425            1 11608.864
 233      1.261637   -0.001069   -23.351            1 11617.364
 234      1.259281   -0.002356   -23.638            1 11625.934
 235      1.256582   -0.002699   -24.024            1 11634.272
 236      1.255308   -0.001274   -24.014            1 11642.295
 237      1.253422   -0.001886   -24.175            1 11650.333
 238      1.252789   -0.000633   -23.986            1 11658.241
 239      1.252049   -0.000740   -23.825            1 11666.313
 240      1.250750   -0.001299   -23.821            1 11674.527
 241      1.249376   -0.001374   -23.838            1 11682.751
 242      1.248198   -0.001178   -23.801            1 11690.967
 243      1.246621   -0.001577   -23.877            1 11699.220
 244      1.246247   -0.000374   -23.613            1 11707.415
 245      1.245177   -0.001069   -23.544            1 11715.843
 246      1.244642   -0.000535   -23.323            1 11724.336
 247      1.242550   -0.002092   -23.543            1 11733.027
 248      1.241582   -0.000969   -23.446            1 11741.536
 249      1.239001   -0.002581   -23.808            1 11750.135
 250      1.238030   -0.000971   -23.714            1 11758.429
 251      1.237291   -0.000739   -23.553            1 11766.810
 252      1.235729   -0.001562   -23.626            1 11775.338
 253      1.235011   -0.000718   -23.459            1 11783.808
 254      1.233938   -0.001074   -23.393            1 11792.432
 255      1.231733   -0.002204   -23.651            1 11801.121
 256      1.231075   -0.000658   -23.467            1 11809.590
 257      1.229772   -0.001303   -23.468            1 11818.228
 258      1.228327   -0.001445   -23.510            1 11826.872
 259      1.226242   -0.002085   -23.737            1 11835.487
 260      1.225113   -0.001129   -23.690            1 11843.906
 261      1.223563   -0.001551   -23.765            1 11852.372
 262      1.222869   -0.000694   -23.594            1 11860.778
 263      1.221921   -0.000948   -23.495            1 11869.343
 264      1.220578   -0.001343   -23.510            1 11878.004
 265      1.220019   -0.000559   -23.298            1 11886.658
 266      1.218385   -0.001634   -23.397            1 11895.510
 267      1.216801   -0.001584   -23.482            1 11904.280
 268      1.214030   -0.002771   -23.914            1 11912.980
 269      1.212996   -0.001034   -23.844            1 11921.293
 270      1.210820   -0.002176   -24.106            1 11929.676
 271      1.209279   -0.001540   -24.186            1 11937.824
 272      1.208749   -0.000530   -23.972            1 11945.903
 273      1.208487   -0.000262   -23.678            1 11954.183
 274      1.207518   -0.000970   -23.589            1 11962.739
 275      1.206009   -0.001508   -23.657            1 11971.383
 276      1.204775   -0.001234   -23.646            1 11979.970
 277      1.203873   -0.000902   -23.538            1 11988.573
 278      1.202304   -0.001568   -23.624            1 11997.283
 279      1.199997   -0.002307   -23.930            1 12005.918
 280      1.199138   -0.000859   -23.811            1 12014.273
 281      1.196930   -0.002208   -24.090            1 12022.744
 282      1.196199   -0.000731   -23.936            1 12030.957
 283      1.194747   -0.001452   -23.993            1 12039.321
 284      1.193444   -0.001303   -24.008            1 12047.634
 285      1.192445   -0.000999   -23.933            1 12055.938
 286      1.191062   -0.001384   -23.972            1 12064.317
 287      1.189646   -0.001416   -24.020            1 12072.664
 288      1.189187   -0.000459   -23.786            1 12080.969
 289      1.187354   -0.001832   -23.958            1 12089.502
 290      1.185711   -0.001644   -24.076            1 12097.875
 291      1.184823   -0.000888   -23.970            1 12106.139
 292      1.184247   -0.000576   -23.771            1 12114.509
 293      1.182584   -0.001663   -23.894            1 12123.076
 294      1.181683   -0.000901   -23.791            1 12131.527
 295      1.179150   -0.002532   -24.176            1 12140.083
 296      1.178110   -0.001040   -24.117            1 12148.269
 297      1.176936   -0.001174   -24.099            1 12156.514
 298      1.176036   -0.000901   -23.999            1 12164.781
 299      1.175911   -0.000124   -23.665            1 12173.150
 300      1.173995   -0.001916   -23.867            1 12181.852
 301      1.173138   -0.000858   -23.753            1 12190.358
 302      1.172004   -0.001134   -23.721            1 12198.982
 303      1.171324   -0.000680   -23.553            1 12207.641
 304      1.168365   -0.002958   -24.071            1 12216.474
 305      1.167341   -0.001024   -24.009            1 12224.793
 306      1.166505   -0.000836   -23.891            1 12233.176
 307      1.165599   -0.000906   -23.793            1 12241.682
 308      1.165250   -0.000348   -23.526            1 12250.290
 309      1.161938   -0.003312   -24.155            1 12259.172
 310      1.160437   -0.001501   -24.241            1 12267.422
 311      1.159603   -0.000834   -24.125            1 12275.586
 312      1.158610   -0.000993   -24.056            1 12283.871
 313      1.157120   -0.001490   -24.139            1 12292.228
 314      1.155691   -0.001429   -24.204            1 12300.503
 315      1.155100   -0.000591   -24.015            1 12308.714
 316      1.153804   -0.001296   -24.039            1 12317.121
 317      1.152507   -0.001297   -24.064            1 12325.506
 318      1.152431   -0.000076   -23.717            1 12333.866
 319      1.149790   -0.002641   -24.152            1 12342.591
 320      1.147561   -0.002229   -24.465            1 12350.866
 321      1.146464   -0.001097   -24.433            1 12358.817
 322      1.146034   -0.000430   -24.197            1 12366.801
 323      1.143433   -0.002601   -24.627            1 12375.033
 324      1.142566   -0.000867   -24.527            1 12382.816
 325      1.141692   -0.000875   -24.429            1 12390.704
 326      1.140670   -0.001021   -24.376            1 12398.694
 327      1.139956   -0.000714   -24.227            1 12406.741
 328      1.138214   -0.001742   -24.396            1 12414.946
 329      1.137552   -0.000662   -24.232            1 12422.973
 330      1.136012   -0.001540   -24.339            1 12431.174
 331      1.134717   -0.001295   -24.371            1 12439.262
 332      1.133076   -0.001641   -24.511            1 12447.316
 333      1.132285   -0.000791   -24.389            1 12455.220
 334      1.130957   -0.001328   -24.433            1 12463.254
 335      1.130385   -0.000572   -24.242            1 12471.241
 336      1.128992   -0.001393   -24.306            1 12479.434
 337      1.127964   -0.001028   -24.257            1 12487.557
 338      1.127681   -0.000284   -23.976            1 12495.734
 339      1.126191   -0.001490   -24.069            1 12504.219
 340      1.125541   -0.000649   -23.901            1 12512.603
 341      1.124297   -0.001244   -23.917            1 12521.173
 342      1.123686   -0.000611   -23.736            1 12529.726
 343      1.121925   -0.001761   -23.914            1 12538.482
 344      1.121111   -0.000815   -23.797            1 12547.041
 345      1.119146   -0.001965   -24.040            1 12555.732
 346      1.118344   -0.000803   -23.921            1 12564.151
 347      1.116847   -0.001497   -24.020            1 12572.705
 348      1.116563   -0.000284   -23.737            1 12581.149
 349      1.115474   -0.001089   -23.706            1 12589.912
 350      1.114471   -0.001003   -23.648            1 12598.711
 351      1.113947   -0.000524   -23.439            1 12607.578
 352      1.111971   -0.001977   -23.688            1 12616.686
 353      1.111932   -0.000038   -23.325            1 12625.511
 354      1.110081   -0.001852   -23.534            1 12634.754
 355      1.109615   -0.000465   -23.306            1 12643.759
 356      1.108480   -0.001135   -23.289            1 12653.030
 357      1.105928   -0.002552   -23.722            1 12662.324
 358      1.105573   -0.000356   -23.461            1 12671.116
 359      1.103906   -0.001667   -23.615            1 12680.214
 360      1.102991   -0.000914   -23.531            1 12689.132
 361      1.102647   -0.000344   -23.265            1 12698.150
 362      1.101170   -0.001477   -23.359            1 12707.483
 363      1.099246   -0.001924   -23.597            1 12716.708
 364      1.097904   -0.001341   -23.651            1 12725.653
 365      1.096935   -0.000969   -23.586            1 12734.534
 366      1.095853   -0.001082   -23.558            1 12743.493
 367      1.095539   -0.000314   -23.282            1 12752.486
 368      1.093915   -0.001624   -23.426            1 12761.810
 369      1.093460   -0.000455   -23.195            1 12770.963
 370      1.092558   -0.000902   -23.107            1 12780.396
 371      1.091559   -0.000999   -23.049            1 12789.938
 372      1.090100   -0.001459   -23.140            1 12799.553
 373      1.087740   -0.002361   -23.523            1 12809.061
 374      1.086388   -0.001352   -23.584            1 12818.101
 375      1.085786   -0.000601   -23.402            1 12827.067
 376      1.084250   -0.001536   -23.523            1 12836.256
 377      1.082278   -0.001972   -23.786            1 12845.297
 378      1.081210   -0.001068   -23.759            1 12854.012
 379      1.080094   -0.001116   -23.747            1 12862.761
 380      1.079210   -0.000884   -23.660            1 12871.522
 381      1.078198   -0.001012   -23.614            1 12880.390
 382      1.076558   -0.001640   -23.773            1 12889.313
 383      1.076032   -0.000526   -23.570            1 12898.037
 384      1.074892   -0.001140   -23.566            1 12907.014
 385      1.074606   -0.000286   -23.283            1 12915.994
 386      1.073716   -0.000890   -23.196            1 12925.330
 387      1.072720   -0.000996   -23.143            1 12934.779
 388      1.071039   -0.001681   -23.314            1 12944.295
 389      1.070084   -0.000955   -23.249            1 12953.593
 390      1.069156   -0.000928   -23.175            1 12962.973
 391      1.067663   -0.001493   -23.287            1 12972.449
 392      1.066388   -0.001275   -23.328            1 12981.780
 393      1.065912   -0.000476   -23.106            1 12991.058
 394      1.064175   -0.001737   -23.299            1 13000.623
 395      1.063492   -0.000683   -23.146            1 13009.937
 396      1.062019   -0.001473   -23.253            1 13019.450
 397      1.061096   -0.000923   -23.179            1 13028.821
 398      1.059551   -0.001545   -23.311            1 13038.290
 399      1.058853   -0.000698   -23.164            1 13047.583
 400      1.057217   -0.001636   -23.327            1 13057.069
 401      1.056657   -0.000561   -23.135            1 13066.338
 402      1.055456   -0.001201   -23.154            1 13075.861
 403      1.053895   -0.001561   -23.294            1 13085.358
 404      1.053295   -0.000599   -23.115            1 13094.665
 405      1.052763   -0.000533   -22.912            1 13104.212
 406      1.052167   -0.000595   -22.729            1 13114.033
 407      1.050305   -0.001862   -22.967            1 13124.102
 408      1.049155   -0.001150   -22.970            1 13133.847
 409      1.048133   -0.001022   -22.931            1 13143.587
 410      1.047765   -0.000368   -22.672            1 13153.380
 411      1.045858   -0.001907   -22.928            1 13163.529
 412      1.044017   -0.001841   -23.164            1 13173.324
 413      1.042694   -0.001323   -23.229            1 13182.792
 414      1.041476   -0.001218   -23.259            1 13192.167
 415      1.040921   -0.000555   -23.067            1 13201.497
 416      1.040023   -0.000898   -22.989            1 13211.092
 417      1.038834   -0.001190   -23.009            1 13220.794
 418      1.037871   -0.000963   -22.953            1 13230.466
 419      1.036645   -0.001226   -22.985            1 13240.214
 420      1.035588   -0.001057   -22.961            1 13249.915
 421      1.035025   -0.000563   -22.770            1 13259.646
 422      1.034729   -0.000296   -22.487            1 13269.648
 423      1.032411   -0.002318   -22.888            1 13280.055
 424      1.032057   -0.000354   -22.626            1 13289.885
 425      1.031609   -0.000449   -22.393            1 13300.091
 426      1.029299   -0.002309   -22.793            1 13310.633
 427      1.028583   -0.000716   -22.654            1 13320.594
 428      1.026640   -0.001943   -22.932            1 13330.756
 429      1.025747   -0.000893   -22.855            1 13340.510
 430      1.024980   -0.000767   -22.734            1 13350.372
 431      1.023412   -0.001569   -22.887            1 13360.409
 432      1.022680   -0.000732   -22.755            1 13370.218
 433      1.021416   -0.001264   -22.805            1 13380.219
 434      1.020670   -0.000745   -22.677            1 13390.142
 435      1.019454   -0.001216   -22.711            1 13400.252
 436      1.019040   -0.000414   -22.469            1 13410.310
 437      1.017400   -0.001641   -22.647            1 13420.728
 438      1.016558   -0.000841   -22.552            1 13430.875
 439      1.015029   -0.001529   -22.694            1 13441.163
 440      1.013851   -0.001178   -22.717            1 13451.232
 441      1.013281   -0.000570   -22.529            1 13461.263
 442      1.012092   -0.001189   -22.555            1 13471.577
 443      1.011008   -0.001084   -22.545            1 13481.848
 444      1.008797   -0.002211   -22.926            1 13492.132
 445      1.008213   -0.000584   -22.746            1 13501.825
 446      1.007821   -0.000392   -22.498            1 13511.790
 447      1.006364   -0.001457   -22.618            1 13522.135
 448      1.004217   -0.002148   -22.981            1 13532.289
 449      1.003454   -0.000763   -22.865            1 13541.872
 450      1.002986   -0.000468   -22.645            1 13551.629
 451      1.001769   -0.001217   -22.684            1 13561.725
 452      0.999956   -0.001813   -22.934            1 13571.753
 453      0.999674   -0.000282   -22.650            1 13581.381
 454      0.998889   -0.000785   -22.539            1 13591.452
 455      0.997412   -0.001477   -22.671            1 13601.693
 456      0.996686   -0.000726   -22.541            1 13611.717
 457      0.996052   -0.000634   -22.377            1 13621.944
 458      0.994724   -0.001328   -22.457            1 13632.429
 459      0.993415   -0.001309   -22.531            1 13642.781
 460      0.992759   -0.000656   -22.376            1 13653.007
 461      0.992578   -0.000181   -22.051            1 13663.479
 462      0.991258   -0.001320   -22.127            1 13674.479
 463      0.989030   -0.002228   -22.525            1 13685.351
 464      0.988223   -0.000807   -22.424            1 13695.563
 465      0.987413   -0.000810   -22.323            1 13705.934
 466      0.987282   -0.000131   -21.981            1 13716.466
 467      0.984693   -0.002589   -22.509            1 13727.564
 468      0.983638   -0.001055   -22.497            1 13737.774
 469      0.982950   -0.000688   -22.355            1 13747.996
 470      0.981851   -0.001099   -22.358            1 13758.449
 471      0.980977   -0.000874   -22.281            1 13768.889
 472      0.980339   -0.000638   -22.120            1 13779.453
 473      0.979475   -0.000864   -22.038            1 13790.285
 474      0.978301   -0.001174   -22.067            1 13801.251
 475      0.977413   -0.000888   -21.993            1 13812.163
 476      0.976198   -0.001215   -22.037            1 13823.195
 477      0.974389   -0.001810   -22.295            1 13834.146
 478      0.973112   -0.001277   -22.364            1 13844.643
 479      0.972164   -0.000948   -22.317            1 13855.010
 480      0.971889   -0.000275   -22.027            1 13865.451
 481      0.970859   -0.001029   -22.006            1 13876.392
 482      0.968930   -0.001929   -22.310            1 13887.363
 483      0.968753   -0.000177   -21.985            1 13897.789
 484      0.967919   -0.000834   -21.894            1 13908.782
 485      0.966394   -0.001525   -22.053            1 13919.930
 486      0.966126   -0.000268   -21.758            1 13930.787
 487      0.963970   -0.002156   -22.146            1 13942.165
 488      0.963006   -0.000964   -22.105            1 13952.838
 489      0.962264   -0.000742   -21.983            1 13963.576
 490      0.961183   -0.001081   -21.984            1 13974.524
 491      0.960822   -0.000361   -21.723            1 13985.462
 492      0.959019   -0.001803   -21.985            1 13996.869
 493      0.957724   -0.001295   -22.065            1 14007.787
 494      0.957162   -0.000562   -21.879            1 14018.547
 495      0.956008   -0.001155   -21.908            1 14029.642
 496      0.955108   -0.000900   -21.844            1 14040.675
 497      0.954735   -0.000373   -21.587            1 14051.817
 498      0.953398   -0.001338   -21.681            1 14063.432
 499      0.952542   -0.000856   -21.600            1 14074.862
 500      0.951393   -0.001148   -21.625            1 14086.437
 501      0.949936   -0.001457   -21.765            1 14097.956
 502      0.948151   -0.001786   -22.028            1 14109.199
 503      0.948029   -0.000121   -21.681            1 14119.931
 504      0.947286   -0.000743   -21.560            1 14131.315
 505      0.945498   -0.001788   -21.823            1 14142.924
 506      0.944539   -0.000959   -21.784            1 14154.013
 507      0.944086   -0.000453   -21.557            1 14165.167
 508      0.943258   -0.000828   -21.467            1 14176.751
 509      0.941984   -0.001274   -21.542            1 14188.502
 510      0.941391   -0.000593   -21.365            1 14200.096
 511      0.939990   -0.001401   -21.487            1 14212.030
 512      0.938570   -0.001420   -21.617            1 14223.713
 513      0.937378   -0.001192   -21.665            1 14235.126
 514      0.935994   -0.001383   -21.785            1 14246.431
 515      0.934943   -0.001052   -21.783            1 14257.483
 516      0.933399   -0.001544   -21.965            1 14268.526
 517      0.932990   -0.000409   -21.725            1 14279.188
 518      0.931531   -0.001459   -21.876            1 14290.317
 519      0.930914   -0.000617   -21.713            1 14301.127
 520      0.928991   -0.001923   -22.039            1 14312.250
 521      0.927892   -0.001099   -22.059            1 14322.693
 522      0.927485   -0.000406   -21.820            1 14333.076
 523      0.926981   -0.000505   -21.616            1 14343.931
 524      0.925404   -0.001576   -21.813            1 14355.191
 525      0.924416   -0.000989   -21.791            1 14366.027
 526      0.923521   -0.000895   -21.734            1 14376.889
 527      0.923264   -0.000257   -21.436            1 14387.854
 528      0.922543   -0.000722   -21.310            1 14399.427
 529      0.921166   -0.001377   -21.431            1 14411.252
 530      0.920192   -0.000974   -21.402            1 14422.804
 531      0.918972   -0.001219   -21.466            1 14434.402
 532      0.918257   -0.000715   -21.339            1 14445.848
 533      0.917947   -0.000310   -21.058            1 14457.550
 534      0.916688   -0.001259   -21.134            1 14469.845
 535      0.915359   -0.001329   -21.239            1 14481.960
 536      0.915173   -0.000187   -20.910            1 14493.832
 537      0.913476   -0.001697   -21.153            1 14506.411
 538      0.912263   -0.001213   -21.215            1 14518.441
 539      0.911396   -0.000866   -21.145            1 14530.317
 540      0.910888   -0.000509   -20.939            1 14542.331
 541      0.908816   -0.002072   -21.329            1 14554.790
 542      0.908557   -0.000259   -21.029            1 14566.361
 543      0.907215   -0.001342   -21.141            1 14578.586
 544      0.906011   -0.001204   -21.202            1 14590.541
 545      0.904601   -0.001409   -21.344            1 14602.340
 546      0.903615   -0.000986   -21.324            1 14613.798
 547      0.902995   -0.000620   -21.163            1 14625.280
 548      0.901803   -0.001192   -21.222            1 14637.108
 549      0.901066   -0.000737   -21.106            1 14648.780
 550      0.899710   -0.001356   -21.228            1 14660.700
 551      0.899138   -0.000573   -21.049            1 14672.316
 552      0.898765   -0.000372   -20.791            1 14684.327
 553      0.897946   -0.000819   -20.703            1 14696.923
 554      0.896797   -0.001149   -20.743            1 14709.708
 555      0.894981   -0.001816   -21.043            1 14722.381
 556      0.893683   -0.001298   -21.145            1 14734.324
 557      0.893246   -0.000437   -20.914            1 14746.002
 558      0.892041   -0.001205   -20.979            1 14758.208
 559      0.891654   -0.000386   -20.727            1 14770.235
 560      0.889931   -0.001723   -20.993            1 14782.849
 561      0.889076   -0.000855   -20.925            1 14794.795
 562      0.888395   -0.000682   -20.787            1 14806.885
 563      0.887315   -0.001079   -20.805            1 14819.287
 564      0.885599   -0.001716   -21.072            1 14831.624
 565      0.885441   -0.000158   -20.732            1 14843.277
 566      0.884183   -0.001258   -20.820            1 14855.746
 567      0.882952   -0.001231   -20.899            1 14867.972
 568      0.882005   -0.000947   -20.868            1 14879.976
 569      0.881560   -0.000445   -20.639            1 14892.031
 570      0.879818   -0.001743   -20.919            1 14904.638
 571      0.879650   -0.000167   -20.581            1 14916.511
 572      0.879170   -0.000480   -20.363            1 14929.215
 573      0.877915   -0.001255   -20.450            1 14942.454
 574      0.876761   -0.001154   -20.498            1 14955.449
 575      0.875779   -0.000982   -20.478            1 14968.295
 576      0.875533   -0.000246   -20.167            1 14981.167
 577      0.873433   -0.002100   -20.589            1 14994.827
 578      0.873187   -0.000246   -20.279            1 15007.359
 579      0.872182   -0.001005   -20.268            1 15020.679
 580      0.872026   -0.000157   -19.920            1 15034.004
 581      0.870223   -0.001803   -20.224            1 15048.237
 582      0.868587   -0.001636   -20.465            1 15061.633
 583      0.867699   -0.000888   -20.411            1 15074.357
 584      0.866547   -0.001152   -20.463            1 15087.197
 585      0.865545   -0.001002   -20.455            1 15099.868
 586      0.865101   -0.000444   -20.224            1 15112.530
 587      0.864887   -0.000214   -19.898            1 15125.793
 588      0.864309   -0.000578   -19.715            1 15139.927
 589      0.863021   -0.001288   -19.815            1 15154.547
 590      0.861559   -0.001462   -19.987            1 15168.864
 591      0.860844   -0.000715   -19.861            1 15182.677
 592      0.859227   -0.001617   -20.098            1 15196.817
 593      0.857669   -0.001558   -20.314            1 15210.264
 594      0.857279   -0.000390   -20.061            1 15223.070
 595      0.857046   -0.000233   -19.742            1 15236.561
 596      0.855998   -0.001048   -19.749            1 15250.936
 597      0.854622   -0.001376   -19.890            1 15265.265
 598      0.853890   -0.000732   -19.771            1 15279.160
 599      0.853282   -0.000608   -19.602            1 15293.368
 600      0.852479   -0.000803   -19.509            1 15308.046
 601      0.850809   -0.001670   -19.769            1 15322.969
 602      0.849520   -0.001288   -19.878            1 15337.098
 603      0.848719   -0.000802   -19.789            1 15350.875
 604      0.848033   -0.000686   -19.653            1 15364.883
 605      0.845268   -0.002765   -20.365            1 15379.267
 606      0.844749   -0.000518   -20.167            1 15391.487
 607      0.844343   -0.000406   -19.922            1 15404.255
 608      0.843087   -0.001256   -20.022            1 15417.725
 609      0.842784   -0.000303   -19.732            1 15430.853
 610      0.842112   -0.000671   -19.591            1 15444.826
 611      0.840886   -0.001227   -19.676            1 15459.199
 612      0.840290   -0.000595   -19.503            1 15473.273
 613      0.839201   -0.001090   -19.532            1 15487.850
 614      0.837854   -0.001347   -19.668            1 15502.301
 615      0.837389   -0.000465   -19.442            1 15516.290
 616      0.836750   -0.000639   -19.286            1 15530.954
 617      0.835867   -0.000882   -19.228            1 15546.081
 618      0.835260   -0.000607   -19.056            1 15561.360
 619      0.833979   -0.001281   -19.162            1 15577.161
 620      0.832888   -0.001091   -19.191            1 15592.588
 621      0.832035   -0.000853   -19.122            1 15607.888
 622      0.830821   -0.001213   -19.202            1 15623.380
 623      0.829048   -0.001774   -19.517            1 15638.575
 624      0.828296   -0.000752   -19.411            1 15652.694
 625      0.826989   -0.001308   -19.536            1 15667.121
 626      0.826098   -0.000890   -19.488            1 15681.091
 627      0.825714   -0.000384   -19.229            1 15695.174
 628      0.824437   -0.001277   -19.340            1 15710.083
 629      0.823894   -0.000543   -19.145            1 15724.573
 630      0.822697   -0.001197   -19.223            1 15739.681
 631      0.821760   -0.000937   -19.193            1 15754.480
 632      0.820308   -0.001452   -19.380            1 15769.339
 633      0.820097   -0.000211   -19.047            1 15783.509
 634      0.819708   -0.000390   -18.786            1 15798.784
 635      0.818310   -0.001398   -18.946            1 15814.932
 636      0.816952   -0.001357   -19.092            1 15830.475
 637      0.815627   -0.001325   -19.227            1 15845.458
 638      0.814966   -0.000661   -19.084            1 15859.915
 639      0.814114   -0.000852   -19.019            1 15874.832
 640      0.813458   -0.000656   -18.871            1 15889.930
 641      0.812477   -0.000981   -18.860            1 15905.513
 642      0.811297   -0.001180   -18.933            1 15921.091
 643      0.810372   -0.000925   -18.900            1 15936.354
 644      0.809650   -0.000722   -18.779            1 15951.690
 645      0.809245   -0.000405   -18.523            1 15967.418
 646      0.807767   -0.001478   -18.721            1 15984.052
 647      0.807507   -0.000260   -18.403            1 15999.899
 648      0.806392   -0.001115   -18.445            1 16016.898
 649      0.805428   -0.000965   -18.425            1 16033.691
 650      0.804741   -0.000687   -18.285            1 16050.518
 651      0.803365   -0.001376   -18.440            1 16067.835
 652      0.803017   -0.000348   -18.156            1 16084.509
 653      0.801864   -0.001152   -18.214            1 16102.239
 654      0.801048   -0.000816   -18.129            1 16119.698
 655      0.800720   -0.000328   -17.833            1 16137.448
 656      0.799342   -0.001378   -17.986            1 16156.330
 657      0.797856   -0.001486   -18.188            1 16174.564
 658      0.797563   -0.000293   -17.878            1 16191.944
 659      0.796468   -0.001095   -17.911            1 16210.526
 660      0.794981   -0.001487   -18.115            1 16228.932
 661      0.792711   -0.002270   -18.662            1 16246.463
 662      0.791831   -0.000880   -18.614            1 16261.712
 663      0.790755   -0.001076   -18.650            1 16277.090
 664      0.790080   -0.000675   -18.513            1 16292.249
 665      0.789588   -0.000492   -18.295            1 16307.904
 666      0.788545   -0.001043   -18.315            1 16324.398
 667      0.787976   -0.000569   -18.128            1 16340.747
 668      0.787043   -0.000934   -18.098            1 16357.820
 669      0.786471   -0.000571   -17.910            1 16374.957
 670      0.784759   -0.001712   -18.219            1 16392.839
 671      0.784010   -0.000749   -18.111            1 16409.331
 672      0.783759   -0.000251   -17.783            1 16426.222
 673      0.782734   -0.001025   -17.791            1 16444.474
 674      0.781120   -0.001614   -18.059            1 16462.634
 675      0.781017   -0.000104   -17.666            1 16479.551
 676      0.779662   -0.001355   -17.819            1 16498.145
 677      0.778978   -0.000684   -17.679            1 16515.993
 678      0.777413   -0.001564   -17.927            1 16534.406
 679      0.777051   -0.000362   -17.646            1 16551.636
 680      0.776249   -0.000802   -17.557            1 16570.070
 681      0.775113   -0.001135   -17.615            1 16588.847
 682      0.774009   -0.001104   -17.660            1 16607.295
 683      0.773972   -0.000037   -17.233            1 16625.464
 684      0.771858   -0.002114   -17.723            1 16645.568
 685      0.771115   -0.000743   -17.610            1 16663.305
 686      0.770159   -0.000956   -17.591            1 16681.496
 687      0.769847   -0.000311   -17.285            1 16699.701
 688      0.767381   -0.002466   -17.937            1 16719.302
 689      0.766844   -0.000537   -17.738            1 16735.695
 690      0.765844   -0.001000   -17.742            1 16752.961
 691      0.764896   -0.000948   -17.724            1 16770.116
 692      0.763985   -0.000911   -17.690            1 16787.271
 693      0.762810   -0.001175   -17.774            1 16804.506
 694      0.762642   -0.000168   -17.407            1 16821.233
 695      0.762015   -0.000627   -17.241            1 16839.696
 696      0.760599   -0.001416   -17.429            1 16858.908
 697      0.760283   -0.000316   -17.124            1 16877.088
 698      0.759035   -0.001247   -17.235            1 16896.737
 699      0.758102   -0.000933   -17.207            1 16915.731
 700      0.756598   -0.001504   -17.437            1 16934.787
 701      0.755940   -0.000658   -17.288            1 16952.559
 702      0.755553   -0.000386   -17.014            1 16971.011
 703      0.755051   -0.000502   -16.788            1 16990.818
 704      0.753076   -0.001975   -17.229            1 17011.743
 705      0.752602   -0.000473   -16.994            1 17030.224
 706      0.751426   -0.001176   -17.076            1 17049.871
 707      0.750778   -0.000648   -16.919            1 17068.981
 708      0.749876   -0.000902   -16.876            1 17088.852
 709      0.748775   -0.001101   -16.923            1 17108.866
 710      0.747753   -0.001023   -16.936            1 17128.523
 711      0.747124   -0.000629   -16.769            1 17148.008
 712      0.746666   -0.000458   -16.522            1 17168.329
 713      0.745537   -0.001129   -16.579            1 17189.957
 714      0.744759   -0.000778   -16.477            1 17211.169
 715      0.743849   -0.000909   -16.433            1 17232.880
 716      0.743430   -0.000419   -16.164            1 17254.752
 717      0.741792   -0.001638   -16.452            1 17278.114
 718      0.741357   -0.000435   -16.191            1 17299.690
 719      0.740303   -0.001054   -16.212            1 17322.722
 720      0.738951   -0.001352   -16.372            1 17345.541
 721      0.738160   -0.000790   -16.274            1 17367.305
 722      0.737307   -0.000853   -16.205            1 17389.557
 723      0.736885   -0.000422   -15.935            1 17412.132
 724      0.736195   -0.000690   -15.785            1 17436.277
 725      0.735967   -0.000228   -15.419            1 17461.271
 726      0.734971   -0.000997   -15.404            1 17488.505
 727      0.733968   -0.001003   -15.392            1 17515.768
 728      0.731245   -0.002723   -16.185            1 17543.039
 729      0.730913   -0.000331   -15.874            1 17565.131
 730      0.728894   -0.002019   -16.348            1 17589.118
 731      0.728381   -0.000513   -16.125            1 17609.922
 732      0.727669   -0.000712   -15.992            1 17632.048
 733      0.727099   -0.000570   -15.790            1 17654.925
 734      0.726055   -0.001045   -15.809            1 17679.027
 735      0.725050   -0.001005   -15.810            1 17702.893
 736      0.723899   -0.001151   -15.880            1 17726.639
 737      0.722746   -0.001153   -15.953            1 17749.786
 738      0.722186   -0.000560   -15.748            1 17772.306
 739      0.721801   -0.000384   -15.456            1 17796.108
 740      0.720556   -0.001246   -15.568            1 17821.824
 741      0.719882   -0.000674   -15.411            1 17846.641
 742      0.718916   -0.000966   -15.390            1 17872.453
 743      0.717670   -0.001246   -15.503            1 17898.298
 744      0.716145   -0.001525   -15.751            1 17923.210
 745      0.715609   -0.000537   -15.534            1 17946.193
 746      0.714976   -0.000633   -15.359            1 17970.614
 747      0.713704   -0.001272   -15.486            1 17996.190
 748      0.713309   -0.000395   -15.197            1 18020.686
 749      0.712497   -0.000812   -15.103            1 18047.208
 750      0.711666   -0.000832   -15.017            1 18074.319
 751      0.710062   -0.001604   -15.300            1 18101.965
 752      0.709729   -0.000332   -14.979            1 18127.297
 753      0.707753   -0.001977   -15.443            1 18154.981
 754      0.707474   -0.000278   -15.099            1 18178.901
 755      0.706195   -0.001279   -15.231            1 18205.365
 756      0.705966   -0.000229   -14.860            1 18230.629
 757      0.705186   -0.000779   -14.747            1 18258.718
 758      0.702597   -0.002589   -15.509            1 18287.584
 759      0.702083   -0.000514   -15.281            1 18310.102
 760      0.701789   -0.000295   -14.943            1 18334.286
 761      0.700608   -0.001181   -15.029            1 18361.084
 762      0.699904   -0.000704   -14.885            1 18386.997
 763      0.698759   -0.001145   -14.954            1 18413.947
 764      0.697253   -0.001505   -15.201            1 18440.137
 765      0.696744   -0.000509   -14.967            1 18464.037
 766      0.696218   -0.000527   -14.737            1 18489.747
 767      0.694980   -0.001237   -14.851            1 18517.271
 768      0.694404   -0.000576   -14.644            1 18543.611
 769      0.693051   -0.001354   -14.815            1 18571.597
 770      0.691640   -0.001411   -15.017            1 18597.868
 771      0.690668   -0.000971   -15.009            1 18622.106
 772      0.689607   -0.001061   -15.045            1 18646.191
 773      0.689200   -0.000407   -14.760            1 18669.711
 774      0.688366   -0.000834   -14.681            1 18695.618
 775      0.687225   -0.001141   -14.752            1 18722.044
 776      0.686171   -0.001054   -14.782            1 18747.575
 777      0.685025   -0.001146   -14.858            1 18772.583
 778      0.684392   -0.000633   -14.683            1 18796.608
 779      0.684181   -0.000212   -14.297            1 18822.063
 780      0.684009   -0.000172   -13.882            1 18851.059
 781      0.682781   -0.001228   -13.985            1 18883.972
 782      0.681377   -0.001404   -14.177            1 18915.667
 783      0.680688   -0.000689   -14.019            1 18945.203
 784      0.679663   -0.001025   -14.024            1 18976.137
 785      0.679395   -0.000269   -13.654            1 19006.790
 786      0.678326   -0.001069   -13.676            1 19041.109
 787      0.677189   -0.001136   -13.732            1 19075.004
 788      0.675616   -0.001573   -14.009            1 19108.087
 789      0.674840   -0.000776   -13.894            1 19137.961
 790      0.674099   -0.000741   -13.759            1 19168.832
 791      0.672333   -0.001766   -14.137            1 19200.935
 792      0.670848   -0.001485   -14.382            1 19228.610
 793      0.670496   -0.000351   -14.062            1 19253.261
 794      0.669938   -0.000558   -13.841            1 19281.150
 795      0.668713   -0.001226   -13.951            1 19311.249
 796      0.667375   -0.001338   -14.122            1 19339.783
 797      0.666363   -0.001012   -14.132            1 19366.028
 798      0.665901   -0.000462   -13.864            1 19391.803
 799      0.665358   -0.000543   -13.632            1 19420.372
 800      0.664282   -0.001076   -13.666            1 19451.380
 801      0.662896   -0.001386   -13.859            1 19481.662
 802      0.662013   -0.000882   -13.801            1 19509.260
 803      0.661587   -0.000427   -13.510            1 19537.205
 804      0.660253   -0.001333   -13.675            1 19568.403
 805      0.659307   -0.000947   -13.647            1 19597.179
 806      0.659226   -0.000081   -13.177            1 19625.930
 807      0.657786   -0.001441   -13.391            1 19660.366
 808      0.657068   -0.000717   -13.242            1 19691.664
 809      0.656696   -0.000372   -12.912            1 19724.569
 810      0.655567   -0.001130   -12.964            1 19761.535
 811      0.654449   -0.001118   -13.011            1 19797.477
 812      0.654120   -0.000329   -12.655            1 19832.424
 813      0.652199   -0.001921   -13.111            1 19871.972
 814      0.651680   -0.000519   -12.855            1 19904.803
 815      0.651219   -0.000461   -12.564            1 19940.847
 816      0.650259   -0.000961   -12.525            1 19980.709
 817      0.649013   -0.001245   -12.633            1 20020.811
 818      0.648315   -0.000698   -12.460            1 20058.979
 819      0.647165   -0.001150   -12.519            1 20099.346
 820      0.646340   -0.000826   -12.411            1 20138.470
 821      0.645792   -0.000547   -12.156            1 20178.860
 822      0.645034   -0.000758   -12.006            1 20222.835
 823      0.643933   -0.001101   -12.030            1 20268.858
 824      0.643108   -0.000825   -11.912            1 20314.165
 825      0.641854   -0.001255   -12.017            1 20361.046
 826      0.641121   -0.000732   -11.851            1 20405.872
 827      0.639789   -0.001333   -11.997            1 20453.081
 828      0.639100   -0.000689   -11.809            1 20497.481
 829      0.637506   -0.001594   -12.093            1 20544.681
 830      0.637009   -0.000497   -11.808            1 20586.603
 831      0.636499   -0.000510   -11.523            1 20633.033
 832      0.635455   -0.001044   -11.512            1 20684.128
 833      0.634520   -0.000935   -11.445            1 20735.053
 834      0.633414   -0.001106   -11.466            1 20786.846
 835      0.632533   -0.000881   -11.370            1 20837.858
 836      0.632398   -0.000135   -10.876            1 20890.275
 837      0.631167   -0.001231   -10.951            1 20951.809
 838      0.629497   -0.001670   -11.264            1 21011.605
 839      0.628993   -0.000504   -10.964            1 21064.922
 840      0.627911   -0.001082   -10.965            1 21123.806
 841      0.627063   -0.000848   -10.841            1 21182.317
 842      0.626271   -0.000793   -10.686            1 21242.998
 843      0.624796   -0.001475   -10.893            1 21306.598
 844      0.624341   -0.000455   -10.558            1 21365.461
 845      0.623250   -0.001091   -10.557            1 21431.137
 846      0.621403   -0.001846   -10.965            1 21496.514
 847      0.621142   -0.000262   -10.529            1 21552.473
 848      0.620007   -0.001135   -10.553            1 21617.718
 849      0.618770   -0.001237   -10.635            1 21682.008
 850      0.618090   -0.000680   -10.417            1 21743.955
 851      0.616967   -0.001123   -10.435            1 21810.560
 852      0.615703   -0.001264   -10.532            1 21876.303
 853      0.614679   -0.001024   -10.501            1 21939.223
 854      0.613564   -0.001115   -10.520            1 22002.357
 855      0.611957   -0.001607   -10.811            1 22064.447
 856      0.611536   -0.000420   -10.460            1 22118.566
 857      0.610558   -0.000978   -10.405            1 22180.923
 858      0.610075   -0.000483   -10.077            1 22244.058
 859      0.609375   -0.000699    -9.858            1 22315.324
 860      0.607910   -0.001465   -10.055            1 22392.070
 861      0.607674   -0.000236    -9.580            1 22462.835
 862      0.605218   -0.002456   -10.321            1 22546.518
 863      0.604814   -0.000405    -9.949            1 22608.482
 864      0.604281   -0.000532    -9.635            1 22680.421
 865      0.603167   -0.001114    -9.637            1 22761.030
 866      0.601601   -0.001566    -9.891            1 22841.066
 867      0.600575   -0.001026    -9.854            1 22912.651
 868      0.599415   -0.001160    -9.891            1 22984.601
 869      0.598958   -0.000457    -9.537            1 23054.536
 870      0.597448   -0.001510    -9.762            1 23135.093
 871      0.596792   -0.000657    -9.516            1 23207.466
 872      0.595908   -0.000883    -9.390            1 23287.186
 873      0.594831   -0.001078    -9.370            1 23370.433
 874      0.593575   -0.001256    -9.451            1 23453.597
 875      0.592431   -0.001144    -9.474            1 23533.027
 876      0.591886   -0.000544    -9.157            1 23610.691
 877      0.590908   -0.000979    -9.076            1 23699.073
 878      0.589654   -0.001254    -9.150            1 23789.678
 879      0.588030   -0.001624    -9.439            1 23876.566
 880      0.587550   -0.000481    -9.087            1 23951.106
 881      0.587224   -0.000326    -8.634            1 24038.403
 882      0.586307   -0.000917    -8.501            1 24143.375
 883      0.585543   -0.000764    -8.277            1 24253.272
 884      0.583399   -0.002144    -8.839            1 24372.352
 885      0.583012   -0.000387    -8.412            1 24465.955
 886      0.582728   -0.000285    -7.909            1 24577.638
 887      0.581094   -0.001634    -8.167            1 24712.144
 888      0.579893   -0.001201    -8.186            1 24833.949
 889      0.577246   -0.002647    -9.051            1 24954.098
 890      0.576502   -0.000744    -8.845            1 25030.902
 891      0.576167   -0.000335    -8.391            1 25115.925
 892      0.575160   -0.001007    -8.312            1 25222.256
 893      0.574296   -0.000864    -8.146            1 25331.361
 894      0.573221   -0.001075    -8.098            1 25448.012
 895      0.572467   -0.000754    -7.861            1 25566.003
 896      0.570012   -0.002455    -8.616            1 25696.239
 897      0.569452   -0.000560    -8.289            1 25781.533
 898      0.568210   -0.001242    -8.352            1 25883.526
 899      0.567785   -0.000425    -7.934            1 25979.608
 900      0.567239   -0.000546    -7.569            1 26099.230
 901      0.565624   -0.001615    -7.822            1 26240.622
 902      0.563893   -0.001730    -8.159            1 26363.800
 903      0.563192   -0.000702    -7.900            1 26462.327
 904      0.561816   -0.001376    -8.033            1 26575.730
 905      0.561395   -0.000421    -7.601            1 26677.214
 906      0.560439   -0.000956    -7.469            1 26806.964
 907      0.559538   -0.000901    -7.297            1 26944.292
 908      0.558215   -0.001323    -7.372            1 27092.653
 909      0.557412   -0.000803    -7.139            1 27232.850
 910      0.555201   -0.002211    -7.746            1 27389.728
 911      0.554697   -0.000504    -7.354            1 27493.247
 912      0.553965   -0.000732    -7.080            1 27626.256
 913      0.552852   -0.001113    -7.023            1 27780.443
 914      0.551829   -0.001023    -6.909            1 27937.007
 915      0.550481   -0.001348    -6.988            1 28101.470
 916      0.550183   -0.000298    -6.431            1 28255.022
 917      0.549268   -0.000915    -6.218     0.999999 28462.412
 918      0.547737   -0.001531    -6.372            1 28690.987
 919      0.545998   -0.001739    -6.666            1 28900.888
 920      0.545778   -0.000220    -6.044     0.999998 29074.419
 921      0.545012   -0.000766    -5.718     0.999988 29318.226
 922      0.543493   -0.001519    -5.839     0.999994 29601.811
 923      0.543291   -0.000202    -5.150     0.999848 29869.051
 924      0.541949   -0.001342    -5.122      0.99983 30231.308
 925      0.541313   -0.000636    -4.651      0.99899 30600.506
 926      0.539118   -0.002195    -5.132     0.999836 31046.478
 927      0.537580   -0.001537    -5.239     0.999895 31420.276
 928      0.536104   -0.001477    -5.320     0.999926 31777.970
 929      0.534908   -0.001196    -5.230     0.999891 32121.926
 930      0.533145   -0.001763    -5.502     0.999967 32481.229
 931      0.532445   -0.000700    -5.111     0.999822 32788.390
 932      0.530718   -0.001727    -5.356     0.999937 33168.238
 933      0.529396   -0.001322    -5.362     0.999939 33496.098
 934      0.527772   -0.001624    -5.569     0.999976 33817.678
 935      0.527099   -0.000673    -5.173     0.999862 34086.933
 936      0.525312   -0.001787    -5.475     0.999963 34438.784
 937      0.523619   -0.001693    -5.746      0.99999 34709.789
 938      0.523368   -0.000251    -5.092     0.999807 34900.493
 939      0.522313   -0.001055    -4.908     0.999603 35247.545
 940      0.521475   -0.000838    -4.564      0.99864 35636.967
 941      0.520908   -0.000568    -4.006     0.992565 36123.263
 942      0.518704   -0.002204    -4.483     0.998214 36794.114
 943      0.518062   -0.000642    -3.969     0.991768 37300.394
 944      0.516599   -0.001462    -3.951      0.99136 37996.440
 945      0.514514   -0.002085    -4.360     0.997359 38705.422
 946      0.513107   -0.001407    -4.362     0.997376 39238.215
 947      0.510874   -0.002233    -4.935     0.999642 39756.166
 948      0.508755   -0.002119    -5.498     0.999967 39984.046
 949      0.507985   -0.000770    -5.200     0.999877 39902.801
 950      0.507696   -0.000289    -4.543     0.998536 39904.226
 951      0.507315   -0.000381    -3.868     0.989252 40198.096
 952      0.504898   -0.002417    -4.487      0.99824 40859.654
 953      0.503367   -0.001531    -4.592     0.998761 41080.297
 954      0.502082   -0.001285    -4.544     0.998541 41159.384
 955      0.501946   -0.000136    -3.713     0.984173 41186.420
 956      0.500869   -0.001077    -3.388     0.967027 41793.309
 957      0.499108   -0.001761    -3.470     0.972363 42651.015
 958      0.497961   -0.001148    -3.155     0.947544 43374.596
 959      0.496076   -0.001885    -3.283     0.959077 44400.284
 960      0.495341   -0.000735    -2.654     0.878263 45197.635
 961      0.492877   -0.002464    -3.072     0.938824 46874.657
 962      0.490847   -0.002029    -3.299     0.960427 47790.931
 963      0.489031   -0.001816    -3.431     0.969899 48114.346
 964      0.487999   -0.001032    -3.052     0.936543 47892.183
 965      0.486727   -0.001272    -2.738     0.892795 48165.810
 966      0.486281   -0.000446    -1.775     0.659707 48936.072
 967      0.482995   -0.003286        NA           NA        NA
 968      0.481703   -0.001292        NA           NA        NA
 969      0.479951   -0.001753        NA           NA        NA
 970      0.476100   -0.003851        NA           NA        NA
 971      0.475428   -0.000671        NA           NA        NA
 972      0.472716   -0.002713        NA           NA        NA
 973      0.470388   -0.002327        NA           NA        NA
 974      0.464182   -0.006206        NA           NA        NA
 975      0.462794   -0.001387        NA           NA        NA
    kurtosis           snps    indivs
 eigenvector    1     3.007     3.305
population:   0              Control  779
population:   1                 Case  197

## Average divergence between populations:
              Control       Case     popsize
   Control      0.998      1.000         779
      Case      1.000      1.002         197


number of blocks for moving block jackknife: 452
fst *1000:
          C     C 
   C      0     0
   C      0     0

s.dev * 1000000:
          C     C 
   C      0    24
   C     24     0

eigenvector 1:means
             Control     -0.002
                Case      0.007
## Anova statistics for population differences along each eigenvector:
                                              p-value
             eigenvector_1_Control_Case_   0.000645171 ***

## Statistical significance of differences beween populations:
                                pop1                  pop2      chisq          p-value   |pop1|   |pop2|
popdifference:               Control                  Case        11.671   0.000634888     779     197

eigbestsnp    1             rs722448 14     22767645     3.731
eigbestsnp    1            rs7231415 18     72879123     3.672
eigbestsnp    1            rs4968132 17       850226     3.454
eigbestsnp    1            rs6139335 20      4140721     3.437
eigbestsnp    1            rs1022177 18      1046304     3.414
eigbestsnp    1             rs895797 11    131264611     3.380
eigbestsnp    1            rs2242629 14     77333963     3.304
eigbestsnp    1           rs10759238  9    110231170     3.276
eigbestsnp    1            rs3786701 19     10124504     3.261
eigbestsnp    1            rs1320482 14     21176809     3.247
##end of smartpca run

Correlation between eigenvector 1 (of 1) and Case/Control status is 0.109
