parameter file: PCA2_pruned.pca.par
### THE INPUT PARAMETERS
##PARAMETER NAME: VALUE
genotypename: PCA2_pruned.bed
snpname: PCA2_pruned.bim
indivname: PCA2_pruned.fam
evecoutname: PCA2_pruned.pca.evec
evaloutname: PCA2_pruned.eval
altnormstyle: NO
numoutevec: 2
numoutlieriter: 0
numoutlierevec: 2
outliersigmathresh: 6
qtmode: 0
## smartpca version: 13050
norm used

genetic distance set from physical distance
genotype file processed
number of samples used: 976 number of snps used: 9798
Using 8 threads, and partial sum lookup algorithm.
total number of snps killed in pass: 0  used: 9798

## Tracy-Widom statistics: rows: 976  cols: 9798
  #N    eigenvalue  difference    twstat      p-value effect. n
   1      1.803372          NA    10.051  4.71075e-11  9239.859
   2      1.753721   -0.049651     0.346     0.113369  9263.783
   3      1.745942   -0.007778    -0.726     0.336097  9282.083
   4      1.740478   -0.005464    -1.326     0.518422  9299.831
   5      1.735776   -0.004702    -1.775     0.659666  9317.295
   6      1.725725   -0.010051    -3.354     0.964631  9334.558
   7      1.717610   -0.008115    -4.544     0.998542  9350.985
   8      1.712510   -0.005100    -5.111     0.999821  9366.797
   9      1.707791   -0.004719    -5.604      0.99998  9382.337
  10      1.705755   -0.002036    -5.534     0.999972  9397.648
  11      1.704311   -0.001445    -5.340     0.999932  9413.040
  12      1.697583   -0.006728    -6.267     0.999999  9428.585
  13      1.689766   -0.007817    -7.437            1  9443.654
  14      1.686691   -0.003074    -7.608            1  9458.115
  15      1.683923   -0.002769    -7.715            1  9472.521
  16      1.682036   -0.001886    -7.636            1  9486.905
  17      1.673031   -0.009006    -9.084            1  9501.371
  18      1.671107   -0.001923    -9.025            1  9515.072
  19      1.668516   -0.002592    -9.110            1  9528.840
  20      1.664348   -0.004168    -9.537            1  9542.597
  21      1.663581   -0.000767    -9.234            1  9556.152
  22      1.658443   -0.005138    -9.874            1  9569.910
  23      1.658066   -0.000376    -9.490            1  9583.347
  24      1.651895   -0.006171   -10.360            1  9597.032
  25      1.649952   -0.001943   -10.320            1  9610.265
  26      1.644989   -0.004963   -10.938            1  9623.554
  27      1.638640   -0.006349   -11.864            1  9636.530
  28      1.637866   -0.000774   -11.583            1  9649.022
  29      1.636362   -0.001504   -11.460            1  9661.701
  30      1.635785   -0.000578   -11.133            1  9674.478
  31      1.631682   -0.004103   -11.576            1  9687.471
  32      1.631105   -0.000577   -11.250            1  9700.245
  33      1.629016   -0.002089   -11.255            1  9713.234
  34      1.625166   -0.003850   -11.648            1  9726.251
  35      1.621679   -0.003488   -11.965            1  9739.078
  36      1.617371   -0.004308   -12.468            1  9751.756
  37      1.616035   -0.001336   -12.317            1  9764.179
  38      1.613643   -0.002391   -12.400            1  9776.716
  39      1.608874   -0.004770   -13.013            1  9789.235
  40      1.606816   -0.002058   -13.029            1  9801.436
  41      1.603448   -0.003368   -13.337            1  9813.656
  42      1.603056   -0.000392   -12.985            1  9825.728
  43      1.599648   -0.003408   -13.304            1  9838.028
  44      1.596674   -0.002974   -13.530            1  9850.175
  45      1.592477   -0.004197   -14.032            1  9862.220
  46      1.587492   -0.004985   -14.717            1  9874.004
  47      1.585866   -0.001625   -14.653            1  9885.424
  48      1.584885   -0.000982   -14.444            1  9896.906
  49      1.583238   -0.001647   -14.383            1  9908.531
  50      1.580218   -0.003019   -14.633            1  9920.217
  51      1.577733   -0.002485   -14.765            1  9931.785
  52      1.574699   -0.003034   -15.022            1  9943.302
  53      1.573226   -0.001473   -14.929            1  9954.695
  54      1.571688   -0.001538   -14.850            1  9966.167
  55      1.568178   -0.003509   -15.219            1  9977.709
  56      1.565212   -0.002966   -15.468            1  9989.062
  57      1.561889   -0.003324   -15.802            1 10000.294
  58      1.557507   -0.004382   -16.381            1 10011.355
  59      1.554710   -0.002797   -16.603            1 10022.104
  60      1.552462   -0.002248   -16.702            1 10032.746
  61      1.552071   -0.000391   -16.376            1 10043.352
  62      1.548293   -0.003778   -16.826            1 10054.169
  63      1.546336   -0.001956   -16.862            1 10064.745
  64      1.544548   -0.001788   -16.859            1 10075.321
  65      1.542009   -0.002539   -17.030            1 10085.920
  66      1.541154   -0.000856   -16.815            1 10096.440
  67      1.539652   -0.001501   -16.747            1 10107.107
  68      1.537921   -0.001732   -16.732            1 10117.835
  69      1.535138   -0.002783   -16.962            1 10128.594
  70      1.533297   -0.001841   -16.975            1 10139.238
  71      1.532640   -0.000658   -16.714            1 10149.894
  72      1.530887   -0.001752   -16.706            1 10160.728
  73      1.528227   -0.002661   -16.911            1 10171.588
  74      1.525889   -0.002338   -17.042            1 10182.347
  75      1.523777   -0.002113   -17.122            1 10193.050
  76      1.521498   -0.002279   -17.242            1 10203.725
  77      1.520251   -0.001247   -17.122            1 10214.350
  78      1.519223   -0.001028   -16.950            1 10225.067
  79      1.517194   -0.002029   -17.012            1 10235.909
  80      1.512064   -0.005130   -17.805            1 10246.736
  81      1.510193   -0.001871   -17.838            1 10257.103
  82      1.508695   -0.001497   -17.783            1 10267.471
  83      1.507246   -0.001449   -17.717            1 10277.891
  84      1.504129   -0.003117   -18.045            1 10288.372
  85      1.502779   -0.001350   -17.958            1 10298.672
  86      1.501595   -0.001184   -17.831            1 10309.045
  87      1.499712   -0.001884   -17.870            1 10319.515
  88      1.496682   -0.003030   -18.182            1 10329.982
  89      1.495318   -0.001364   -18.101            1 10340.276
  90      1.493249   -0.002069   -18.188            1 10350.639
  91      1.491564   -0.001685   -18.184            1 10360.969
  92      1.490144   -0.001420   -18.117            1 10371.320
  93      1.489119   -0.001025   -17.956            1 10381.732
  94      1.485326   -0.003793   -18.457            1 10392.264
  95      1.483287   -0.002039   -18.542            1 10402.503
  96      1.481031   -0.002256   -18.680            1 10412.709
  97      1.477899   -0.003132   -19.031            1 10422.847
  98      1.476640   -0.001259   -18.934            1 10432.785
  99      1.475702   -0.000938   -18.759            1 10442.800
 100      1.473734   -0.001969   -18.832            1 10452.944
 101      1.469144   -0.004589   -19.540            1 10463.059
 102      1.467639   -0.001505   -19.508            1 10472.748
 103      1.466456   -0.001183   -19.398            1 10482.474
 104      1.465270   -0.001186   -19.288            1 10492.286
 105      1.460540   -0.004730   -20.039            1 10502.184
 106      1.459449   -0.001091   -19.911            1 10511.626
 107      1.457810   -0.001639   -19.916            1 10521.164
 108      1.456893   -0.000916   -19.745            1 10530.714
 109      1.455284   -0.001610   -19.743            1 10540.389
 110      1.452854   -0.002430   -19.941            1 10550.082
 111      1.451538   -0.001316   -19.869            1 10559.665
 112      1.450603   -0.000935   -19.704            1 10569.309
 113      1.448644   -0.001959   -19.789            1 10579.076
 114      1.447406   -0.001237   -19.697            1 10588.805
 115      1.445969   -0.001437   -19.655            1 10598.609
 116      1.443328   -0.002641   -19.908            1 10608.458
 117      1.440329   -0.002999   -20.253            1 10618.159
 118      1.437415   -0.002914   -20.581            1 10627.653
 119      1.437223   -0.000192   -20.238            1 10636.950
 120      1.435065   -0.002158   -20.380            1 10646.484
 121      1.434266   -0.000798   -20.186            1 10655.941
 122      1.431356   -0.002910   -20.515            1 10665.540
 123      1.430826   -0.000530   -20.257            1 10674.939
 124      1.429399   -0.001427   -20.219            1 10684.523
 125      1.426009   -0.003390   -20.670            1 10694.148
 126      1.425336   -0.000674   -20.449            1 10703.491
 127      1.423753   -0.001583   -20.453            1 10712.994
 128      1.421386   -0.002367   -20.653            1 10722.511
 129      1.418658   -0.002727   -20.945            1 10731.910
 130      1.416216   -0.002442   -21.169            1 10741.130
 131      1.414721   -0.001495   -21.158            1 10750.215
 132      1.412522   -0.002199   -21.324            1 10759.321
 133      1.411798   -0.000724   -21.121            1 10768.331
 134      1.410061   -0.001737   -21.171            1 10777.489
 135      1.408394   -0.001667   -21.205            1 10786.628
 136      1.407057   -0.001337   -21.156            1 10795.757
 137      1.405865   -0.001191   -21.071            1 10804.933
 138      1.404897   -0.000968   -20.928            1 10814.181
 139      1.402913   -0.001983   -21.042            1 10823.538
 140      1.401315   -0.001598   -21.060            1 10832.833
 141      1.399730   -0.001585   -21.074            1 10842.130
 142      1.396912   -0.002818   -21.403            1 10851.431
 143      1.396190   -0.000722   -21.202            1 10860.522
 144      1.395040   -0.001150   -21.108            1 10869.763
 145      1.394353   -0.000687   -20.896            1 10879.083
 146      1.390794   -0.003559   -21.415            1 10888.563
 147      1.388092   -0.002702   -21.721            1 10897.699
 148      1.387554   -0.000538   -21.475            1 10906.638
 149      1.385692   -0.001863   -21.568            1 10915.760
 150      1.385045   -0.000646   -21.349            1 10924.830
 151      1.382832   -0.002213   -21.532            1 10934.065
 152      1.382491   -0.000342   -21.235            1 10943.187
 153      1.381567   -0.000924   -21.086            1 10952.528
 154      1.378064   -0.003503   -21.601            1 10961.988
 155      1.377702   -0.000363   -21.310            1 10971.101
 156      1.376806   -0.000896   -21.155            1 10980.431
 157      1.373316   -0.003490   -21.670            1 10989.884
 158      1.368562   -0.004753   -22.516            1 10998.988
 159      1.368480   -0.000082   -22.160            1 11007.510
 160      1.367258   -0.001222   -22.097            1 11016.292
 161      1.366398   -0.000860   -21.940            1 11025.131
 162      1.366121   -0.000277   -21.630            1 11034.093
 163      1.364942   -0.001178   -21.552            1 11043.288
 164      1.360314   -0.004628   -22.373            1 11052.551
 165      1.359621   -0.000693   -22.175            1 11061.241
 166      1.358342   -0.001279   -22.129            1 11070.083
 167      1.357649   -0.000693   -21.930            1 11078.970
 168      1.355316   -0.002334   -22.158            1 11088.012
 169      1.355006   -0.000310   -21.859            1 11096.902
 170      1.353344   -0.001662   -21.912            1 11106.020
 171      1.352450   -0.000894   -21.764            1 11115.112
 172      1.350554   -0.001896   -21.879            1 11124.323
 173      1.349453   -0.001101   -21.786            1 11133.463
 174      1.348289   -0.001164   -21.710            1 11142.684
 175      1.346540   -0.001749   -21.787            1 11151.974
 176      1.345238   -0.001302   -21.747            1 11161.219
 177      1.342348   -0.002890   -22.128            1 11170.507
 178      1.341102   -0.001246   -22.076            1 11179.526
 179      1.339995   -0.001107   -21.988            1 11188.596
 180      1.337608   -0.002387   -22.239            1 11197.742
 181      1.337446   -0.000161   -21.902            1 11206.714
 182      1.336279   -0.001167   -21.829            1 11215.949
 183      1.332920   -0.003360   -22.340            1 11225.251
 184      1.331435   -0.001485   -22.356            1 11234.183
 185      1.328963   -0.002472   -22.636            1 11243.115
 186      1.328489   -0.000474   -22.385            1 11251.848
 187      1.326138   -0.002352   -22.634            1 11260.780
 188      1.324551   -0.001586   -22.681            1 11269.536
 189      1.323206   -0.001345   -22.664            1 11278.267
 190      1.320724   -0.002482   -22.952            1 11287.021
 191      1.319955   -0.000769   -22.783            1 11295.567
 192      1.318750   -0.001204   -22.730            1 11304.251
 193      1.317975   -0.000775   -22.562            1 11312.986
 194      1.317500   -0.000475   -22.311            1 11321.859
 195      1.313796   -0.003704   -22.930            1 11330.935
 196      1.313420   -0.000376   -22.656            1 11339.547
 197      1.312603   -0.000816   -22.498            1 11348.380
 198      1.309736   -0.002868   -22.895            1 11357.345
 199      1.307416   -0.002320   -23.148            1 11366.014
 200      1.306771   -0.000645   -22.948            1 11374.497
 201      1.305789   -0.000982   -22.839            1 11383.145
 202      1.304255   -0.001534   -22.879            1 11391.886
 203      1.303390   -0.000865   -22.738            1 11400.606
 204      1.303058   -0.000331   -22.451            1 11409.446
 205      1.300539   -0.002520   -22.758            1 11418.522
 206      1.299265   -0.001274   -22.728            1 11427.367
 207      1.296619   -0.002647   -23.074            1 11436.245
 208      1.295943   -0.000676   -22.883            1 11444.861
 209      1.293744   -0.002199   -23.109            1 11453.637
 210      1.291937   -0.001806   -23.229            1 11462.244
 211      1.291445   -0.000493   -22.990            1 11470.764
 212      1.289423   -0.002022   -23.170            1 11479.483
 213      1.288531   -0.000892   -23.041            1 11488.069
 214      1.287974   -0.000557   -22.818            1 11496.766
 215      1.286189   -0.001784   -22.933            1 11505.651
 216      1.283747   -0.002443   -23.231            1 11514.454
 217      1.282176   -0.001571   -23.290            1 11523.026
 218      1.281230   -0.000946   -23.178            1 11531.560
 219      1.280344   -0.000886   -23.048            1 11540.192
 220      1.278274   -0.002070   -23.246            1 11548.938
 221      1.274982   -0.003292   -23.785            1 11557.533
 222      1.274448   -0.000534   -23.563            1 11565.699
 223      1.272670   -0.001778   -23.685            1 11574.052
 224      1.272495   -0.000176   -23.363            1 11582.313
 225      1.272088   -0.000407   -23.102            1 11590.845
 226      1.269691   -0.002397   -23.395            1 11599.600
 227      1.269011   -0.000680   -23.212            1 11608.121
 228      1.267358   -0.001653   -23.299            1 11616.802
 229      1.264972   -0.002386   -23.592            1 11625.420
 230      1.263777   -0.001195   -23.555            1 11633.803
 231      1.263241   -0.000536   -23.333            1 11642.224
 232      1.260873   -0.002368   -23.624            1 11650.837
 233      1.260389   -0.000484   -23.388            1 11659.216
 234      1.258757   -0.001632   -23.473            1 11667.800
 235      1.258477   -0.000280   -23.179            1 11676.320
 236      1.257741   -0.000735   -23.010            1 11685.095
 237      1.256705   -0.001036   -22.926            1 11694.022
 238      1.255196   -0.001509   -22.975            1 11703.029
 239      1.251084   -0.004112   -23.761            1 11712.003
 240      1.249560   -0.001525   -23.821            1 11720.318
 241      1.248681   -0.000878   -23.700            1 11728.589
 242      1.247007   -0.001674   -23.803            1 11736.969
 243      1.245508   -0.001498   -23.857            1 11745.268
 244      1.245005   -0.000503   -23.630            1 11753.527
 245      1.244218   -0.000787   -23.482            1 11761.987
 246      1.244025   -0.000193   -23.163            1 11770.583
 247      1.241546   -0.002480   -23.494            1 11779.461
 248      1.240400   -0.001145   -23.448            1 11788.060
 249      1.240023   -0.000377   -23.182            1 11796.707
 250      1.237867   -0.002157   -23.423            1 11805.593
 251      1.237122   -0.000745   -23.262            1 11814.277
 252      1.234920   -0.002202   -23.518            1 11823.109
 253      1.233776   -0.001144   -23.473            1 11831.724
 254      1.232412   -0.001364   -23.491            1 11840.385
 255      1.231139   -0.001272   -23.484            1 11849.038
 256      1.230617   -0.000523   -23.261            1 11857.704
 257      1.228536   -0.002081   -23.485            1 11866.576
 258      1.226370   -0.002165   -23.736            1 11875.256
 259      1.225205   -0.001165   -23.700            1 11883.720
 260      1.224103   -0.001102   -23.647            1 11892.221
 261      1.223395   -0.000708   -23.479            1 11900.776
 262      1.221410   -0.001984   -23.680            1 11909.489
 263      1.220899   -0.000512   -23.456            1 11918.027
 264      1.218497   -0.002401   -23.779            1 11926.774
 265      1.217220   -0.001277   -23.778            1 11935.236
 266      1.215734   -0.001486   -23.839            1 11943.704
 267      1.215567   -0.000167   -23.516            1 11952.123
 268      1.214459   -0.001107   -23.465            1 11960.842
 269      1.212913   -0.001546   -23.542            1 11969.614
 270      1.212140   -0.000773   -23.394            1 11978.322
 271      1.209329   -0.002812   -23.842            1 11987.173
 272      1.208582   -0.000747   -23.689            1 11995.618
 273      1.207426   -0.001156   -23.655            1 12004.210
 274      1.206574   -0.000852   -23.532            1 12012.839
 275      1.205202   -0.001372   -23.561            1 12021.589
 276      1.204042   -0.001160   -23.528            1 12030.318
 277      1.202941   -0.001101   -23.478            1 12039.084
 278      1.201094   -0.001846   -23.648            1 12047.903
 279      1.199913   -0.001181   -23.623            1 12056.569
 280      1.198457   -0.001456   -23.679            1 12065.264
 281      1.198096   -0.000360   -23.413            1 12073.912
 282      1.195593   -0.002503   -23.778            1 12082.818
 283      1.194365   -0.001228   -23.769            1 12091.383
 284      1.193315   -0.001050   -23.708            1 12099.962
 285      1.191801   -0.001515   -23.785            1 12108.605
 286      1.190561   -0.001239   -23.781            1 12117.179
 287      1.189084   -0.001478   -23.848            1 12125.763
 288      1.188728   -0.000355   -23.582            1 12134.287
 289      1.186539   -0.002189   -23.860            1 12143.073
 290      1.185635   -0.000903   -23.758            1 12151.595
 291      1.184876   -0.000759   -23.611            1 12160.221
 292      1.183779   -0.001098   -23.566            1 12168.994
 293      1.183499   -0.000279   -23.275            1 12177.817
 294      1.181903   -0.001597   -23.377            1 12186.930
 295      1.180137   -0.001765   -23.530            1 12195.950
 296      1.178515   -0.001623   -23.643            1 12204.825
 297      1.177373   -0.001142   -23.612            1 12213.594
 298      1.175363   -0.002010   -23.843            1 12222.399
 299      1.174058   -0.001304   -23.863            1 12230.980
 300      1.173351   -0.000708   -23.704            1 12239.546
 301      1.170918   -0.002432   -24.065            1 12248.274
 302      1.170150   -0.000768   -23.926            1 12256.647
 303      1.168138   -0.002012   -24.162            1 12265.161
 304      1.167509   -0.000629   -23.983            1 12273.443
 305      1.167323   -0.000187   -23.668            1 12281.908
 306      1.166630   -0.000693   -23.505            1 12290.694
 307      1.165412   -0.001218   -23.499            1 12299.650
 308      1.163534   -0.001878   -23.695            1 12308.616
 309      1.162928   -0.000606   -23.505            1 12317.389
 310      1.162215   -0.000714   -23.347            1 12326.359
 311      1.159110   -0.003105   -23.917            1 12335.496
 312      1.158656   -0.000453   -23.683            1 12344.054
 313      1.157486   -0.001170   -23.667            1 12352.855
 314      1.156072   -0.001414   -23.725            1 12361.677
 315      1.154829   -0.001243   -23.732            1 12370.443
 316      1.154308   -0.000522   -23.518            1 12379.206
 317      1.153909   -0.000398   -23.265            1 12388.195
 318      1.152101   -0.001809   -23.443            1 12397.454
 319      1.150508   -0.001593   -23.557            1 12406.531
 320      1.148850   -0.001658   -23.691            1 12415.494
 321      1.146982   -0.001868   -23.893            1 12424.319
 322      1.146669   -0.000313   -23.617            1 12432.935
 323      1.145310   -0.001359   -23.661            1 12441.846
 324      1.144639   -0.000672   -23.495            1 12450.713
 325      1.143674   -0.000965   -23.417            1 12459.762
 326      1.142119   -0.001555   -23.522            1 12468.897
 327      1.140551   -0.001568   -23.632            1 12477.924
 328      1.140239   -0.000312   -23.355            1 12486.837
 329      1.139161   -0.001078   -23.312            1 12496.053
 330      1.137162   -0.001999   -23.556            1 12505.319
 331      1.134878   -0.002284   -23.891            1 12514.325
 332      1.133692   -0.001186   -23.888            1 12522.971
 333      1.132963   -0.000729   -23.743            1 12531.622
 334      1.132566   -0.000397   -23.493            1 12540.434
 335      1.130971   -0.001595   -23.615            1 12549.523
 336      1.130115   -0.000856   -23.508            1 12558.480
 337      1.128854   -0.001261   -23.526            1 12567.559
 338      1.126991   -0.001863   -23.734            1 12576.621
 339      1.124058   -0.002933   -24.280            1 12585.455
 340      1.123507   -0.000551   -24.083            1 12593.688
 341      1.123305   -0.000202   -23.775            1 12602.138
 342      1.122152   -0.001153   -23.764            1 12610.932
 343      1.121465   -0.000687   -23.607            1 12619.740
 344      1.120442   -0.001023   -23.554            1 12628.727
 345      1.118544   -0.001898   -23.777            1 12637.775
 346      1.117096   -0.001447   -23.860            1 12646.575
 347      1.116239   -0.000857   -23.758            1 12655.281
 348      1.115784   -0.000455   -23.528            1 12664.105
 349      1.113684   -0.002100   -23.817            1 12673.192
 350      1.111663   -0.002022   -24.085            1 12681.951
 351      1.110876   -0.000787   -23.963            1 12690.406
 352      1.110578   -0.000297   -23.685            1 12699.000
 353      1.110131   -0.000448   -23.453            1 12707.913
 354      1.107677   -0.002453   -23.857            1 12717.097
 355      1.105640   -0.002037   -24.133            1 12725.815
 356      1.105363   -0.000277   -23.850            1 12734.214
 357      1.104916   -0.000447   -23.619            1 12742.940
 358      1.102982   -0.001934   -23.862            1 12751.936
 359      1.102156   -0.000826   -23.752            1 12760.649
 360      1.100006   -0.002150   -24.067            1 12769.490
 361      1.099807   -0.000199   -23.759            1 12777.963
 362      1.098263   -0.001544   -23.880            1 12786.797
 363      1.098057   -0.000206   -23.572            1 12795.488
 364      1.096078   -0.001980   -23.833            1 12804.544
 365      1.095849   -0.000229   -23.533            1 12813.291
 366      1.095042   -0.000807   -23.416            1 12822.396
 367      1.093917   -0.001125   -23.402            1 12831.641
 368      1.092071   -0.001846   -23.620            1 12840.906
 369      1.091108   -0.000963   -23.556            1 12849.908
 370      1.090510   -0.000598   -23.373            1 12858.988
 371      1.089608   -0.000902   -23.287            1 12868.291
 372      1.088791   -0.000817   -23.174            1 12877.700
 373      1.086424   -0.002367   -23.562            1 12887.250
 374      1.085489   -0.000935   -23.490            1 12896.324
 375      1.084362   -0.001127   -23.479            1 12905.488
 376      1.082812   -0.001550   -23.607            1 12914.665
 377      1.081529   -0.001283   -23.649            1 12923.684
 378      1.080538   -0.000990   -23.596            1 12932.651
 379      1.080210   -0.000329   -23.328            1 12941.682
 380      1.078593   -0.001616   -23.477            1 12951.048
 381      1.078158   -0.000436   -23.243            1 12960.227
 382      1.076555   -0.001603   -23.388            1 12969.702
 383      1.076336   -0.000219   -23.082            1 12978.992
 384      1.075787   -0.000549   -22.882            1 12988.672
 385      1.074259   -0.001528   -23.002            1 12998.608
 386      1.072394   -0.001865   -23.233            1 13008.393
 387      1.072010   -0.000384   -22.981            1 13017.883
 388      1.069986   -0.002024   -23.266            1 13027.699
 389      1.068777   -0.001209   -23.285            1 13037.148
 390      1.066625   -0.002152   -23.617            1 13046.571
 391      1.065871   -0.000754   -23.490            1 13055.566
 392      1.065185   -0.000686   -23.339            1 13064.723
 393      1.063459   -0.001726   -23.532            1 13074.074
 394      1.062163   -0.001296   -23.585            1 13083.172
 395      1.060892   -0.001271   -23.630            1 13092.200
 396      1.060459   -0.000433   -23.398            1 13101.166
 397      1.060149   -0.000310   -23.123            1 13110.434
 398      1.057925   -0.002224   -23.482            1 13120.065
 399      1.057589   -0.000336   -23.217            1 13129.218
 400      1.056478   -0.001111   -23.208            1 13138.723
 401      1.055816   -0.000662   -23.049            1 13148.238
 402      1.053888   -0.001929   -23.312            1 13157.966
 403      1.053137   -0.000750   -23.184            1 13167.339
 404      1.052770   -0.000368   -22.927            1 13176.883
 405      1.050653   -0.002116   -23.253            1 13186.774
 406      1.049502   -0.001151   -23.260            1 13196.221
 407      1.047858   -0.001644   -23.432            1 13205.656
 408      1.047475   -0.000383   -23.183            1 13214.854
 409      1.046293   -0.001182   -23.201            1 13224.390
 410      1.045630   -0.000662   -23.044            1 13233.899
 411      1.044434   -0.001197   -23.066            1 13243.623
 412      1.043300   -0.001133   -23.067            1 13253.315
 413      1.041980   -0.001320   -23.132            1 13263.004
 414      1.040714   -0.001266   -23.179            1 13272.600
 415      1.040037   -0.000677   -23.028            1 13282.128
 416      1.038643   -0.001394   -23.119            1 13291.865
 417      1.037025   -0.001618   -23.286            1 13301.472
 418      1.035894   -0.001130   -23.291            1 13310.839
 419      1.035022   -0.000873   -23.208            1 13320.197
 420      1.032689   -0.002333   -23.621            1 13329.668
 421      1.032357   -0.000332   -23.357            1 13338.548
 422      1.031002   -0.001355   -23.440            1 13347.797
 423      1.029907   -0.001095   -23.436            1 13356.923
 424      1.029528   -0.000379   -23.187            1 13366.049
 425      1.028126   -0.001402   -23.286            1 13375.528
 426      1.027947   -0.000178   -22.967            1 13384.860
 427      1.026454   -0.001494   -23.097            1 13394.649
 428      1.025860   -0.000593   -22.919            1 13404.246
 429      1.024227   -0.001633   -23.096            1 13414.099
 430      1.023916   -0.000311   -22.822            1 13423.688
 431      1.022723   -0.001194   -22.849            1 13433.677
 432      1.020975   -0.001748   -23.067            1 13443.623
 433      1.019021   -0.001954   -23.358            1 13453.242
 434      1.018662   -0.000359   -23.103            1 13462.424
 435      1.016633   -0.002029   -23.422            1 13471.979
 436      1.016413   -0.000220   -23.120            1 13481.051
 437      1.015163   -0.001250   -23.171            1 13490.569
 438      1.014450   -0.000712   -23.037            1 13500.004
 439      1.013126   -0.001324   -23.113            1 13509.634
 440      1.012932   -0.000194   -22.800            1 13519.143
 441      1.011820   -0.001112   -22.802            1 13529.123
 442      1.010569   -0.001250   -22.852            1 13539.095
 443      1.009553   -0.001016   -22.822            1 13548.984
 444      1.007892   -0.001661   -23.017            1 13558.915
 445      1.007212   -0.000680   -22.872            1 13568.540
 446      1.006072   -0.001140   -22.886            1 13578.383
 447      1.005423   -0.000649   -22.729            1 13588.198
 448      1.004023   -0.001400   -22.834            1 13598.251
 449      1.002885   -0.001138   -22.848            1 13608.135
 450      1.002082   -0.000803   -22.746            1 13617.990
 451      1.001286   -0.000797   -22.640            1 13628.000
 452      1.000209   -0.001077   -22.633            1 13638.171
 453      0.999330   -0.000878   -22.556            1 13648.349
 454      0.997925   -0.001405   -22.663            1 13658.644
 455      0.997383   -0.000542   -22.469            1 13668.761
 456      0.995530   -0.001853   -22.735            1 13679.185
 457      0.994894   -0.000636   -22.574            1 13689.175
 458      0.994184   -0.000709   -22.438            1 13699.418
 459      0.993554   -0.000630   -22.273            1 13709.875
 460      0.991956   -0.001599   -22.450            1 13720.597
 461      0.991110   -0.000846   -22.362            1 13731.025
 462      0.990359   -0.000751   -22.240            1 13741.591
 463      0.989209   -0.001150   -22.258            1 13752.354
 464      0.988390   -0.000819   -22.160            1 13763.082
 465      0.987135   -0.001256   -22.216            1 13773.969
 466      0.985146   -0.001989   -22.534            1 13784.757
 467      0.983874   -0.001272   -22.600            1 13795.007
 468      0.982407   -0.001467   -22.738            1 13805.138
 469      0.981883   -0.000523   -22.540            1 13815.030
 470      0.980774   -0.001109   -22.549            1 13825.246
 471      0.979985   -0.000790   -22.445            1 13835.438
 472      0.978399   -0.001586   -22.625            1 13845.798
 473      0.978227   -0.000172   -22.300            1 13855.843
 474      0.977598   -0.000629   -22.137            1 13866.433
 475      0.974381   -0.003217   -22.902            1 13877.299
 476      0.973449   -0.000932   -22.853            1 13886.839
 477      0.972812   -0.000638   -22.699            1 13896.450
 478      0.972495   -0.000316   -22.427            1 13906.315
 479      0.971648   -0.000847   -22.345            1 13916.642
 480      0.970225   -0.001423   -22.469            1 13927.104
 481      0.969161   -0.001064   -22.466            1 13937.337
 482      0.968065   -0.001096   -22.475            1 13947.565
 483      0.967168   -0.000898   -22.412            1 13957.767
 484      0.966770   -0.000398   -22.168            1 13968.068
 485      0.964989   -0.001781   -22.424            1 13978.795
 486      0.964206   -0.000783   -22.320            1 13989.055
 487      0.963935   -0.000272   -22.030            1 13999.490
 488      0.962471   -0.001463   -22.170            1 14010.438
 489      0.961221   -0.001250   -22.235            1 14021.123
 490      0.960229   -0.000992   -22.206            1 14031.680
 491      0.958548   -0.001681   -22.430            1 14042.278
 492      0.956638   -0.001910   -22.739            1 14052.456
 493      0.955326   -0.001312   -22.833            1 14062.055
 494      0.954473   -0.000853   -22.761            1 14071.465
 495      0.953222   -0.001251   -22.835            1 14080.991
 496      0.952623   -0.000599   -22.670            1 14090.365
 497      0.952323   -0.000300   -22.394            1 14100.025
 498      0.952037   -0.000286   -22.111            1 14110.183
 499      0.950940   -0.001097   -22.123            1 14120.857
 500      0.949718   -0.001221   -22.181            1 14131.497
 501      0.948383   -0.001336   -22.283            1 14142.013
 502      0.948171   -0.000211   -21.971            1 14152.322
 503      0.947375   -0.000797   -21.873            1 14163.212
 504      0.946753   -0.000621   -21.709            1 14174.278
 505      0.945008   -0.001745   -21.959            1 14185.649
 506      0.944772   -0.000236   -21.654            1 14196.525
 507      0.942873   -0.001899   -21.962            1 14207.981
 508      0.941368   -0.001506   -22.127            1 14218.826
 509      0.941025   -0.000343   -21.864            1 14229.334
 510      0.939443   -0.001582   -22.058            1 14240.343
 511      0.939388   -0.000055   -21.687            1 14250.957
 512      0.937287   -0.002101   -22.073            1 14262.289
 513      0.936539   -0.000748   -21.961            1 14272.841
 514      0.935005   -0.001534   -22.140            1 14283.601
 515      0.933928   -0.001077   -22.151            1 14293.986
 516      0.933391   -0.000537   -21.961            1 14304.331
 517      0.933242   -0.000150   -21.625            1 14315.041
 518      0.931799   -0.001442   -21.769            1 14326.416
 519      0.931525   -0.000274   -21.477            1 14337.483
 520      0.930360   -0.001165   -21.516            1 14349.133
 521      0.929457   -0.000903   -21.459            1 14360.688
 522      0.928144   -0.001313   -21.555            1 14372.349
 523      0.927634   -0.000509   -21.350            1 14383.798
 524      0.925402   -0.002232   -21.792            1 14395.659
 525      0.925375   -0.000028   -21.408            1 14406.584
 526      0.924491   -0.000883   -21.343            1 14418.295
 527      0.924061   -0.000430   -21.106            1 14430.129
 528      0.922926   -0.001136   -21.134            1 14442.451
 529      0.922094   -0.000832   -21.048            1 14454.701
 530      0.919856   -0.002238   -21.495            1 14467.124
 531      0.919561   -0.000295   -21.209            1 14478.577
 532      0.918293   -0.001269   -21.291            1 14490.628
 533      0.917126   -0.001167   -21.335            1 14502.488
 534      0.916478   -0.000648   -21.182            1 14514.237
 535      0.916133   -0.000345   -20.913            1 14526.302
 536      0.914673   -0.001460   -21.066            1 14538.942
 537      0.913848   -0.000825   -20.979            1 14551.232
 538      0.913365   -0.000483   -20.761            1 14563.701
 539      0.912086   -0.001279   -20.845            1 14576.642
 540      0.910562   -0.001524   -21.025            1 14589.382
 541      0.909788   -0.000774   -20.919            1 14601.707
 542      0.908693   -0.001095   -20.936            1 14614.254
 543      0.907556   -0.001137   -20.969            1 14626.748
 544      0.906040   -0.001517   -21.150            1 14639.151
 545      0.905238   -0.000802   -21.057            1 14651.128
 546      0.904284   -0.000954   -21.022            1 14663.297
 547      0.903453   -0.000831   -20.940            1 14675.527
 548      0.902633   -0.000821   -20.854            1 14687.929
 549      0.901330   -0.001302   -20.953            1 14700.513
 550      0.900110   -0.001220   -21.022            1 14712.849
 551      0.898619   -0.001491   -21.197            1 14725.006
 552      0.898368   -0.000252   -20.894            1 14736.735
 553      0.897331   -0.001037   -20.893            1 14749.153
 554      0.896000   -0.001331   -21.006            1 14761.555
 555      0.895308   -0.000692   -20.872            1 14773.669
 556      0.894284   -0.001024   -20.867            1 14786.081
 557      0.893612   -0.000671   -20.724            1 14798.485
 558      0.892857   -0.000755   -20.613            1 14811.211
 559      0.892136   -0.000721   -20.488            1 14824.188
 560      0.891144   -0.000992   -20.467            1 14837.452
 561      0.888964   -0.002180   -20.912            1 14850.749
 562      0.888423   -0.000540   -20.720            1 14862.938
 563      0.887279   -0.001144   -20.763            1 14875.576
 564      0.885812   -0.001466   -20.933            1 14888.086
 565      0.884944   -0.000869   -20.871            1 14900.151
 566      0.884011   -0.000932   -20.833            1 14912.345
 567      0.883496   -0.000515   -20.631            1 14924.608
 568      0.883072   -0.000425   -20.392            1 14937.353
 569      0.882284   -0.000788   -20.293            1 14950.682
 570      0.881588   -0.000696   -20.157            1 14964.242
 571      0.878832   -0.002756   -20.835            1 14978.131
 572      0.878540   -0.000292   -20.546            1 14990.263
 573      0.877088   -0.001452   -20.713            1 15003.111
 574      0.876132   -0.000956   -20.686            1 15015.501
 575      0.875123   -0.001009   -20.681            1 15027.933
 576      0.874615   -0.000508   -20.476            1 15040.353
 577      0.872842   -0.001773   -20.773            1 15053.280
 578      0.872299   -0.000543   -20.584            1 15065.401
 579      0.870563   -0.001736   -20.868            1 15077.990
 580      0.869110   -0.001453   -21.044            1 15089.798
 581      0.869019   -0.000091   -20.678            1 15101.108
 582      0.867949   -0.001070   -20.699            1 15113.357
 583      0.867913   -0.000036   -20.307            1 15125.517
 584      0.866693   -0.001220   -20.386            1 15138.702
 585      0.865317   -0.001376   -20.528            1 15151.647
 586      0.864813   -0.000504   -20.322            1 15164.175
 587      0.864268   -0.000545   -20.130            1 15177.236
 588      0.863025   -0.001243   -20.218            1 15190.795
 589      0.862816   -0.000209   -19.890            1 15204.085
 590      0.860288   -0.002527   -20.494            1 15218.260
 591      0.859788   -0.000501   -20.287            1 15230.722
 592      0.858794   -0.000994   -20.278            1 15243.727
 593      0.857410   -0.001384   -20.426            1 15256.727
 594      0.857107   -0.000303   -20.140            1 15269.274
 595      0.856236   -0.000871   -20.080            1 15282.601
 596      0.855532   -0.000704   -19.952            1 15296.066
 597      0.853382   -0.002150   -20.410            1 15309.869
 598      0.853159   -0.000223   -20.091            1 15322.318
 599      0.852390   -0.000769   -19.991            1 15335.653
 600      0.851725   -0.000665   -19.848            1 15349.247
 601      0.851351   -0.000374   -19.584            1 15363.229
 602      0.850948   -0.000403   -19.329            1 15377.962
 603      0.849037   -0.001911   -19.688            1 15393.427
 604      0.847643   -0.001394   -19.840            1 15407.795
 605      0.845869   -0.001775   -20.150            1 15421.675
 606      0.844899   -0.000969   -20.135            1 15434.588
 607      0.844419   -0.000481   -19.920            1 15447.507
 608      0.843357   -0.001062   -19.940            1 15461.039
 609      0.842799   -0.000558   -19.755            1 15474.469
 610      0.842394   -0.000405   -19.504            1 15488.429
 611      0.841118   -0.001276   -19.610            1 15503.128
 612      0.839783   -0.001335   -19.741            1 15517.467
 613      0.838678   -0.001106   -19.780            1 15531.360
 614      0.838242   -0.000436   -19.544            1 15545.092
 615      0.837203   -0.001039   -19.554            1 15559.529
 616      0.836772   -0.000430   -19.312            1 15573.899
 617      0.836257   -0.000515   -19.103            1 15589.001
 618      0.833816   -0.002441   -19.691            1 15604.742
 619      0.832754   -0.001062   -19.715            1 15618.557
 620      0.832239   -0.000515   -19.511            1 15632.254
 621      0.831609   -0.000630   -19.353            1 15646.568
 622      0.830814   -0.000795   -19.262            1 15661.356
 623      0.829206   -0.001608   -19.510            1 15676.405
 624      0.828687   -0.000518   -19.306            1 15690.598
 625      0.828494   -0.000193   -18.965            1 15705.423
 626      0.827431   -0.001063   -18.983            1 15721.353
 627      0.825985   -0.001446   -19.162            1 15737.187
 628      0.825918   -0.000067   -18.765            1 15752.379
 629      0.822748   -0.003171   -19.667            1 15768.882
 630      0.822547   -0.000201   -19.333            1 15782.278
 631      0.821710   -0.000836   -19.263            1 15796.759
 632      0.820346   -0.001365   -19.414            1 15811.435
 633      0.819886   -0.000460   -19.187            1 15825.542
 634      0.818781   -0.001105   -19.229            1 15840.388
 635      0.818144   -0.000637   -19.074            1 15855.041
 636      0.817116   -0.001028   -19.083            1 15870.189
 637      0.816648   -0.000468   -18.856            1 15885.258
 638      0.815710   -0.000938   -18.825            1 15901.090
 639      0.814530   -0.001180   -18.897            1 15916.989
 640      0.813795   -0.000735   -18.782            1 15932.585
 641      0.812340   -0.001455   -18.971            1 15948.553
 642      0.811521   -0.000819   -18.893            1 15963.787
 643      0.810760   -0.000761   -18.789            1 15979.258
 644      0.809392   -0.001369   -18.943            1 15995.062
 645      0.808793   -0.000598   -18.772            1 16010.245
 646      0.808129   -0.000665   -18.626            1 16026.014
 647      0.807086   -0.001042   -18.641            1 16042.277
 648      0.805645   -0.001442   -18.827            1 16058.438
 649      0.805421   -0.000223   -18.494            1 16073.844
 650      0.804336   -0.001086   -18.527            1 16090.464
 651      0.804066   -0.000270   -18.211            1 16106.909
 652      0.803240   -0.000826   -18.129            1 16124.529
 653      0.801868   -0.001372   -18.282            1 16142.425
 654      0.800624   -0.001245   -18.383            1 16159.681
 655      0.800032   -0.000591   -18.204            1 16176.492
 656      0.798881   -0.001151   -18.264            1 16193.962
 657      0.798470   -0.000411   -18.005            1 16211.145
 658      0.797490   -0.000980   -17.990            1 16229.314
 659      0.795909   -0.001581   -18.236            1 16247.499
 660      0.794931   -0.000978   -18.224            1 16264.643
 661      0.793997   -0.000934   -18.193            1 16281.782
 662      0.793302   -0.000694   -18.058            1 16298.993
 663      0.791870   -0.001432   -18.243            1 16316.705
 664      0.791308   -0.000562   -18.051            1 16333.601
 665      0.790307   -0.001001   -18.049            1 16351.235
 666      0.790063   -0.000244   -17.717            1 16368.823
 667      0.789345   -0.000719   -17.588            1 16387.762
 668      0.787864   -0.001480   -17.790            1 16407.206
 669      0.786859   -0.001005   -17.788            1 16425.735
 670      0.786202   -0.000657   -17.634            1 16444.218
 671      0.785097   -0.001105   -17.675            1 16463.319
 672      0.784659   -0.000438   -17.423            1 16482.191
 673      0.782787   -0.001873   -17.800            1 16502.118
 674      0.782265   -0.000522   -17.587            1 16520.330
 675      0.780670   -0.001595   -17.846            1 16539.425
 676      0.780567   -0.000102   -17.449            1 16557.310
 677      0.778485   -0.002082   -17.923            1 16576.915
 678      0.777854   -0.000631   -17.761            1 16594.324
 679      0.776779   -0.001075   -17.795            1 16612.393
 680      0.776452   -0.000328   -17.498            1 16630.243
 681      0.775463   -0.000989   -17.490            1 16649.390
 682      0.774770   -0.000694   -17.352            1 16668.511
 683      0.773294   -0.001475   -17.560            1 16688.216
 684      0.772933   -0.000362   -17.275            1 16706.882
 685      0.772037   -0.000896   -17.225            1 16726.827
 686      0.770939   -0.001098   -17.265            1 16746.951
 687      0.769879   -0.001061   -17.289            1 16766.823
 688      0.768932   -0.000947   -17.263            1 16786.514
 689      0.768631   -0.000301   -16.948            1 16806.264
 690      0.767105   -0.001526   -17.178            1 16827.492
 691      0.765865   -0.001240   -17.284            1 16847.526
 692      0.764764   -0.001101   -17.329            1 16866.968
 693      0.763720   -0.001045   -17.350            1 16886.109
 694      0.763507   -0.000213   -16.998            1 16905.066
 695      0.762664   -0.000842   -16.924            1 16925.725
 696      0.762134   -0.000530   -16.708            1 16946.691
 697      0.761572   -0.000563   -16.505            1 16968.700
 698      0.760857   -0.000715   -16.367            1 16991.709
 699      0.760062   -0.000794   -16.264            1 17015.385
 700      0.758603   -0.001460   -16.461            1 17039.559
 701      0.757826   -0.000777   -16.352            1 17062.634
 702      0.756547   -0.001279   -16.470            1 17086.233
 703      0.755030   -0.001517   -16.699            1 17109.139
 704      0.754191   -0.000839   -16.624            1 17130.742
 705      0.753423   -0.000768   -16.515            1 17152.682
 706      0.752732   -0.000691   -16.369            1 17175.145
 707      0.752056   -0.000677   -16.215            1 17198.340
 708      0.750508   -0.001547   -16.459            1 17222.326
 709      0.749546   -0.000962   -16.438            1 17244.885
 710      0.748948   -0.000598   -16.250            1 17267.485
 711      0.747843   -0.001106   -16.293            1 17291.076
 712      0.747325   -0.000517   -16.067            1 17314.348
 713      0.746699   -0.000627   -15.887            1 17338.855
 714      0.744849   -0.001849   -16.270            1 17364.343
 715      0.744488   -0.000361   -15.971            1 17387.526
 716      0.744202   -0.000286   -15.634            1 17412.389
 717      0.742723   -0.001480   -15.844            1 17439.203
 718      0.742022   -0.000701   -15.697            1 17464.694
 719      0.741046   -0.000975   -15.676            1 17491.009
 720      0.740711   -0.000336   -15.357            1 17517.393
 721      0.739533   -0.001178   -15.426            1 17545.685
 722      0.739196   -0.000338   -15.104            1 17573.501
 723      0.737393   -0.001803   -15.462            1 17603.290
 724      0.736061   -0.001332   -15.606            1 17630.771
 725      0.734493   -0.001567   -15.864            1 17657.271
 726      0.734132   -0.000361   -15.562            1 17682.052
 727      0.733303   -0.000829   -15.474            1 17708.687
 728      0.732198   -0.001105   -15.515            1 17735.816
 729      0.731589   -0.000609   -15.324            1 17762.602
 730      0.730313   -0.001276   -15.445            1 17790.570
 731      0.729273   -0.001040   -15.456            1 17817.667
 732      0.727520   -0.001753   -15.806            1 17844.603
 733      0.726730   -0.000790   -15.707            1 17869.104
 734      0.725971   -0.000759   -15.592            1 17894.163
 735      0.725547   -0.000423   -15.317            1 17919.899
 736      0.725365   -0.000182   -14.922            1 17947.432
 737      0.723738   -0.001627   -15.208            1 17977.635
 738      0.722916   -0.000823   -15.116            1 18005.758
 739      0.722145   -0.000771   -14.999            1 18034.441
 740      0.721090   -0.001055   -15.016            1 18063.878
 741      0.719468   -0.001622   -15.305            1 18093.112
 742      0.718998   -0.000470   -15.048            1 18120.167
 743      0.718261   -0.000738   -14.916            1 18148.988
 744      0.717567   -0.000694   -14.760            1 18178.693
 745      0.717278   -0.000289   -14.408            1 18209.469
 746      0.714758   -0.002520   -15.123            1 18242.830
 747      0.713358   -0.001400   -15.313            1 18270.700
 748      0.712189   -0.001169   -15.395            1 18297.014
 749      0.710679   -0.001510   -15.645            1 18322.566
 750      0.709445   -0.001234   -15.766            1 18346.064
 751      0.709179   -0.000266   -15.422            1 18368.465
 752      0.708594   -0.000585   -15.226            1 18393.356
 753      0.708238   -0.000356   -14.916            1 18419.626
 754      0.706995   -0.001243   -15.032            1 18448.214
 755      0.706120   -0.000874   -14.971            1 18475.744
 756      0.704962   -0.001158   -15.047            1 18503.624
 757      0.703435   -0.001528   -15.306            1 18530.738
 758      0.702553   -0.000882   -15.255            1 18555.576
 759      0.702301   -0.000252   -14.896            1 18580.652
 760      0.700968   -0.001333   -15.059            1 18608.541
 761      0.700027   -0.000941   -15.034            1 18634.897
 762      0.699429   -0.000598   -14.842            1 18661.289
 763      0.698479   -0.000950   -14.819            1 18689.153
 764      0.697690   -0.000789   -14.716            1 18717.050
 765      0.697248   -0.000442   -14.442            1 18745.668
 766      0.696022   -0.001225   -14.549            1 18776.545
 767      0.695236   -0.000786   -14.441            1 18806.322
 768      0.693017   -0.002219   -15.040            1 18836.901
 769      0.692555   -0.000462   -14.783            1 18861.910
 770      0.691943   -0.000612   -14.595            1 18889.033
 771      0.691574   -0.000369   -14.284            1 18917.676
 772      0.690411   -0.001163   -14.361            1 18949.029
 773      0.689057   -0.001354   -14.535            1 18979.487
 774      0.687611   -0.001446   -14.759            1 19008.112
 775      0.687312   -0.000299   -14.417            1 19034.399
 776      0.686003   -0.001309   -14.572            1 19063.740
 777      0.685616   -0.000387   -14.271            1 19091.366
 778      0.683949   -0.001667   -14.603            1 19121.717
 779      0.683548   -0.000401   -14.311            1 19148.572
 780      0.683207   -0.000341   -13.982            1 19178.101
 781      0.681448   -0.001759   -14.358            1 19210.735
 782      0.680928   -0.000520   -14.121            1 19239.331
 783      0.679776   -0.001152   -14.196            1 19270.126
 784      0.678665   -0.001111   -14.254            1 19299.907
 785      0.677593   -0.001071   -14.293            1 19328.841
 786      0.677276   -0.000317   -13.954            1 19357.102
 787      0.676201   -0.001076   -13.990            1 19388.726
 788      0.675109   -0.001092   -14.036            1 19419.715
 789      0.674507   -0.000602   -13.837            1 19449.948
 790      0.673384   -0.001123   -13.897            1 19482.121
 791      0.672379   -0.001005   -13.899            1 19513.373
 792      0.671965   -0.000414   -13.602            1 19544.333
 793      0.670552   -0.001412   -13.806            1 19578.403
 794      0.670393   -0.000160   -13.379            1 19609.871
 795      0.669717   -0.000676   -13.205            1 19646.044
 796      0.668554   -0.001162   -13.276            1 19684.045
 797      0.668307   -0.000248   -12.882            1 19720.977
 798      0.666756   -0.001550   -13.146            1 19762.460
 799      0.666296   -0.000460   -12.858            1 19800.510
 800      0.664897   -0.001399   -13.046            1 19841.892
 801      0.663655   -0.001242   -13.159            1 19880.710
 802      0.661445   -0.002210   -13.773            1 19917.862
 803      0.660965   -0.000479   -13.510            1 19946.975
 804      0.660198   -0.000767   -13.391            1 19979.050
 805      0.658935   -0.001263   -13.525            1 20012.320
 806      0.658834   -0.000101   -13.063            1 20043.497
 807      0.658156   -0.000678   -12.889            1 20080.406
 808      0.657506   -0.000649   -12.696            1 20119.345
 809      0.656872   -0.000634   -12.492            1 20160.620
 810      0.655993   -0.000880   -12.410            1 20204.461
 811      0.654720   -0.001273   -12.532            1 20249.200
 812      0.652739   -0.001981   -13.026            1 20291.963
 813      0.651652   -0.001087   -13.068            1 20327.395
 814      0.650609   -0.001043   -13.088            1 20361.847
 815      0.650315   -0.000294   -12.718            1 20395.603
 816      0.649214   -0.001101   -12.761            1 20434.361
 817      0.648480   -0.000734   -12.614            1 20472.100
 818      0.647890   -0.000590   -12.389            1 20511.657
 819      0.645616   -0.002274   -13.043            1 20554.283
 820      0.644441   -0.001176   -13.137            1 20586.503
 821      0.643690   -0.000750   -13.009            1 20616.783
 822      0.643386   -0.000305   -12.645            1 20648.509
 823      0.642896   -0.000490   -12.370            1 20685.476
 824      0.641532   -0.001364   -12.549            1 20726.421
 825      0.641226   -0.000306   -12.175            1 20764.006
 826      0.640406   -0.000819   -12.063            1 20807.305
 827      0.638889   -0.001517   -12.319            1 20852.073
 828      0.638260   -0.000629   -12.111            1 20892.069
 829      0.637539   -0.000722   -11.948            1 20935.160
 830      0.637287   -0.000252   -11.531            1 20980.653
 831      0.636253   -0.001034   -11.519            1 21033.165
 832      0.634697   -0.001557   -11.787            1 21085.540
 833      0.633799   -0.000897   -11.712            1 21132.633
 834      0.633000   -0.000799   -11.582            1 21180.674
 835      0.632184   -0.000817   -11.459            1 21230.694
 836      0.631233   -0.000950   -11.405            1 21282.628
 837      0.629825   -0.001408   -11.596            1 21335.186
 838      0.628477   -0.001348   -11.762            1 21383.559
 839      0.627153   -0.001324   -11.919            1 21428.153
 840      0.626996   -0.000157   -11.453            1 21469.019
 841      0.626019   -0.000977   -11.417            1 21518.665
 842      0.625267   -0.000752   -11.259            1 21568.517
 843      0.624653   -0.000614   -11.022            1 21621.126
 844      0.623070   -0.001584   -11.304            1 21678.267
 845      0.621680   -0.001390   -11.491            1 21728.808
 846      0.620566   -0.001114   -11.535            1 21774.675
 847      0.619373   -0.001194   -11.623            1 21818.895
 848      0.618240   -0.001133   -11.682            1 21860.398
 849      0.617768   -0.000472   -11.383            1 21899.767
 850      0.616137   -0.001631   -11.709            1 21945.101
 851      0.615787   -0.000350   -11.345            1 21982.112
 852      0.615124   -0.000663   -11.142            1 22026.717
 853      0.614474   -0.000651   -10.926            1 22075.348
 854      0.613031   -0.001443   -11.140            1 22128.443
 855      0.611799   -0.001232   -11.244            1 22175.497
 856      0.611491   -0.000308   -10.845            1 22219.047
 857      0.610308   -0.001184   -10.917            1 22271.800
 858      0.609133   -0.001174   -10.986            1 22321.870
 859      0.608542   -0.000592   -10.736            1 22369.214
 860      0.606799   -0.001743   -11.116            1 22422.243
 861      0.606182   -0.000617   -10.885            1 22464.093
 862      0.605303   -0.000879   -10.793            1 22511.112
 863      0.604264   -0.001039   -10.788            1 22559.624
 864      0.603480   -0.000784   -10.642            1 22607.214
 865      0.603011   -0.000469   -10.316            1 22657.893
 866      0.601141   -0.001869   -10.759            1 22717.078
 867      0.600657   -0.000484   -10.447            1 22762.013
 868      0.599421   -0.001236   -10.544            1 22815.127
 869      0.598198   -0.001223   -10.638            1 22864.081
 870      0.597407   -0.000791   -10.495            1 22908.814
 871      0.596995   -0.000412   -10.135            1 22956.699
 872      0.596092   -0.000903   -10.039            1 23014.898
 873      0.595429   -0.000663    -9.805            1 23075.092
 874      0.594125   -0.001304    -9.923            1 23142.018
 875      0.593235   -0.000890    -9.814            1 23203.700
 876      0.592329   -0.000906    -9.711            1 23267.946
 877      0.590681   -0.001648   -10.022            1 23334.631
 878      0.589858   -0.000822    -9.881            1 23388.642
 879      0.588819   -0.001039    -9.858            1 23446.286
 880      0.588059   -0.000761    -9.677            1 23503.245
 881      0.587491   -0.000568    -9.382            1 23565.526
 882      0.586751   -0.000739    -9.172            1 23637.934
 883      0.585810   -0.000942    -9.070            1 23717.443
 884      0.585643   -0.000167    -8.524            1 23799.897
 885      0.583541   -0.002102    -9.058            1 23904.519
 886      0.582453   -0.001088    -9.037            1 23984.857
 887      0.582204   -0.000250    -8.539            1 24064.600
 888      0.581497   -0.000707    -8.281            1 24165.521
 889      0.580619   -0.000878    -8.111            1 24277.498
 890      0.579214   -0.001405    -8.237            1 24396.837
 891      0.577986   -0.001228    -8.268            1 24509.097
 892      0.576851   -0.001135    -8.248            1 24618.689
 893      0.575917   -0.000934    -8.113            1 24728.060
 894      0.575083   -0.000834    -7.915            1 24843.279
 895      0.574622   -0.000461    -7.493            1 24968.061
 896      0.572717   -0.001905    -7.890            1 25115.704
 897      0.572488   -0.000229    -7.333            1 25239.770
 898      0.569396   -0.003092    -8.422            1 25395.761
 899      0.569163   -0.000232    -7.892            1 25485.555
 900      0.567700   -0.001464    -8.059            1 25605.162
 901      0.566293   -0.001407    -8.203            1 25712.461
 902      0.565432   -0.000861    -8.034            1 25808.306
 903      0.563947   -0.001485    -8.226            1 25912.515
 904      0.563440   -0.000506    -7.851            1 26001.292
 905      0.562702   -0.000738    -7.595            1 26112.697
 906      0.560506   -0.002196    -8.189            1 26239.736
 907      0.560226   -0.000280    -7.681            1 26321.186
 908      0.559506   -0.000720    -7.407            1 26436.586
 909      0.558371   -0.001135    -7.367            1 26570.170
 910      0.557687   -0.000684    -7.057            1 26704.353
 911      0.556966   -0.000721    -6.752            1 26861.502
 912      0.556021   -0.000945    -6.565            1 27042.872
 913      0.555048   -0.000973    -6.384            1 27239.607
 914      0.554124   -0.000924    -6.165     0.999999 27452.105
 915      0.551935   -0.002189    -6.698            1 27685.262
 916      0.551341   -0.000594    -6.301            1 27864.681
 917      0.550137   -0.001204    -6.251     0.999999 28082.378
 918      0.549190   -0.000948    -6.043     0.999998 28304.088
 919      0.548075   -0.001114    -5.925     0.999996 28547.565
 920      0.547023   -0.001052    -5.763     0.999991 28803.937
 921      0.545070   -0.001952    -6.146     0.999999 29079.433
 922      0.544221   -0.000849    -5.878     0.999995 29306.603
 923      0.543223   -0.000999    -5.684     0.999986 29565.872
 924      0.542824   -0.000399    -5.105     0.999818 29849.808
 925      0.540320   -0.002504    -5.798     0.999992 30216.579
 926      0.539071   -0.001249    -5.763     0.999991 30482.108
 927      0.537553   -0.001519    -5.897     0.999995 30750.212
 928      0.537404   -0.000148    -5.179     0.999865 30993.802
 929      0.536248   -0.001156    -5.042     0.999765 31352.666
 930      0.534933   -0.001315    -4.997     0.999719 31736.456
 931      0.534125   -0.000808    -4.627     0.998902 32129.769
 932      0.531984   -0.002141    -5.083     0.999801 32597.923
 933      0.530032   -0.001952    -5.464     0.999961 32975.413
 934      0.529270   -0.000762    -5.111     0.999822 33270.136
 935      0.527999   -0.001272    -5.059      0.99978 33635.857
 936      0.527337   -0.000661    -4.607     0.998825 34009.405
 937      0.526735   -0.000602    -4.073      0.99382 34491.670
 938      0.523725   -0.003010    -5.075     0.999794 35121.310
 939      0.522395   -0.001330    -5.074     0.999793 35475.221
 940      0.520790   -0.001605    -5.258     0.999904 35819.029
 941      0.519017   -0.001772    -5.574     0.999977 36095.009
 942      0.518672   -0.000346    -4.972      0.99969 36255.306
 943      0.517941   -0.000730    -4.567     0.998653 36585.910
 944      0.516609   -0.001332    -4.521     0.998428 37043.408
 945      0.514504   -0.002105    -4.990     0.999711 37506.313
 946      0.513103   -0.001402    -5.043     0.999766 37765.354
 947      0.512384   -0.000719    -4.646     0.998971 37971.093
 948      0.510946   -0.001438    -4.685     0.999103 38316.003
 949      0.508838   -0.002108    -5.180     0.999866 38609.920
 950      0.508384   -0.000454    -4.627     0.998901 38619.439
 951      0.507457   -0.000927    -4.323     0.997037 38856.701
 952      0.506791   -0.000667    -3.806     0.987431 39218.177
 953      0.505361   -0.001429    -3.725     0.984624 39867.497
 954      0.504289   -0.001073    -3.394      0.96744 40546.146
 955      0.503249   -0.001040    -2.987     0.928804 41458.509
 956      0.501772   -0.001477    -2.805     0.903505 42732.051
 957      0.500466   -0.001306    -2.474     0.843127 44219.942
 958      0.497885   -0.002580    -2.968     0.926447 46158.311
 959      0.495658   -0.002227    -3.340     0.963594 47501.423
 960      0.494004   -0.001655    -3.391     0.967269 48276.680
 961      0.492667   -0.001337    -3.229     0.954522 48847.119
 962      0.491835   -0.000832    -2.676     0.882192 49522.288
 963      0.489642   -0.002193    -2.947     0.923641 51153.307
 964      0.489274   -0.000368    -2.000     0.725817 52021.701
 965      0.485558   -0.003715    -3.159     0.947877 55493.324
 966      0.483987   -0.001572    -3.143     0.946338 55029.348
 967      0.483269   -0.000718        NA           NA        NA
 968      0.481517   -0.001752        NA           NA        NA
 969      0.480196   -0.001321        NA           NA        NA
 970      0.478209   -0.001988        NA           NA        NA
 971      0.475484   -0.002725        NA           NA        NA
 972      0.473153   -0.002331        NA           NA        NA
 973      0.470707   -0.002446        NA           NA        NA
 974      0.466993   -0.003714        NA           NA        NA
 975      0.461563   -0.005430        NA           NA        NA
    kurtosis           snps    indivs
 eigenvector    1     3.052     3.443
 eigenvector    2     3.091     3.121
population:   0              Control  773
population:   1                 Case  203

## Average divergence between populations:
              Control       Case     popsize
   Control      0.999      1.000         773
      Case      1.000      1.001         203


number of blocks for moving block jackknife: 452
fst *1000:
          C     C 
   C      0     0
   C      0     0

s.dev * 1000000:
          C     C 
   C      0    25
   C     25     0

eigenvector 1:means
                Case     -0.005
             Control      0.001
## Anova statistics for population differences along each eigenvector:
                                              p-value
             eigenvector_1_Control_Case_    0.00712203 
eigenvector 2:means
                Case     -0.000
             Control      0.000
             eigenvector_2_Control_Case_      0.895849 

## Statistical significance of differences beween populations:
                                pop1                  pop2      chisq          p-value   |pop1|   |pop2|
popdifference:               Control                  Case         7.278     0.0262825     773     203

eigbestsnp    1            rs1022177 18      1046304     3.973
eigbestsnp    1            rs2569469 19     51549198     3.873
eigbestsnp    1            rs9284729  2     34237001     3.432
eigbestsnp    1            rs8094758 18     62157785     3.362
eigbestsnp    1            rs9459417  6    165837992     3.295
eigbestsnp    1            rs2868750  4     84045915     3.289
eigbestsnp    1           rs13108289  4    156651869     3.274
eigbestsnp    1            rs2185283  1    240696214     3.264
eigbestsnp    1             rs316689  1     84732644     3.242
eigbestsnp    1               rs1217 20      1162615     3.231
eigbestsnp    2            rs2291157  4      5721021     4.127
eigbestsnp    2            rs1976959  9    133916468     3.878
eigbestsnp    2            rs6535350  4     83439160     3.863
eigbestsnp    2            rs1566982  2      6924167     3.819
eigbestsnp    2            rs9501718  6      1407099     3.643
eigbestsnp    2            rs2076237 16       878324     3.482
eigbestsnp    2            rs2016981 20       573036     3.454
eigbestsnp    2           rs17761155 17      1433913     3.429
eigbestsnp    2            rs7686225  4    169974756     3.403
eigbestsnp    2            rs2817168  1      3013690     3.394
##end of smartpca run

Correlation between eigenvector 1 (of 2) and Case/Control status is -0.086
Correlation between eigenvector 2 (of 2) and Case/Control status is -0.004
