PLINK v1.90b3.45 64-bit (13 Jan 2017)
Options in effect:
  --allow-extra-chr
  --bfile PCA2
  --exclude /home/vcabeli/Documents/data/high-LD-regions_37.txt
  --indep-pairwise 50 5 0.2
  --out PCA2_prune
  --range

Hostname: GBA-vcabeli
Working directory: /home/vcabeli/stage/curve_analysis/multi_PC/script
Start time: Wed Jan 31 15:05:58 2018

Note: --range flag deprecated.  Use e.g. '--extract range [filename]'.
Random number seed: 1517407558
15733 MB RAM detected; reserving 7866 MB for main workspace.
10841 variants loaded from .bim file.
976 people (434 males, 542 females) loaded from .fam.
976 phenotype values loaded from .fam.
--exclude range: 16 variants excluded.
--exclude range: 10825 variants remaining.
Using 1 thread (no multithreaded calculations invoked).
Before main variant filters, 976 founders and 0 nonfounders present.
Calculating allele frequencies... done.
Total genotyping rate is 0.998692.
10825 variants and 976 people pass filters and QC.
Among remaining phenotypes, 203 are cases and 773 are controls.
Pruned 66 variants from chromosome 1, leaving 678.
Pruned 51 variants from chromosome 2, leaving 593.
Pruned 65 variants from chromosome 3, leaving 565.
Pruned 55 variants from chromosome 4, leaving 578.
Pruned 27 variants from chromosome 5, leaving 507.
Pruned 45 variants from chromosome 6, leaving 468.
Pruned 37 variants from chromosome 7, leaving 430.
Pruned 31 variants from chromosome 8, leaving 362.
Pruned 60 variants from chromosome 9, leaving 486.
Pruned 26 variants from chromosome 10, leaving 381.
Pruned 33 variants from chromosome 11, leaving 313.
Pruned 39 variants from chromosome 12, leaving 471.
Pruned 32 variants from chromosome 13, leaving 331.
Pruned 37 variants from chromosome 14, leaving 334.
Pruned 46 variants from chromosome 15, leaving 356.
Pruned 38 variants from chromosome 16, leaving 378.
Pruned 77 variants from chromosome 17, leaving 567.
Pruned 61 variants from chromosome 18, leaving 437.
Pruned 72 variants from chromosome 19, leaving 609.
Pruned 39 variants from chromosome 20, leaving 363.
Pruned 30 variants from chromosome 21, leaving 254.
Pruned 60 variants from chromosome 22, leaving 337.
Pruning complete.  1027 of 10825 variants removed.
Marker lists written to PCA2_prune.prune.in and PCA2_prune.prune.out .

End time: Wed Jan 31 15:05:58 2018
