PLINK v1.90b3.45 64-bit (13 Jan 2017)
Options in effect:
  --allow-extra-chr
  --bfile PCA3
  --exclude /home/vcabeli/Documents/data/high-LD-regions_37.txt
  --indep-pairwise 50 5 0.2
  --out PCA3_prune
  --range

Hostname: GBA-vcabeli
Working directory: /home/vcabeli/stage/curve_analysis/multi_PC/script
Start time: Thu Feb  1 10:45:16 2018

Note: --range flag deprecated.  Use e.g. '--extract range [filename]'.
Random number seed: 1517478316
15733 MB RAM detected; reserving 7866 MB for main workspace.
10841 variants loaded from .bim file.
976 people (419 males, 557 females) loaded from .fam.
976 phenotype values loaded from .fam.
--exclude range: 16 variants excluded.
--exclude range: 10825 variants remaining.
Using 1 thread (no multithreaded calculations invoked).
Before main variant filters, 976 founders and 0 nonfounders present.
Calculating allele frequencies... done.
Total genotyping rate is 0.998701.
10825 variants and 976 people pass filters and QC.
Among remaining phenotypes, 199 are cases and 777 are controls.
Pruned 66 variants from chromosome 1, leaving 678.
Pruned 49 variants from chromosome 2, leaving 595.
Pruned 67 variants from chromosome 3, leaving 563.
Pruned 57 variants from chromosome 4, leaving 576.
Pruned 28 variants from chromosome 5, leaving 506.
Pruned 47 variants from chromosome 6, leaving 466.
Pruned 37 variants from chromosome 7, leaving 430.
Pruned 30 variants from chromosome 8, leaving 363.
Pruned 58 variants from chromosome 9, leaving 488.
Pruned 26 variants from chromosome 10, leaving 381.
Pruned 33 variants from chromosome 11, leaving 313.
Pruned 36 variants from chromosome 12, leaving 474.
Pruned 29 variants from chromosome 13, leaving 334.
Pruned 39 variants from chromosome 14, leaving 332.
Pruned 46 variants from chromosome 15, leaving 356.
Pruned 38 variants from chromosome 16, leaving 378.
Pruned 79 variants from chromosome 17, leaving 565.
Pruned 59 variants from chromosome 18, leaving 439.
Pruned 73 variants from chromosome 19, leaving 608.
Pruned 38 variants from chromosome 20, leaving 364.
Pruned 29 variants from chromosome 21, leaving 255.
Pruned 55 variants from chromosome 22, leaving 342.
Pruning complete.  1019 of 10825 variants removed.
Marker lists written to PCA3_prune.prune.in and PCA3_prune.prune.out .

End time: Thu Feb  1 10:45:16 2018
