PLINK v1.90b3.45 64-bit (13 Jan 2017)
Options in effect:
  --bfile training_set
  --extract L2_thresh_5_BP.extract
  --make-bed
  --out PCA3

Hostname: GBA-vcabeli
Working directory: /home/vcabeli/stage/curve_analysis/multi_PC/script
Start time: Thu Feb  1 10:45:16 2018

Random number seed: 1517478316
15733 MB RAM detected; reserving 7866 MB for main workspace.
250140 variants loaded from .bim file.
976 people (419 males, 557 females) loaded from .fam.
976 phenotype values loaded from .fam.
--extract: 10841 variants remaining.
Using 1 thread (no multithreaded calculations invoked).
Before main variant filters, 976 founders and 0 nonfounders present.
Calculating allele frequencies... done.
Total genotyping rate is 0.9987.
10841 variants and 976 people pass filters and QC.
Among remaining phenotypes, 199 are cases and 777 are controls.
--make-bed to PCA3.bed + PCA3.bim + PCA3.fam ... done.

End time: Thu Feb  1 10:45:16 2018
