parameter file: PCA3_pruned.pca.par
### THE INPUT PARAMETERS
##PARAMETER NAME: VALUE
genotypename: PCA3_pruned.bed
snpname: PCA3_pruned.bim
indivname: PCA3_pruned.fam
evecoutname: PCA3_pruned.pca.evec
evaloutname: PCA3_pruned.eval
altnormstyle: NO
numoutevec: 3
numoutlieriter: 0
numoutlierevec: 2
outliersigmathresh: 6
qtmode: 0
## smartpca version: 13050
norm used

genetic distance set from physical distance
genotype file processed
number of samples used: 976 number of snps used: 9806
Using 8 threads, and partial sum lookup algorithm.
total number of snps killed in pass: 0  used: 9806

## Tracy-Widom statistics: rows: 976  cols: 9806
  #N    eigenvalue  difference    twstat      p-value effect. n
   1      1.766721          NA     2.491   0.00442149  9246.394
   2      1.745349   -0.021372    -1.393     0.539755  9265.862
   3      1.739402   -0.005948    -2.099     0.752949  9283.183
   4      1.734105   -0.005297    -2.677     0.882481  9300.161
   5      1.730054   -0.004051    -3.002     0.930587  9316.866
   6      1.726668   -0.003386    -3.190     0.950942  9333.440
   7      1.720400   -0.006267    -3.989     0.992202  9349.956
   8      1.716614   -0.003787    -4.274     0.996552  9366.075
   9      1.710565   -0.006048    -5.040     0.999763  9382.080
  10      1.705828   -0.004737    -5.538     0.999973  9397.704
  11      1.697682   -0.008146    -6.766            1  9413.094
  12      1.695933   -0.001748    -6.647            1  9427.845
  13      1.693502   -0.002431    -6.673            1  9442.702
  14      1.690448   -0.003054    -6.833            1  9457.586
  15      1.685547   -0.004901    -7.390            1  9472.421
  16      1.679396   -0.006151    -8.220            1  9486.986
  17      1.676390   -0.003006    -8.386            1  9501.127
  18      1.675151   -0.001239    -8.175            1  9515.214
  19      1.669436   -0.005716    -8.925            1  9529.456
  20      1.667429   -0.002007    -8.884            1  9543.316
  21      1.656368   -0.011061   -10.798            1  9557.235
  22      1.654371   -0.001997   -10.772            1  9570.129
  23      1.652180   -0.002191   -10.788            1  9583.068
  24      1.649166   -0.003014   -10.983            1  9596.030
  25      1.646530   -0.002636   -11.099            1  9608.915
  26      1.644186   -0.002344   -11.153            1  9621.768
  27      1.641020   -0.003166   -11.388            1  9634.622
  28      1.636578   -0.004442   -11.903            1  9647.376
  29      1.635113   -0.001465   -11.774            1  9659.874
  30      1.631237   -0.003875   -12.171            1  9672.473
  31      1.629442   -0.001795   -12.117            1  9684.881
  32      1.626313   -0.003129   -12.356            1  9697.348
  33      1.622170   -0.004143   -12.821            1  9709.710
  34      1.621412   -0.000758   -12.545            1  9721.842
  35      1.618469   -0.002943   -12.749            1  9734.156
  36      1.617172   -0.001297   -12.592            1  9746.384
  37      1.612503   -0.004669   -13.180            1  9758.729
  38      1.609108   -0.003395   -13.492            1  9770.770
  39      1.606171   -0.002937   -13.706            1  9782.664
  40      1.605043   -0.001129   -13.520            1  9794.463
  41      1.600840   -0.004203   -14.018            1  9806.394
  42      1.599588   -0.001252   -13.863            1  9818.070
  43      1.596535   -0.003053   -14.109            1  9829.860
  44      1.594165   -0.002370   -14.205            1  9841.536
  45      1.593703   -0.000461   -13.875            1  9853.183
  46      1.590475   -0.003228   -14.164            1  9865.044
  47      1.587748   -0.002727   -14.343            1  9876.767
  48      1.583223   -0.004526   -14.928            1  9888.413
  49      1.580020   -0.003203   -15.222            1  9899.750
  50      1.579232   -0.000788   -14.974            1  9910.943
  51      1.575076   -0.004156   -15.485            1  9922.302
  52      1.573966   -0.001110   -15.313            1  9933.392
  53      1.571318   -0.002647   -15.487            1  9944.604
  54      1.569917   -0.001402   -15.382            1  9955.740
  55      1.565858   -0.004059   -15.879            1  9966.960
  56      1.565243   -0.000615   -15.598            1  9977.916
  57      1.563729   -0.001514   -15.519            1  9989.058
  58      1.560861   -0.002868   -15.750            1 10000.268
  59      1.559962   -0.000899   -15.533            1 10011.369
  60      1.556884   -0.003078   -15.813            1 10022.618
  61      1.556048   -0.000836   -15.583            1 10033.728
  62      1.554389   -0.001660   -15.540            1 10044.996
  63      1.552354   -0.002035   -15.583            1 10056.313
  64      1.550202   -0.002152   -15.654            1 10067.628
  65      1.545263   -0.004939   -16.369            1 10078.925
  66      1.544427   -0.000836   -16.144            1 10089.824
  67      1.540412   -0.004015   -16.652            1 10100.877
  68      1.539291   -0.001121   -16.495            1 10111.654
  69      1.534727   -0.004564   -17.135            1 10122.544
  70      1.532347   -0.002380   -17.275            1 10133.078
  71      1.530277   -0.002070   -17.344            1 10143.549
  72      1.528181   -0.002096   -17.421            1 10154.000
  73      1.526437   -0.001745   -17.416            1 10164.426
  74      1.525635   -0.000802   -17.193            1 10174.875
  75      1.525072   -0.000563   -16.912            1 10185.477
  76      1.521568   -0.003504   -17.317            1 10196.268
  77      1.520851   -0.000717   -17.073            1 10206.838
  78      1.516629   -0.004222   -17.649            1 10217.575
  79      1.513372   -0.003257   -18.005            1 10227.986
  80      1.513201   -0.000172   -17.639            1 10238.203
  81      1.510937   -0.002263   -17.762            1 10248.660
  82      1.509732   -0.001205   -17.637            1 10259.062
  83      1.508496   -0.001236   -17.520            1 10269.560
  84      1.506019   -0.002477   -17.695            1 10280.150
  85      1.503345   -0.002674   -17.918            1 10290.654
  86      1.499971   -0.003374   -18.310            1 10301.041
  87      1.497932   -0.002038   -18.389            1 10311.208
  88      1.495419   -0.002513   -18.582            1 10321.346
  89      1.494804   -0.000615   -18.325            1 10331.384
  90      1.492077   -0.002728   -18.570            1 10341.599
  91      1.489658   -0.002419   -18.744            1 10351.682
  92      1.488054   -0.001604   -18.725            1 10361.676
  93      1.485928   -0.002126   -18.831            1 10371.699
  94      1.484578   -0.001350   -18.753            1 10381.676
  95      1.483253   -0.001325   -18.669            1 10391.718
  96      1.480550   -0.002703   -18.915            1 10401.831
  97      1.478505   -0.002045   -19.006            1 10411.810
  98      1.476251   -0.002254   -19.148            1 10421.749
  99      1.475082   -0.001169   -19.030            1 10431.618
 100      1.472246   -0.002836   -19.314            1 10441.578
 101      1.469188   -0.003058   -19.654            1 10451.377
 102      1.467915   -0.001273   -19.567            1 10460.981
 103      1.465442   -0.002473   -19.769            1 10470.656
 104      1.462355   -0.003087   -20.123            1 10480.220
 105      1.459970   -0.002385   -20.309            1 10489.579
 106      1.459191   -0.000779   -20.107            1 10498.835
 107      1.457359   -0.001831   -20.160            1 10508.234
 108      1.456678   -0.000681   -19.934            1 10517.615
 109      1.455560   -0.001118   -19.813            1 10527.155
 110      1.453231   -0.002329   -19.986            1 10536.787
 111      1.451969   -0.001262   -19.901            1 10546.325
 112      1.449363   -0.002606   -20.145            1 10555.933
 113      1.448331   -0.001032   -20.005            1 10565.402
 114      1.445882   -0.002448   -20.212            1 10574.976
 115      1.444900   -0.000982   -20.061            1 10584.432
 116      1.443889   -0.001011   -19.917            1 10594.001
 117      1.442335   -0.001554   -19.905            1 10603.680
 118      1.440144   -0.002191   -20.051            1 10613.382
 119      1.439659   -0.000485   -19.777            1 10623.006
 120      1.435853   -0.003806   -20.322            1 10632.824
 121      1.435684   -0.000169   -19.972            1 10642.303
 122      1.432606   -0.003078   -20.340            1 10652.026
 123      1.430487   -0.002119   -20.474            1 10661.525
 124      1.429394   -0.001093   -20.355            1 10670.950
 125      1.426642   -0.002752   -20.647            1 10680.469
 126      1.425741   -0.000902   -20.482            1 10689.811
 127      1.424822   -0.000919   -20.321            1 10699.277
 128      1.423407   -0.001415   -20.282            1 10708.865
 129      1.419723   -0.003684   -20.810            1 10718.494
 130      1.417946   -0.001777   -20.866            1 10727.788
 131      1.417181   -0.000765   -20.669            1 10737.059
 132      1.412909   -0.004273   -21.351            1 10746.476
 133      1.411738   -0.001171   -21.260            1 10755.453
 134      1.409238   -0.002499   -21.503            1 10764.504
 135      1.408672   -0.000566   -21.262            1 10773.406
 136      1.407515   -0.001157   -21.168            1 10782.483
 137      1.406905   -0.000610   -20.935            1 10791.636
 138      1.404611   -0.002293   -21.126            1 10800.960
 139      1.402249   -0.002362   -21.337            1 10810.168
 140      1.400771   -0.001479   -21.326            1 10819.249
 141      1.399830   -0.000940   -21.179            1 10828.349
 142      1.396833   -0.002997   -21.553            1 10837.564
 143      1.396460   -0.000374   -21.264            1 10846.537
 144      1.395672   -0.000787   -21.078            1 10855.720
 145      1.393960   -0.001712   -21.127            1 10865.044
 146      1.392550   -0.001409   -21.099            1 10874.349
 147      1.391942   -0.000608   -20.867            1 10883.686
 148      1.389900   -0.002042   -21.000            1 10893.198
 149      1.386729   -0.003171   -21.423            1 10902.633
 150      1.385969   -0.000760   -21.233            1 10911.789
 151      1.384058   -0.001911   -21.336            1 10921.090
 152      1.380933   -0.003125   -21.753            1 10930.333
 153      1.380023   -0.000909   -21.604            1 10939.299
 154      1.378449   -0.001574   -21.625            1 10948.382
 155      1.376737   -0.001712   -21.682            1 10957.463
 156      1.375701   -0.001037   -21.566            1 10966.517
 157      1.375421   -0.000280   -21.254            1 10975.665
 158      1.372738   -0.002683   -21.561            1 10985.046
 159      1.371387   -0.001351   -21.526            1 10994.223
 160      1.370054   -0.001333   -21.487            1 11003.439
 161      1.367347   -0.002707   -21.804            1 11012.696
 162      1.366921   -0.000426   -21.532            1 11021.740
 163      1.363337   -0.003584   -22.079            1 11030.991
 164      1.361671   -0.001666   -22.132            1 11039.865
 165      1.360307   -0.001364   -22.107            1 11048.713
 166      1.359062   -0.001245   -22.051            1 11057.591
 167      1.358594   -0.000468   -21.792            1 11066.520
 168      1.355105   -0.003489   -22.321            1 11075.648
 169      1.354156   -0.000949   -22.190            1 11084.407
 170      1.352752   -0.001404   -22.178            1 11093.271
 171      1.352126   -0.000626   -21.962            1 11102.156
 172      1.350009   -0.002117   -22.136            1 11111.210
 173      1.348421   -0.001588   -22.172            1 11120.149
 174      1.347260   -0.001160   -22.097            1 11129.073
 175      1.346817   -0.000443   -21.833            1 11138.063
 176      1.343840   -0.002977   -22.235            1 11147.260
 177      1.342833   -0.001007   -22.121            1 11156.173
 178      1.341441   -0.001392   -22.108            1 11165.181
 179      1.338899   -0.002542   -22.400            1 11174.211
 180      1.338092   -0.000807   -22.235            1 11183.038
 181      1.335985   -0.002107   -22.413            1 11191.997
 182      1.333916   -0.002070   -22.584            1 11200.836
 183      1.331710   -0.002206   -22.793            1 11209.559
 184      1.331556   -0.000153   -22.457            1 11218.137
 185      1.328562   -0.002994   -22.876            1 11226.976
 186      1.327972   -0.000590   -22.657            1 11235.512
 187      1.326117   -0.001855   -22.776            1 11244.222
 188      1.325628   -0.000489   -22.529            1 11252.854
 189      1.323081   -0.002547   -22.833            1 11261.681
 190      1.321790   -0.001290   -22.802            1 11270.289
 191      1.321204   -0.000586   -22.583            1 11278.931
 192      1.319477   -0.001727   -22.669            1 11287.749
 193      1.319162   -0.000315   -22.376            1 11296.513
 194      1.316492   -0.002670   -22.714            1 11305.510
 195      1.314955   -0.001537   -22.751            1 11314.259
 196      1.314426   -0.000529   -22.517            1 11322.991
 197      1.313225   -0.001201   -22.462            1 11331.912
 198      1.311140   -0.002085   -22.646            1 11340.887
 199      1.309197   -0.001943   -22.794            1 11349.730
 200      1.307723   -0.001474   -22.817            1 11358.469
 201      1.306661   -0.001062   -22.728            1 11367.201
 202      1.305680   -0.000981   -22.617            1 11376.011
 203      1.303930   -0.001749   -22.714            1 11384.919
 204      1.302297   -0.001633   -22.781            1 11393.761
 205      1.300962   -0.001336   -22.767            1 11402.561
 206      1.299888   -0.001073   -22.682            1 11411.381
 207      1.299311   -0.000577   -22.462            1 11420.278
 208      1.297588   -0.001723   -22.553            1 11429.360
 209      1.294502   -0.003087   -23.019            1 11438.380
 210      1.292663   -0.001838   -23.147            1 11447.042
 211      1.292216   -0.000447   -22.894            1 11455.612
 212      1.291041   -0.001175   -22.840            1 11464.391
 213      1.289393   -0.001648   -22.916            1 11473.223
 214      1.287158   -0.002235   -23.154            1 11482.004
 215      1.286205   -0.000953   -23.042            1 11490.604
 216      1.285870   -0.000335   -22.759            1 11499.304
 217      1.283899   -0.001972   -22.925            1 11508.240
 218      1.283430   -0.000469   -22.678            1 11517.052
 219      1.281617   -0.001813   -22.801            1 11526.074
 220      1.279561   -0.002056   -22.993            1 11535.006
 221      1.278645   -0.000916   -22.870            1 11543.791
 222      1.276185   -0.002460   -23.176            1 11552.686
 223      1.274655   -0.001530   -23.226            1 11561.341
 224      1.273296   -0.001359   -23.229            1 11569.964
 225      1.271974   -0.001322   -23.222            1 11578.593
 226      1.269404   -0.002570   -23.564            1 11587.235
 227      1.269057   -0.000347   -23.289            1 11595.605
 228      1.268042   -0.001015   -23.198            1 11604.210
 229      1.267221   -0.000821   -23.052            1 11612.898
 230      1.265164   -0.002057   -23.252            1 11621.715
 231      1.264656   -0.000508   -23.020            1 11630.375
 232      1.261659   -0.002996   -23.484            1 11639.237
 233      1.259968   -0.001692   -23.586            1 11647.721
 234      1.258510   -0.001458   -23.623            1 11656.126
 235      1.257100   -0.001410   -23.648            1 11664.508
 236      1.255665   -0.001435   -23.680            1 11672.876
 237      1.255080   -0.000586   -23.474            1 11681.224
 238      1.254463   -0.000617   -23.275            1 11689.753
 239      1.252740   -0.001722   -23.387            1 11698.459
 240      1.250934   -0.001806   -23.524            1 11707.077
 241      1.249741   -0.001193   -23.489            1 11715.587
 242      1.248979   -0.000762   -23.331            1 11724.133
 243      1.246623   -0.002356   -23.626            1 11732.822
 244      1.245101   -0.001521   -23.685            1 11741.267
 245      1.244429   -0.000672   -23.505            1 11749.667
 246      1.243157   -0.001272   -23.494            1 11758.229
 247      1.242151   -0.001006   -23.407            1 11766.808
 248      1.241130   -0.001021   -23.324            1 11775.470
 249      1.239716   -0.001414   -23.353            1 11784.211
 250      1.238746   -0.000971   -23.256            1 11792.935
 251      1.236677   -0.002068   -23.473            1 11801.751
 252      1.235675   -0.001003   -23.386            1 11810.385
 253      1.233708   -0.001967   -23.576            1 11819.102
 254      1.232264   -0.001444   -23.618            1 11827.660
 255      1.230346   -0.001917   -23.796            1 11836.188
 256      1.229919   -0.000428   -23.548            1 11844.565
 257      1.227953   -0.001966   -23.741            1 11853.168
 258      1.227411   -0.000542   -23.525            1 11861.607
 259      1.226895   -0.000516   -23.300            1 11870.244
 260      1.225490   -0.001405   -23.331            1 11879.089
 261      1.223994   -0.001496   -23.389            1 11887.914
 262      1.223406   -0.000588   -23.184            1 11896.694
 263      1.221438   -0.001968   -23.378            1 11905.667
 264      1.220277   -0.001161   -23.340            1 11914.471
 265      1.219299   -0.000978   -23.249            1 11923.317
 266      1.217932   -0.001366   -23.271            1 11932.253
 267      1.216592   -0.001341   -23.285            1 11941.177
 268      1.215154   -0.001438   -23.329            1 11950.095
 269      1.213485   -0.001669   -23.440            1 11958.981
 270      1.212598   -0.000887   -23.325            1 11967.772
 271      1.211025   -0.001573   -23.409            1 11976.676
 272      1.209837   -0.001188   -23.382            1 11985.509
 273      1.208692   -0.001144   -23.342            1 11994.375
 274      1.207716   -0.000976   -23.253            1 12003.284
 275      1.206540   -0.001176   -23.222            1 12012.283
 276      1.203618   -0.002923   -23.704            1 12021.319
 277      1.202043   -0.001575   -23.795            1 12029.911
 278      1.200704   -0.001339   -23.817            1 12038.424
 279      1.198704   -0.002000   -24.035            1 12046.921
 280      1.197624   -0.001080   -23.983            1 12055.219
 281      1.196065   -0.001559   -24.073            1 12063.571
 282      1.194398   -0.001667   -24.195            1 12071.842
 283      1.193607   -0.000791   -24.060            1 12080.002
 284      1.191865   -0.001742   -24.206            1 12088.293
 285      1.190907   -0.000958   -24.122            1 12096.450
 286      1.189167   -0.001740   -24.268            1 12104.691
 287      1.188810   -0.000356   -24.006            1 12112.797
 288      1.187022   -0.001789   -24.167            1 12121.156
 289      1.186584   -0.000437   -23.928            1 12129.366
 290      1.185924   -0.000660   -23.753            1 12137.808
 291      1.184796   -0.001128   -23.717            1 12146.424
 292      1.182639   -0.002158   -23.988            1 12155.080
 293      1.181962   -0.000676   -23.819            1 12163.478
 294      1.180652   -0.001310   -23.839            1 12172.044
 295      1.178433   -0.002219   -24.132            1 12180.594
 296      1.177773   -0.000660   -23.960            1 12188.863
 297      1.176784   -0.000989   -23.886            1 12197.304
 298      1.175716   -0.001068   -23.835            1 12205.822
 299      1.174268   -0.001448   -23.898            1 12214.395
 300      1.171903   -0.002365   -24.238            1 12222.909
 301      1.171039   -0.000864   -24.129            1 12231.090
 302      1.170761   -0.000277   -23.843            1 12239.381
 303      1.170032   -0.000729   -23.691            1 12247.961
 304      1.167775   -0.002257   -24.000            1 12256.697
 305      1.166760   -0.001015   -23.936            1 12265.128
 306      1.166067   -0.000693   -23.774            1 12273.627
 307      1.164959   -0.001108   -23.737            1 12282.292
 308      1.163457   -0.001501   -23.820            1 12290.999
 309      1.161735   -0.001723   -23.970            1 12299.626
 310      1.160945   -0.000790   -23.839            1 12308.103
 311      1.160153   -0.000791   -23.708            1 12316.718
 312      1.158932   -0.001222   -23.706            1 12325.471
 313      1.156605   -0.002327   -24.042            1 12334.229
 314      1.155208   -0.001397   -24.098            1 12342.645
 315      1.154927   -0.000282   -23.813            1 12351.007
 316      1.154433   -0.000493   -23.592            1 12359.665
 317      1.153910   -0.000523   -23.377            1 12368.558
 318      1.151825   -0.002085   -23.640            1 12377.678
 319      1.150447   -0.001378   -23.689            1 12386.528
 320      1.149703   -0.000745   -23.544            1 12395.331
 321      1.148573   -0.001130   -23.516            1 12404.290
 322      1.147771   -0.000802   -23.387            1 12413.283
 323      1.146190   -0.001582   -23.498            1 12422.416
 324      1.144655   -0.001535   -23.596            1 12431.436
 325      1.143306   -0.001349   -23.638            1 12440.356
 326      1.143007   -0.000299   -23.356            1 12449.235
 327      1.140067   -0.002941   -23.889            1 12458.419
 328      1.139382   -0.000684   -23.729            1 12467.037
 329      1.138026   -0.001357   -23.776            1 12475.829
 330      1.137681   -0.000345   -23.509            1 12484.573
 331      1.134950   -0.002730   -23.982            1 12493.608
 332      1.133564   -0.001387   -24.041            1 12502.135
 333      1.132921   -0.000643   -23.870            1 12510.599
 334      1.130855   -0.002066   -24.141            1 12519.251
 335      1.130073   -0.000782   -24.014            1 12527.609
 336      1.130009   -0.000064   -23.662            1 12536.107
 337      1.128811   -0.001199   -23.663            1 12544.992
 338      1.127739   -0.001072   -23.623            1 12553.879
 339      1.126690   -0.001049   -23.577            1 12562.812
 340      1.124941   -0.001748   -23.750            1 12571.800
 341      1.124738   -0.000203   -23.440            1 12580.598
 342      1.123550   -0.001188   -23.437            1 12589.744
 343      1.122442   -0.001108   -23.409            1 12598.897
 344      1.120173   -0.002269   -23.746            1 12608.085
 345      1.118922   -0.001252   -23.766            1 12616.895
 346      1.118717   -0.000204   -23.457            1 12625.685
 347      1.117137   -0.001580   -23.580            1 12634.827
 348      1.115665   -0.001471   -23.669            1 12643.832
 349      1.114885   -0.000780   -23.541            1 12652.737
 350      1.113675   -0.001210   -23.549            1 12661.790
 351      1.113254   -0.000422   -23.307            1 12670.837
 352      1.111921   -0.001332   -23.352            1 12680.164
 353      1.111076   -0.000845   -23.243            1 12689.443
 354      1.109990   -0.001087   -23.210            1 12698.850
 355      1.108266   -0.001724   -23.380            1 12708.299
 356      1.107037   -0.001229   -23.394            1 12717.553
 357      1.104731   -0.002306   -23.753            1 12726.793
 358      1.103633   -0.001098   -23.729            1 12735.616
 359      1.101935   -0.001698   -23.897            1 12744.468
 360      1.101492   -0.000443   -23.666            1 12753.123
 361      1.100913   -0.000579   -23.476            1 12762.049
 362      1.099497   -0.001416   -23.554            1 12771.201
 363      1.099053   -0.000444   -23.320            1 12780.262
 364      1.097597   -0.001456   -23.410            1 12789.603
 365      1.096197   -0.001400   -23.483            1 12798.838
 366      1.094816   -0.001381   -23.551            1 12807.988
 367      1.093925   -0.000891   -23.462            1 12817.057
 368      1.092421   -0.001504   -23.570            1 12826.234
 369      1.091805   -0.000616   -23.393            1 12835.282
 370      1.091127   -0.000678   -23.235            1 12844.544
 371      1.089774   -0.001352   -23.293            1 12854.001
 372      1.088431   -0.001343   -23.350            1 12863.387
 373      1.087168   -0.001262   -23.381            1 12872.706
 374      1.086698   -0.000471   -23.156            1 12881.987
 375      1.084809   -0.001889   -23.390            1 12891.547
 376      1.084524   -0.000285   -23.105            1 12900.819
 377      1.082723   -0.001802   -23.312            1 12910.445
 378      1.081915   -0.000807   -23.196            1 12919.816
 379      1.080510   -0.001405   -23.275            1 12929.332
 380      1.079607   -0.000903   -23.192            1 12938.751
 381      1.078633   -0.000974   -23.130            1 12948.275
 382      1.077153   -0.001480   -23.235            1 12957.878
 383      1.075437   -0.001716   -23.417            1 12967.350
 384      1.074476   -0.000961   -23.355            1 12976.592
 385      1.071705   -0.002771   -23.886            1 12985.912
 386      1.070578   -0.001127   -23.883            1 12994.558
 387      1.069892   -0.000686   -23.734            1 13003.205
 388      1.068370   -0.001522   -23.860            1 13012.038
 389      1.067597   -0.000773   -23.741            1 13020.708
 390      1.066784   -0.000813   -23.634            1 13029.527
 391      1.066022   -0.000762   -23.510            1 13038.482
 392      1.064836   -0.001187   -23.525            1 13047.595
 393      1.063941   -0.000895   -23.444            1 13056.687
 394      1.062227   -0.001714   -23.634            1 13065.882
 395      1.061545   -0.000683   -23.484            1 13074.828
 396      1.061207   -0.000338   -23.219            1 13083.967
 397      1.058542   -0.002665   -23.724            1 13093.453
 398      1.058319   -0.000223   -23.423            1 13102.272
 399      1.057796   -0.000523   -23.219            1 13111.486
 400      1.055648   -0.002148   -23.555            1 13120.968
 401      1.054768   -0.000880   -23.471            1 13130.001
 402      1.053495   -0.001273   -23.519            1 13139.143
 403      1.052515   -0.000980   -23.469            1 13148.218
 404      1.051435   -0.001080   -23.453            1 13157.358
 405      1.049888   -0.001547   -23.593            1 13166.516
 406      1.049594   -0.000294   -23.315            1 13175.481
 407      1.047047   -0.002548   -23.790            1 13184.820
 408      1.046152   -0.000895   -23.716            1 13193.511
 409      1.045311   -0.000841   -23.623            1 13202.297
 410      1.044936   -0.000374   -23.372            1 13211.205
 411      1.043652   -0.001284   -23.426            1 13220.452
 412      1.043165   -0.000487   -23.213            1 13229.621
 413      1.042213   -0.000952   -23.154            1 13239.082
 414      1.040312   -0.001901   -23.415            1 13248.622
 415      1.038132   -0.002180   -23.774            1 13257.795
 416      1.037082   -0.001049   -23.754            1 13266.464
 417      1.036437   -0.000645   -23.597            1 13275.155
 418      1.035973   -0.000464   -23.378            1 13284.059
 419      1.034890   -0.001083   -23.366            1 13293.266
 420      1.033948   -0.000942   -23.308            1 13302.484
 421      1.033572   -0.000376   -23.056            1 13311.780
 422      1.031863   -0.001709   -23.257            1 13321.431
 423      1.030781   -0.001082   -23.246            1 13330.791
 424      1.029038   -0.001743   -23.460            1 13340.163
 425      1.028041   -0.000997   -23.422            1 13349.222
 426      1.027080   -0.000961   -23.372            1 13358.329
 427      1.026281   -0.000799   -23.267            1 13367.502
 428      1.025113   -0.001168   -23.287            1 13376.823
 429      1.024233   -0.000880   -23.209            1 13386.109
 430      1.022818   -0.001415   -23.314            1 13395.503
 431      1.022113   -0.000705   -23.177            1 13404.737
 432      1.021535   -0.000579   -22.995            1 13414.167
 433      1.020823   -0.000712   -22.858            1 13423.861
 434      1.020121   -0.000702   -22.716            1 13433.753
 435      1.018545   -0.001576   -22.875            1 13443.854
 436      1.018349   -0.000196   -22.559            1 13453.714
 437      1.017171   -0.001179   -22.580            1 13464.044
 438      1.015115   -0.002055   -22.905            1 13474.341
 439      1.012892   -0.002223   -23.291            1 13484.143
 440      1.012635   -0.000257   -23.000            1 13493.356
 441      1.012370   -0.000265   -22.710            1 13503.002
 442      1.011333   -0.001037   -22.685            1 13513.086
 443      1.009188   -0.002145   -23.046            1 13523.203
 444      1.008368   -0.000820   -22.949            1 13532.763
 445      1.006891   -0.001477   -23.080            1 13542.464
 446      1.006358   -0.000533   -22.885            1 13551.956
 447      1.005586   -0.000772   -22.771            1 13561.744
 448      1.005152   -0.000433   -22.538            1 13571.704
 449      1.003911   -0.001241   -22.585            1 13582.023
 450      1.003592   -0.000319   -22.310            1 13592.263
 451      1.002059   -0.001533   -22.459            1 13602.933
 452      1.001351   -0.000708   -22.320            1 13613.364
 453      0.999388   -0.001962   -22.620            1 13624.012
 454      0.999001   -0.000387   -22.370            1 13634.178
 455      0.996638   -0.002363   -22.813            1 13644.737
 456      0.995657   -0.000981   -22.774            1 13654.582
 457      0.994497   -0.001161   -22.799            1 13664.481
 458      0.993249   -0.001248   -22.854            1 13674.334
 459      0.992337   -0.000912   -22.793            1 13684.089
 460      0.991338   -0.000999   -22.761            1 13693.935
 461      0.990992   -0.000346   -22.499            1 13703.824
 462      0.989489   -0.001503   -22.644            1 13714.134
 463      0.988853   -0.000636   -22.484            1 13724.200
 464      0.987165   -0.001689   -22.696            1 13734.522
 465      0.986404   -0.000761   -22.580            1 13744.487
 466      0.985159   -0.001245   -22.637            1 13754.634
 467      0.984812   -0.000347   -22.374            1 13764.680
 468      0.983697   -0.001115   -22.383            1 13775.156
 469      0.982438   -0.001259   -22.444            1 13785.611
 470      0.981379   -0.001060   -22.434            1 13795.956
 471      0.980357   -0.001022   -22.411            1 13806.310
 472      0.978479   -0.001878   -22.695            1 13816.694
 473      0.978082   -0.000397   -22.452            1 13826.588
 474      0.977236   -0.000846   -22.367            1 13836.887
 475      0.976006   -0.001230   -22.420            1 13847.321
 476      0.975636   -0.000370   -22.165            1 13857.657
 477      0.973968   -0.001668   -22.374            1 13868.425
 478      0.973186   -0.000781   -22.267            1 13878.823
 479      0.972319   -0.000867   -22.190            1 13889.399
 480      0.971265   -0.001054   -22.180            1 13900.101
 481      0.971059   -0.000206   -21.864            1 13910.813
 482      0.969579   -0.001480   -22.005            1 13922.076
 483      0.968707   -0.000872   -21.928            1 13933.082
 484      0.967232   -0.001475   -22.069            1 13944.217
 485      0.965828   -0.001404   -22.186            1 13955.093
 486      0.965079   -0.000750   -22.068            1 13965.751
 487      0.964505   -0.000573   -21.885            1 13976.613
 488      0.963196   -0.001309   -21.967            1 13987.797
 489      0.961449   -0.001747   -22.210            1 13998.823
 490      0.961081   -0.000368   -21.954            1 14009.399
 491      0.959651   -0.001430   -22.083            1 14020.432
 492      0.958625   -0.001026   -22.066            1 14031.220
 493      0.957291   -0.001334   -22.162            1 14042.029
 494      0.956972   -0.000319   -21.888            1 14052.651
 495      0.955963   -0.001009   -21.864            1 14063.770
 496      0.954571   -0.001393   -21.980            1 14074.924
 497      0.952158   -0.002413   -22.473            1 14085.851
 498      0.951235   -0.000922   -22.424            1 14095.847
 499      0.949426   -0.001809   -22.700            1 14105.919
 500      0.948752   -0.000674   -22.563            1 14115.458
 501      0.947215   -0.001537   -22.742            1 14125.237
 502      0.946804   -0.000411   -22.508            1 14134.662
 503      0.946417   -0.000387   -22.263            1 14144.510
 504      0.945546   -0.000870   -22.195            1 14154.807
 505      0.945073   -0.000473   -21.979            1 14165.220
 506      0.944302   -0.000771   -21.872            1 14176.033
 507      0.943053   -0.001250   -21.941            1 14187.041
 508      0.942766   -0.000287   -21.655            1 14197.901
 509      0.940770   -0.001996   -22.000            1 14209.309
 510      0.940363   -0.000407   -21.758            1 14220.029
 511      0.939334   -0.001029   -21.746            1 14231.209
 512      0.937884   -0.001451   -21.891            1 14242.401
 513      0.937523   -0.000361   -21.632            1 14253.292
 514      0.937221   -0.000303   -21.349            1 14264.685
 515      0.936795   -0.000425   -21.108            1 14276.635
 516      0.934423   -0.002372   -21.593            1 14289.061
 517      0.932821   -0.001602   -21.796            1 14300.495
 518      0.932356   -0.000465   -21.576            1 14311.505
 519      0.932165   -0.000191   -21.251            1 14322.948
 520      0.930829   -0.001336   -21.352            1 14335.043
 521      0.930169   -0.000660   -21.201            1 14346.919
 522      0.929623   -0.000546   -21.006            1 14359.096
 523      0.927607   -0.002016   -21.362            1 14371.669
 524      0.926826   -0.000781   -21.258            1 14383.489
 525      0.925567   -0.001259   -21.332            1 14395.514
 526      0.924382   -0.001185   -21.381            1 14407.370
 527      0.923053   -0.001329   -21.484            1 14419.111
 528      0.920970   -0.002082   -21.874            1 14430.619
 529      0.920644   -0.000327   -21.604            1 14441.287
 530      0.920277   -0.000367   -21.347            1 14452.507
 531      0.919600   -0.000677   -21.205            1 14464.259
 532      0.917871   -0.001728   -21.461            1 14476.301
 533      0.917272   -0.000600   -21.291            1 14487.778
 534      0.915680   -0.001592   -21.497            1 14499.604
 535      0.914828   -0.000852   -21.424            1 14510.968
 536      0.913473   -0.001355   -21.542            1 14522.471
 537      0.911424   -0.002049   -21.927            1 14533.698
 538      0.910814   -0.000610   -21.767            1 14544.062
 539      0.910128   -0.000685   -21.634            1 14554.753
 540      0.908393   -0.001736   -21.902            1 14565.714
 541      0.908091   -0.000301   -21.624            1 14576.059
 542      0.906904   -0.001188   -21.684            1 14586.996
 543      0.906270   -0.000634   -21.531            1 14597.777
 544      0.905251   -0.001019   -21.525            1 14608.877
 545      0.904457   -0.000795   -21.434            1 14619.967
 546      0.903356   -0.001101   -21.459            1 14631.241
 547      0.902439   -0.000916   -21.414            1 14642.435
 548      0.902246   -0.000193   -21.091            1 14653.708
 549      0.901807   -0.000439   -20.858            1 14665.703
 550      0.900126   -0.001681   -21.103            1 14678.218
 551      0.898720   -0.001407   -21.246            1 14690.143
 552      0.898293   -0.000426   -21.011            1 14701.716
 553      0.897675   -0.000619   -20.848            1 14713.816
 554      0.896013   -0.001661   -21.088            1 14726.280
 555      0.894565   -0.001448   -21.249            1 14738.156
 556      0.893664   -0.000901   -21.199            1 14749.629
 557      0.893049   -0.000615   -21.038            1 14761.194
 558      0.892596   -0.000453   -20.812            1 14773.122
 559      0.891543   -0.001053   -20.818            1 14785.569
 560      0.890414   -0.001129   -20.854            1 14797.982
 561      0.889769   -0.000644   -20.701            1 14810.286
 562      0.889135   -0.000635   -20.543            1 14822.940
 563      0.888013   -0.001122   -20.575            1 14835.962
 564      0.887004   -0.001008   -20.563            1 14848.885
 565      0.885676   -0.001329   -20.676            1 14861.820
 566      0.884982   -0.000694   -20.543            1 14874.450
 567      0.884294   -0.000688   -20.405            1 14887.392
 568      0.882960   -0.001334   -20.521            1 14900.659
 569      0.882215   -0.000745   -20.407            1 14913.613
 570      0.880802   -0.001413   -20.555            1 14926.836
 571      0.880717   -0.000084   -20.180            1 14939.661
 572      0.879751   -0.000966   -20.150            1 14953.422
 573      0.879125   -0.000626   -19.986            1 14967.242
 574      0.876862   -0.002263   -20.468            1 14981.471
 575      0.875859   -0.001003   -20.457            1 14994.427
 576      0.874778   -0.001081   -20.477            1 15007.387
 577      0.873829   -0.000949   -20.446            1 15020.269
 578      0.872253   -0.001577   -20.664            1 15033.209
 579      0.871489   -0.000764   -20.561            1 15045.548
 580      0.870698   -0.000791   -20.469            1 15058.129
 581      0.870363   -0.000335   -20.194            1 15070.926
 582      0.869537   -0.000826   -20.112            1 15084.432
 583      0.868355   -0.001182   -20.171            1 15098.136
 584      0.867066   -0.001290   -20.275            1 15111.653
 585      0.865775   -0.001290   -20.381            1 15124.863
 586      0.864839   -0.000936   -20.347            1 15137.757
 587      0.863521   -0.001318   -20.466            1 15150.714
 588      0.863144   -0.000377   -20.209            1 15163.314
 589      0.862239   -0.000905   -20.161            1 15176.594
 590      0.860945   -0.001294   -20.270            1 15189.976
 591      0.859900   -0.001045   -20.280            1 15203.026
 592      0.859616   -0.000284   -19.984            1 15216.016
 593      0.858689   -0.000927   -19.944            1 15229.810
 594      0.857283   -0.001406   -20.098            1 15243.689
 595      0.856399   -0.000884   -20.042            1 15257.102
 596      0.855475   -0.000924   -20.003            1 15270.642
 597      0.854936   -0.000540   -19.808            1 15284.265
 598      0.853712   -0.001223   -19.888            1 15298.422
 599      0.852745   -0.000967   -19.866            1 15312.316
 600      0.851331   -0.001414   -20.025            1 15326.245
 601      0.850769   -0.000562   -19.840            1 15339.675
 602      0.849603   -0.001166   -19.900            1 15353.617
 603      0.849196   -0.000407   -19.651            1 15367.351
 604      0.848504   -0.000692   -19.515            1 15381.795
 605      0.845899   -0.002605   -20.161            1 15396.615
 606      0.844665   -0.001234   -20.254            1 15409.467
 607      0.844005   -0.000660   -20.113            1 15421.998
 608      0.842766   -0.001239   -20.208            1 15434.912
 609      0.841358   -0.001408   -20.375            1 15447.496
 610      0.840112   -0.001247   -20.477            1 15459.530
 611      0.839503   -0.000609   -20.319            1 15471.203
 612      0.838513   -0.000990   -20.316            1 15483.311
 613      0.837628   -0.000885   -20.271            1 15495.380
 614      0.837141   -0.000487   -20.061            1 15507.541
 615      0.836597   -0.000545   -19.872            1 15520.307
 616      0.835096   -0.001500   -20.077            1 15533.620
 617      0.834642   -0.000454   -19.851            1 15546.243
 618      0.833713   -0.000929   -19.820            1 15559.533
 619      0.832977   -0.000736   -19.709            1 15572.877
 620      0.831870   -0.001107   -19.751            1 15586.533
 621      0.831107   -0.000763   -19.651            1 15600.009
 622      0.829574   -0.001533   -19.870            1 15613.765
 623      0.828964   -0.000610   -19.709            1 15626.762
 624      0.827468   -0.001495   -19.914            1 15640.237
 625      0.827357   -0.000112   -19.546            1 15652.990
 626      0.826134   -0.001223   -19.637            1 15666.908
 627      0.825310   -0.000824   -19.562            1 15680.478
 628      0.824238   -0.001072   -19.592            1 15694.246
 629      0.823401   -0.000837   -19.523            1 15707.867
 630      0.822107   -0.001294   -19.646            1 15721.670
 631      0.821388   -0.000719   -19.529            1 15735.007
 632      0.820883   -0.000505   -19.322            1 15748.688
 633      0.819899   -0.000984   -19.313            1 15763.030
 634      0.819711   -0.000188   -18.970            1 15777.353
 635      0.818324   -0.001387   -19.128            1 15792.824
 636      0.817575   -0.000749   -19.019            1 15807.699
 637      0.816478   -0.001097   -19.056            1 15822.910
 638      0.815880   -0.000598   -18.883            1 15837.943
 639      0.814331   -0.001549   -19.111            1 15853.545
 640      0.814035   -0.000296   -18.811            1 15868.287
 641      0.812642   -0.001393   -18.973            1 15884.056
 642      0.811693   -0.000949   -18.950            1 15899.193
 643      0.811553   -0.000139   -18.582            1 15914.366
 644      0.810441   -0.001112   -18.623            1 15930.839
 645      0.810050   -0.000391   -18.359            1 15947.116
 646      0.808752   -0.001297   -18.477            1 15964.333
 647      0.807853   -0.000900   -18.428            1 15981.067
 648      0.806503   -0.001350   -18.571            1 15997.942
 649      0.805957   -0.000546   -18.373            1 16014.232
 650      0.804821   -0.001136   -18.424            1 16031.228
 651      0.803786   -0.001035   -18.434            1 16047.982
 652      0.802935   -0.000851   -18.366            1 16064.650
 653      0.801536   -0.001399   -18.532            1 16081.535
 654      0.800750   -0.000786   -18.438            1 16097.724
 655      0.800426   -0.000325   -18.144            1 16114.229
 656      0.798462   -0.001964   -18.553            1 16131.840
 657      0.796958   -0.001504   -18.770            1 16147.786
 658      0.796763   -0.000194   -18.424            1 16162.814
 659      0.795860   -0.000903   -18.381            1 16179.155
 660      0.795264   -0.000596   -18.205            1 16195.612
 661      0.794918   -0.000345   -17.918            1 16212.725
 662      0.794411   -0.000507   -17.697            1 16230.959
 663      0.793579   -0.000833   -17.615            1 16250.058
 664      0.792167   -0.001411   -17.784            1 16269.457
 665      0.791623   -0.000544   -17.578            1 16288.109
 666      0.790536   -0.001088   -17.607            1 16307.580
 667      0.789612   -0.000924   -17.565            1 16326.888
 668      0.788994   -0.000617   -17.389            1 16346.330
 669      0.787648   -0.001346   -17.530            1 16366.483
 670      0.786366   -0.001282   -17.645            1 16385.988
 671      0.785155   -0.001212   -17.732            1 16404.947
 672      0.784765   -0.000390   -17.460            1 16423.478
 673      0.782626   -0.002139   -17.952            1 16443.148
 674      0.781678   -0.000948   -17.929            1 16460.599
 675      0.780883   -0.000795   -17.838            1 16478.088
 676      0.780266   -0.000617   -17.668            1 16495.913
 677      0.779468   -0.000798   -17.577            1 16514.433
 678      0.778490   -0.000978   -17.563            1 16533.308
 679      0.777208   -0.001282   -17.685            1 16552.183
 680      0.776769   -0.000439   -17.435            1 16570.443
 681      0.775663   -0.001106   -17.478            1 16589.785
 682      0.774725   -0.000937   -17.447            1 16608.868
 683      0.773020   -0.001705   -17.757            1 16628.032
 684      0.772136   -0.000884   -17.708            1 16645.681
 685      0.771897   -0.000238   -17.370            1 16663.487
 686      0.771657   -0.000241   -17.029            1 16682.816
 687      0.770333   -0.001324   -17.166            1 16703.714
 688      0.769548   -0.000785   -17.066            1 16723.893
 689      0.768015   -0.001533   -17.299            1 16744.500
 690      0.766750   -0.001264   -17.415            1 16763.909
 691      0.766085   -0.000666   -17.266            1 16782.676
 692      0.764346   -0.001738   -17.596            1 16802.102
 693      0.762898   -0.001449   -17.802            1 16819.820
 694      0.762377   -0.000520   -17.594            1 16836.432
 695      0.760773   -0.001604   -17.871            1 16853.983
 696      0.760244   -0.000529   -17.668            1 16870.053
 697      0.759777   -0.000467   -17.435            1 16887.040
 698      0.758873   -0.000904   -17.396            1 16905.116
 699      0.758397   -0.000476   -17.163            1 16923.300
 700      0.757710   -0.000687   -17.023            1 16942.595
 701      0.757123   -0.000588   -16.835            1 16962.539
 702      0.756299   -0.000824   -16.753            1 16983.389
 703      0.755345   -0.000954   -16.728            1 17004.602
 704      0.753845   -0.001500   -16.952            1 17025.872
 705      0.752648   -0.001197   -17.042            1 17045.858
 706      0.751850   -0.000798   -16.953            1 17065.268
 707      0.751358   -0.000492   -16.723            1 17085.071
 708      0.749512   -0.001846   -17.108            1 17106.043
 709      0.749076   -0.000436   -16.855            1 17124.807
 710      0.748349   -0.000727   -16.732            1 17144.867
 711      0.746809   -0.001539   -16.979            1 17165.521
 712      0.746173   -0.000636   -16.817            1 17184.690
 713      0.745393   -0.000780   -16.719            1 17204.671
 714      0.744583   -0.000810   -16.633            1 17225.110
 715      0.744141   -0.000442   -16.377            1 17245.944
 716      0.742200   -0.001941   -16.808            1 17268.166
 717      0.741775   -0.000424   -16.547            1 17287.781
 718      0.741029   -0.000746   -16.431            1 17308.816
 719      0.740100   -0.000929   -16.397            1 17330.437
 720      0.738250   -0.001851   -16.791            1 17352.157
 721      0.737627   -0.000623   -16.622            1 17371.416
 722      0.736792   -0.000834   -16.550            1 17391.566
 723      0.736492   -0.000301   -16.229            1 17412.038
 724      0.735062   -0.001430   -16.428            1 17434.365
 725      0.734655   -0.000406   -16.155            1 17455.355
 726      0.734112   -0.000543   -15.941            1 17477.935
 727      0.733645   -0.000467   -15.688            1 17501.760
 728      0.732474   -0.001171   -15.761            1 17527.102
 729      0.731653   -0.000820   -15.671            1 17551.892
 730      0.730726   -0.000927   -15.630            1 17577.172
 731      0.728816   -0.001911   -16.049            1 17602.629
 732      0.727250   -0.001565   -16.315            1 17625.237
 733      0.726446   -0.000805   -16.229            1 17645.980
 734      0.725680   -0.000766   -16.123            1 17667.153
 735      0.724379   -0.001301   -16.269            1 17688.893
 736      0.723641   -0.000737   -16.151            1 17709.524
 737      0.722240   -0.001401   -16.345            1 17730.802
 738      0.720626   -0.001615   -16.644            1 17750.617
 739      0.719744   -0.000882   -16.603            1 17768.240
 740      0.719267   -0.000477   -16.369            1 17785.969
 741      0.718183   -0.001084   -16.420            1 17805.128
 742      0.717395   -0.000789   -16.331            1 17823.764
 743      0.717240   -0.000154   -15.941            1 17842.840
 744      0.716697   -0.000543   -15.729            1 17864.508
 745      0.715539   -0.001159   -15.806            1 17887.546
 746      0.714909   -0.000630   -15.634            1 17909.874
 747      0.714300   -0.000608   -15.449            1 17933.307
 748      0.712636   -0.001665   -15.764            1 17957.962
 749      0.711341   -0.001294   -15.910            1 17980.124
 750      0.710778   -0.000564   -15.709            1 18001.034
 751      0.709996   -0.000781   -15.609            1 18023.273
 752      0.708385   -0.001612   -15.906            1 18046.099
 753      0.707519   -0.000866   -15.851            1 18066.486
 754      0.706515   -0.001004   -15.861            1 18087.099
 755      0.706087   -0.000428   -15.596            1 18107.431
 756      0.705158   -0.000929   -15.568            1 18129.634
 757      0.704359   -0.000799   -15.476            1 18151.876
 758      0.703738   -0.000621   -15.298            1 18174.654
 759      0.703395   -0.000343   -14.983            1 18198.678
 760      0.701714   -0.001682   -15.309            1 18225.096
 761      0.700923   -0.000791   -15.210            1 18248.669
 762      0.700595   -0.000327   -14.887            1 18272.861
 763      0.699033   -0.001562   -15.156            1 18299.576
 764      0.697991   -0.001042   -15.178            1 18323.847
 765      0.697466   -0.000525   -14.951            1 18347.728
 766      0.695713   -0.001752   -15.316            1 18373.357
 767      0.695368   -0.000346   -15.004            1 18395.640
 768      0.695115   -0.000253   -14.642            1 18420.405
 769      0.694121   -0.000993   -14.633            1 18448.165
 770      0.693548   -0.000574   -14.421            1 18475.816
 771      0.692995   -0.000553   -14.194            1 18505.204
 772      0.691813   -0.001182   -14.272            1 18536.495
 773      0.691223   -0.000590   -14.061            1 18566.910
 774      0.690620   -0.000603   -13.853            1 18599.125
 775      0.689765   -0.000855   -13.765            1 18633.156
 776      0.688553   -0.001212   -13.852            1 18667.887
 777      0.687761   -0.000792   -13.734            1 18701.642
 778      0.685725   -0.002036   -14.229            1 18736.396
 779      0.684446   -0.001278   -14.360            1 18766.151
 780      0.683959   -0.000488   -14.103            1 18794.411
 781      0.681932   -0.002026   -14.604            1 18824.990
 782      0.681382   -0.000551   -14.384            1 18850.360
 783      0.680732   -0.000650   -14.210            1 18877.668
 784      0.679914   -0.000818   -14.116            1 18906.501
 785      0.678981   -0.000933   -14.077            1 18936.064
 786      0.678179   -0.000801   -13.973            1 18965.786
 787      0.677763   -0.000416   -13.675            1 18996.361
 788      0.675956   -0.001807   -14.066            1 19029.876
 789      0.675858   -0.000098   -13.612            1 19058.978
 790      0.674842   -0.001016   -13.608            1 19092.747
 791      0.674044   -0.000798   -13.495            1 19126.345
 792      0.671932   -0.002112   -14.039            1 19160.974
 793      0.671760   -0.000172   -13.622            1 19189.293
 794      0.670363   -0.001397   -13.812            1 19222.015
 795      0.669420   -0.000943   -13.779            1 19252.315
 796      0.668187   -0.001233   -13.891            1 19282.709
 797      0.667677   -0.000510   -13.642            1 19311.503
 798      0.667046   -0.000631   -13.449            1 19342.898
 799      0.666421   -0.000625   -13.249            1 19376.291
 800      0.664963   -0.001459   -13.468            1 19411.820
 801      0.664460   -0.000503   -13.207            1 19444.426
 802      0.663607   -0.000852   -13.119            1 19479.935
 803      0.661270   -0.002337   -13.784            1 19516.275
 804      0.660602   -0.000668   -13.616            1 19544.016
 805      0.659371   -0.001231   -13.731            1 19573.488
 806      0.658669   -0.000703   -13.580            1 19601.128
 807      0.658040   -0.000628   -13.388            1 19630.302
 808      0.656915   -0.001125   -13.446            1 19661.580
 809      0.656121   -0.000794   -13.337            1 19691.719
 810      0.655224   -0.000897   -13.279            1 19722.914
 811      0.654610   -0.000613   -13.075            1 19754.501
 812      0.653935   -0.000675   -12.897            1 19788.485
 813      0.652598   -0.001337   -13.057            1 19824.550
 814      0.652158   -0.000440   -12.759            1 19858.029
 815      0.650675   -0.001484   -12.993            1 19895.327
 816      0.650341   -0.000334   -12.639            1 19928.920
 817      0.649704   -0.000636   -12.434            1 19967.222
 818      0.648260   -0.001444   -12.642            1 20008.190
 819      0.646873   -0.001387   -12.827            1 20045.712
 820      0.646030   -0.000843   -12.735            1 20080.065
 821      0.645173   -0.000857   -12.649            1 20115.366
 822      0.644073   -0.001101   -12.687            1 20151.552
 823      0.643511   -0.000562   -12.447            1 20186.692
 824      0.642888   -0.000623   -12.233            1 20225.144
 825      0.642062   -0.000826   -12.121            1 20266.587
 826      0.640681   -0.001381   -12.296            1 20309.455
 827      0.639319   -0.001362   -12.466            1 20349.049
 828      0.638514   -0.000805   -12.350            1 20385.364
 829      0.638132   -0.000383   -12.010            1 20423.108
 830      0.636588   -0.001544   -12.272            1 20466.133
 831      0.635953   -0.000635   -12.063            1 20504.201
 832      0.634190   -0.001763   -12.443            1 20545.377
 833      0.633463   -0.000727   -12.289            1 20579.366
 834      0.632328   -0.001135   -12.346            1 20615.486
 835      0.631000   -0.001329   -12.507            1 20649.985
 836      0.630742   -0.000258   -12.108            1 20680.921
 837      0.629476   -0.001265   -12.232            1 20718.500
 838      0.628643   -0.000834   -12.131            1 20753.152
 839      0.628273   -0.000370   -11.782            1 20789.036
 840      0.626989   -0.001284   -11.909            1 20830.965
 841      0.625723   -0.001266   -12.031            1 20869.802
 842      0.624799   -0.000923   -11.974            1 20905.567
 843      0.623536   -0.001264   -12.098            1 20941.727
 844      0.622469   -0.001067   -12.122            1 20974.643
 845      0.621964   -0.000504   -11.846            1 21006.275
 846      0.621788   -0.000177   -11.389            1 21042.764
 847      0.621098   -0.000689   -11.193            1 21088.159
 848      0.619424   -0.001674   -11.518            1 21137.138
 849      0.618511   -0.000913   -11.446            1 21178.339
 850      0.617439   -0.001073   -11.459            1 21220.347
 851      0.617032   -0.000406   -11.115            1 21261.280
 852      0.616061   -0.000972   -11.065            1 21309.254
 853      0.615221   -0.000840   -10.943            1 21357.655
 854      0.613994   -0.001227   -11.027            1 21408.181
 855      0.613213   -0.000781   -10.874            1 21455.949
 856      0.612884   -0.000329   -10.472            1 21506.643
 857      0.611292   -0.001592   -10.742            1 21566.589
 858      0.610120   -0.001172   -10.794            1 21619.035
 859      0.608779   -0.001342   -10.940            1 21669.345
 860      0.608131   -0.000648   -10.716            1 21714.984
 861      0.607284   -0.000847   -10.593            1 21765.559
 862      0.606730   -0.000553   -10.306            1 21818.513
 863      0.605163   -0.001567   -10.564            1 21878.415
 864      0.603810   -0.001353   -10.715            1 21930.313
 865      0.603301   -0.000509   -10.410            1 21976.985
 866      0.602613   -0.000688   -10.193            1 22031.265
 867      0.601363   -0.001250   -10.278            1 22090.873
 868      0.600364   -0.000999   -10.229            1 22147.001
 869      0.599426   -0.000938   -10.146            1 22203.566
 870      0.598359   -0.001067   -10.131            1 22261.630
 871      0.597806   -0.000553    -9.834            1 22319.063
 872      0.596669   -0.001137    -9.849            1 22384.884
 873      0.595974   -0.000695    -9.621            1 22449.212
 874      0.594606   -0.001369    -9.758            1 22520.066
 875      0.593514   -0.001092    -9.749            1 22585.254
 876      0.592595   -0.000919    -9.643            1 22649.633
 877      0.591976   -0.000619    -9.369            1 22716.505
 878      0.590866   -0.001110    -9.357            1 22792.072
 879      0.588519   -0.002347   -10.036            1 22866.984
 880      0.587626   -0.000893    -9.931            1 22915.576
 881      0.587060   -0.000566    -9.640            1 22966.369
 882      0.586917   -0.000143    -9.102            1 23026.540
 883      0.586125   -0.000792    -8.907            1 23106.378
 884      0.584954   -0.001171    -8.917            1 23192.958
 885      0.584360   -0.000594    -8.604            1 23277.980
 886      0.582595   -0.001765    -8.938            1 23375.169
 887      0.581258   -0.001337    -9.047            1 23456.751
 888      0.580942   -0.000316    -8.585            1 23532.082
 889      0.579819   -0.001123    -8.561            1 23626.686
 890      0.578612   -0.001207    -8.584            1 23721.162
 891      0.577971   -0.000641    -8.288            1 23813.201
 892      0.576858   -0.001113    -8.248            1 23918.236
 893      0.576187   -0.000671    -7.956            1 24024.052
 894      0.575813   -0.000374    -7.481            1 24143.706
 895      0.572903   -0.002909    -8.436            1 24287.882
 896      0.571751   -0.001152    -8.431            1 24379.602
 897      0.571344   -0.000406    -7.999            1 24469.628
 898      0.569995   -0.001349    -8.090            1 24581.900
 899      0.568814   -0.001182    -8.090            1 24687.325
 900      0.567712   -0.001102    -8.045            1 24790.861
 901      0.567151   -0.000561    -7.686            1 24895.054
 902      0.566162   -0.000989    -7.558            1 25019.580
 903      0.564725   -0.001437    -7.685            1 25150.721
 904      0.563430   -0.001296    -7.738            1 25271.793
 905      0.562106   -0.001324    -7.811            1 25387.198
 906      0.560720   -0.001386    -7.926            1 25495.114
 907      0.560168   -0.000552    -7.561            1 25592.133
 908      0.558989   -0.001179    -7.545            1 25712.527
 909      0.558317   -0.000672    -7.231            1 25831.462
 910      0.557835   -0.000483    -6.790            1 25971.966
 911      0.555350   -0.002485    -7.505            1 26146.120
 912      0.554975   -0.000376    -7.017            1 26259.205
 913      0.554711   -0.000263    -6.436            1 26410.143
 914      0.552561   -0.002151    -6.940            1 26610.801
 915      0.550700   -0.001860    -7.305            1 26763.535
 916      0.549352   -0.001348    -7.389            1 26879.003
 917      0.548541   -0.000812    -7.159            1 26981.920
 918      0.547893   -0.000647    -6.818            1 27102.150
 919      0.547101   -0.000793    -6.544            1 27252.379
 920      0.546544   -0.000557    -6.112     0.999999 27427.902
 921      0.543368   -0.003177    -7.226            1 27648.839
 922      0.542602   -0.000766    -6.966            1 27739.664
 923      0.541085   -0.001517    -7.142            1 27853.174
 924      0.540749   -0.000336    -6.620            1 27938.671
 925      0.538307   -0.002442    -7.333            1 28080.720
 926      0.538201   -0.000106    -6.686            1 28125.139
 927      0.537945   -0.000256    -6.088     0.999998 28243.640
 928      0.535544   -0.002401    -6.741            1 28437.887
 929      0.534443   -0.001102    -6.659            1 28531.002
 930      0.533117   -0.001325    -6.707            1 28625.624
 931      0.532043   -0.001074    -6.608            1 28701.751
 932      0.531058   -0.000985    -6.449            1 28781.098
 933      0.530348   -0.000710    -6.112     0.999999 28873.701
 934      0.529247   -0.001101    -5.986     0.999997 29011.610
 935      0.527846   -0.001402    -6.033     0.999998 29160.501
 936      0.527478   -0.000368    -5.459      0.99996 29287.889
 937      0.525952   -0.001526    -5.538     0.999973 29517.185
 938      0.523799   -0.002153    -6.007     0.999997 29718.962
 939      0.523485   -0.000313    -5.403     0.999949 29804.235
 940      0.522412   -0.001074    -5.206      0.99988 30009.272
 941      0.520568   -0.001844    -5.459      0.99996 30248.306
 942      0.518949   -0.001618    -5.602      0.99998 30406.421
 943      0.518524   -0.000425    -5.034     0.999757 30505.469
 944      0.517223   -0.001301    -4.943     0.999653 30741.453
 945      0.516608   -0.000616    -4.426     0.997853 30986.033
 946      0.514502   -0.002106    -4.759      0.99931 31383.070
 947      0.513829   -0.000673    -4.259     0.996401 31646.907
 948      0.512726   -0.001103    -3.963     0.991636 32077.251
 949      0.511254   -0.001472    -3.857     0.988941 32617.894
 950      0.508229   -0.003025    -4.701     0.999151 33198.317
 951      0.508010   -0.000220    -3.925     0.990757 33362.208
 952      0.506553   -0.001456    -3.810     0.987543 33873.459
 953      0.505045   -0.001508    -3.712     0.984147 34426.470
 954      0.503736   -0.001309    -3.478     0.972809 35014.505
 955      0.501781   -0.001955    -3.613     0.979965 35736.628
 956      0.500696   -0.001085    -3.228     0.954443 36331.942
 957      0.499050   -0.001646    -3.130     0.945037 37209.024
 958      0.496870   -0.002180    -3.359     0.964956 38158.434
 959      0.496426   -0.000443    -2.526     0.854009 38837.302
 960      0.493602   -0.002824    -3.046     0.935833 40471.663
 961      0.491541   -0.002061    -3.204     0.952226 41404.441
 962      0.489756   -0.001785    -3.221     0.953771 42004.482
 963      0.488788   -0.000968    -2.711     0.888355 42410.237
 964      0.488200   -0.000588    -1.819      0.67308 43596.563
 965      0.484804   -0.003396    -2.485     0.845457 47025.186
 966      0.482269   -0.002535    -2.836     0.908204 48536.779
 967      0.481250   -0.001020        NA           NA        NA
 968      0.479004   -0.002245        NA           NA        NA
 969      0.477660   -0.001344        NA           NA        NA
 970      0.476410   -0.001250        NA           NA        NA
 971      0.472497   -0.003913        NA           NA        NA
 972      0.469879   -0.002617        NA           NA        NA
 973      0.467023   -0.002856        NA           NA        NA
 974      0.462640   -0.004383        NA           NA        NA
 975      0.459711   -0.002930        NA           NA        NA
    kurtosis           snps    indivs
 eigenvector    1     3.014     3.018
 eigenvector    2     3.027     3.070
 eigenvector    3     3.084     3.461
population:   0              Control  777
population:   1                 Case  199

## Average divergence between populations:
              Control       Case     popsize
   Control      0.998      1.000         777
      Case      1.000      1.002         199


number of blocks for moving block jackknife: 452
fst *1000:
          C     C 
   C      0     0
   C      0     0

s.dev * 1000000:
          C     C 
   C      0    24
   C     24     0

eigenvector 1:means
                Case     -0.001
             Control      0.000
## Anova statistics for population differences along each eigenvector:
                                              p-value
             eigenvector_1_Control_Case_      0.641698 
eigenvector 2:means
             Control     -0.001
                Case      0.002
             eigenvector_2_Control_Case_      0.317806 
eigenvector 3:means
                Case     -0.001
             Control      0.000
             eigenvector_3_Control_Case_      0.536865 

## Statistical significance of differences beween populations:
                                pop1                  pop2      chisq          p-value   |pop1|   |pop2|
popdifference:               Control                  Case         1.600      0.659399     777     199

eigbestsnp    1            rs1076513 19     34177587     3.949
eigbestsnp    1            rs2772354 13     99035888     3.890
eigbestsnp    1           rs10483423 14     33578918     3.598
eigbestsnp    1            rs1859681  7     28926168     3.513
eigbestsnp    1           rs10500480 16     63990136     3.391
eigbestsnp    1            rs6841060  4    184456314     3.385
eigbestsnp    1            rs4688128  3     62394268     3.384
eigbestsnp    1              rs35065 12     31149663     3.343
eigbestsnp    1            rs6794523  3      3107691     3.325
eigbestsnp    1           rs11870189 17     31320966     3.321
eigbestsnp    2           rs11672269 19      5466417     4.121
eigbestsnp    2             rs826911 12    130559833     3.628
eigbestsnp    2            rs6025689 20     56223451     3.556
eigbestsnp    2            rs9405868  6      5727250     3.474
eigbestsnp    2            rs6474512  8     38780606     3.460
eigbestsnp    2            rs4936081 11    129580962     3.448
eigbestsnp    2             rs486390  7    152783129     3.418
eigbestsnp    2            rs2270981 17      7216540     3.377
eigbestsnp    2            rs1388164 17     32044409     3.373
eigbestsnp    2            rs8099536 18      6783759     3.353
eigbestsnp    3           rs10503841  8     29255584     3.927
eigbestsnp    3             rs452943  9    136832577     3.797
eigbestsnp    3            rs9682960  3     11089345     3.790
eigbestsnp    3            rs9930580 16     24462555     3.735
eigbestsnp    3             rs282146 20       555352     3.703
eigbestsnp    3            rs1166246 12    127382013     3.691
eigbestsnp    3            rs6947121  7    148296304     3.642
eigbestsnp    3            rs9472173  6     43933256     3.560
eigbestsnp    3             rs952367 12     78643490     3.462
eigbestsnp    3            rs4688128  3     62394268     3.451
##end of smartpca run

Correlation between eigenvector 1 (of 3) and Case/Control status is -0.015
Correlation between eigenvector 2 (of 3) and Case/Control status is 0.032
Correlation between eigenvector 3 (of 3) and Case/Control status is -0.020
