PLINK v1.90b3.45 64-bit (13 Jan 2017)
Options in effect:
  --bfile training_set
  --extract L2_thresh_5_BP.extract
  --make-bed
  --out PCA5

Hostname: GBA-vcabeli
Working directory: /home/vcabeli/stage/curve_analysis/multi_PC/script
Start time: Thu Feb  1 10:58:51 2018

Random number seed: 1517479131
15733 MB RAM detected; reserving 7866 MB for main workspace.
250140 variants loaded from .bim file.
976 people (403 males, 573 females) loaded from .fam.
976 phenotype values loaded from .fam.
--extract: 10841 variants remaining.
Using 1 thread (no multithreaded calculations invoked).
Before main variant filters, 976 founders and 0 nonfounders present.
Calculating allele frequencies... done.
Total genotyping rate is 0.998675.
10841 variants and 976 people pass filters and QC.
Among remaining phenotypes, 214 are cases and 762 are controls.
--make-bed to PCA5.bed + PCA5.bim + PCA5.fam ... done.

End time: Thu Feb  1 10:58:51 2018
