PLINK v1.90b3.45 64-bit (13 Jan 2017)
Options in effect:
  --allow-extra-chr
  --bfile PCA5
  --exclude /home/vcabeli/Documents/data/high-LD-regions_37.txt
  --indep-pairwise 50 5 0.2
  --out PCA5_prune
  --range

Hostname: GBA-vcabeli
Working directory: /home/vcabeli/stage/curve_analysis/multi_PC/script
Start time: Wed Jan 31 15:58:07 2018

Note: --range flag deprecated.  Use e.g. '--extract range [filename]'.
Random number seed: 1517410687
15733 MB RAM detected; reserving 7866 MB for main workspace.
10841 variants loaded from .bim file.
976 people (416 males, 560 females) loaded from .fam.
976 phenotype values loaded from .fam.
--exclude range: 16 variants excluded.
--exclude range: 10825 variants remaining.
Using 1 thread (no multithreaded calculations invoked).
Before main variant filters, 976 founders and 0 nonfounders present.
Calculating allele frequencies... done.
Total genotyping rate is 0.998778.
10825 variants and 976 people pass filters and QC.
Among remaining phenotypes, 205 are cases and 771 are controls.
Pruned 64 variants from chromosome 1, leaving 680.
Pruned 52 variants from chromosome 2, leaving 592.
Pruned 67 variants from chromosome 3, leaving 563.
Pruned 57 variants from chromosome 4, leaving 576.
Pruned 29 variants from chromosome 5, leaving 505.
Pruned 45 variants from chromosome 6, leaving 468.
Pruned 40 variants from chromosome 7, leaving 427.
Pruned 30 variants from chromosome 8, leaving 363.
Pruned 63 variants from chromosome 9, leaving 483.
Pruned 26 variants from chromosome 10, leaving 381.
Pruned 34 variants from chromosome 11, leaving 312.
Pruned 38 variants from chromosome 12, leaving 472.
Pruned 31 variants from chromosome 13, leaving 332.
Pruned 36 variants from chromosome 14, leaving 335.
Pruned 46 variants from chromosome 15, leaving 356.
Pruned 36 variants from chromosome 16, leaving 380.
Pruned 77 variants from chromosome 17, leaving 567.
Pruned 58 variants from chromosome 18, leaving 440.
Pruned 72 variants from chromosome 19, leaving 609.
Pruned 36 variants from chromosome 20, leaving 366.
Pruned 28 variants from chromosome 21, leaving 256.
Pruned 57 variants from chromosome 22, leaving 340.
Pruning complete.  1022 of 10825 variants removed.
Marker lists written to PCA5_prune.prune.in and PCA5_prune.prune.out .

End time: Wed Jan 31 15:58:07 2018
