PLINK v1.90b3.45 64-bit (13 Jan 2017)
Options in effect:
  --bfile /home/vcabeli/Documents/data/BP_final/BP.B37-final
  --covar PCA5_pruned.cov
  --hide-covar
  --keep training_samples.keep
  --logistic sex beta
  --out train_log

Hostname: GBA-vcabeli
Working directory: /home/vcabeli/stage/curve_analysis/multi_PC/script
Start time: Thu Feb  1 10:59:06 2018

Note: --hide-covar flag deprecated.  Use e.g. '--linear hide-covar'.
Random number seed: 1517479146
15733 MB RAM detected; reserving 7866 MB for main workspace.
250140 variants loaded from .bim file.
1952 people (827 males, 1125 females) loaded from .fam.
1952 phenotype values loaded from .fam.
--keep: 976 people remaining.
Using 1 thread (no multithreaded calculations invoked).
--covar: 5 covariates loaded.
Before main variant filters, 976 founders and 0 nonfounders present.
Calculating allele frequencies... done.
Warning: 137 het. haploid genotypes present (see train_log.hh ); many commands
treat these as missing.
Total genotyping rate in remaining samples is 0.998692.
250140 variants and 976 people pass filters and QC.
Among remaining phenotypes, 214 are cases and 762 are controls.
Writing logistic model association results to train_log.assoc.logistic ...
done.

End time: Thu Feb  1 10:59:18 2018
