PLINK v1.90b3.45 64-bit (13 Jan 2017)
Options in effect:
  --bfile /media/vcabeliNFS2/safia/40/training_set
  --clump /media/vcabeliNFS2/safia/40/low_ld.assoc.logistic
  --clump-kb 500
  --clump-p1 1
  --clump-p2 1
  --clump-r2 0.2
  --out /media/vcabeliNFS2/safia/40/low_ld_clump
  --threads 8

Hostname: bioinfoclust05.cnam.fr
Working directory: /home/vcabeli
Start time: Sat Feb 24 01:09:31 2018

Random number seed: 1519430971
24099 MB RAM detected; reserving 12049 MB for main workspace.
250140 variants loaded from .bim file.
976 people (436 males, 540 females) loaded from .fam.
976 phenotype values loaded from .fam.
Using 1 thread (no multithreaded calculations invoked).
Before main variant filters, 976 founders and 0 nonfounders present.
Calculating allele frequencies... done.
Warning: 102 het. haploid genotypes present (see
/media/vcabeliNFS2/safia/40/low_ld_clump.hh ); many commands treat these as
missing.
Total genotyping rate is 0.99866.
250140 variants and 976 people pass filters and QC.
Among remaining phenotypes, 211 are cases and 765 are controls.
--clump: 95061 clumps formed from 250140 top variants.
Results written to /media/vcabeliNFS2/safia/40/low_ld_clump.clumped .

End time: Sat Feb 24 01:09:46 2018
