PLINK v1.90b3.45 64-bit (13 Jan 2017)
Options in effect:
  --bfile training_set
  --covar low_ld_pruned.cov
  --covar-name PC1-PC2
  --logistic sex beta hide-covar
  --out low_ld

Hostname: GBA-vcabeli
Working directory: /home/vcabeli/stage/curve_analysis/multi_SNP
Start time: Fri Feb 16 10:49:32 2018

Random number seed: 1518774572
15733 MB RAM detected; reserving 7866 MB for main workspace.
996 variants loaded from .bim file.
976 people (390 males, 586 females) loaded from .fam.
976 phenotype values loaded from .fam.
Using 1 thread (no multithreaded calculations invoked).
--covar: 2 out of 3 covariates loaded.
Before main variant filters, 976 founders and 0 nonfounders present.
Calculating allele frequencies... done.
Total genotyping rate is 0.998695.
996 variants and 976 people pass filters and QC.
Among remaining phenotypes, 212 are cases and 764 are controls.
Writing logistic model association results to low_ld.assoc.logistic ... done.

End time: Fri Feb 16 10:49:32 2018
