parameter file: low_ld_pruned.pca.par
### THE INPUT PARAMETERS
##PARAMETER NAME: VALUE
genotypename: low_ld_pruned.bed
snpname: low_ld_pruned.bim
indivname: low_ld_pruned.fam
evecoutname: low_ld_pruned.pca.evec
evaloutname: low_ld_pruned.eval
altnormstyle: NO
numoutevec: 3
numoutlieriter: 0
numoutlierevec: 2
outliersigmathresh: 6
qtmode: 0
## smartpca version: 13050
norm used

genetic distance set from physical distance
genotype file processed
number of samples used: 1952 number of snps used: 39
Using 8 threads, and partial sum lookup algorithm.
total number of snps killed in pass: 0  used: 39

## Tracy-Widom statistics: rows: 1952  cols: 39
  #N    eigenvalue  difference    twstat      p-value effect. n
   1     65.061896          NA     0.037     0.161558  1977.187
   2     61.398624   -3.663272    -3.557     0.977219  2089.442
   3     61.218869   -0.179755    -2.797     0.902215  2127.111
   4     60.677630   -0.541239    -2.461      0.84049  2182.370
   5     59.849897   -0.827733    -2.517     0.852034  2248.178
   6     59.469052   -0.380845    -1.915     0.701207  2315.707
   7     58.360018   -1.109034    -2.365     0.819327  2404.357
   8     57.706041   -0.653977    -2.195     0.778204  2483.965
   9     56.979349   -0.726693    -2.134     0.762204  2573.703
  10     56.063628   -0.915721    -2.403     0.827905  2671.050
  11     55.267546   -0.796082    -2.545     0.857706  2763.267
  12     54.769533   -0.498013    -2.209     0.781639  2854.255
  13     53.898946   -0.870587    -2.497     0.848048  2966.019
  14     53.353364   -0.545582    -2.269     0.796632  3069.370
  15     52.490136   -0.863228    -2.614     0.871035  3191.335
  16     52.042023   -0.448113    -2.255     0.793127  3298.777
  17     51.361323   -0.680700    -2.293     0.802406  3436.329
  18     50.777395   -0.583929    -2.168     0.771154  3579.529
  19     50.220329   -0.557065    -1.979     0.719662  3742.726
  20     48.968423   -1.251907    -3.253     0.956567  3936.618
  21     48.893394   -0.075029    -2.305     0.805325  4008.485
  22     48.283179   -0.610215    -2.317     0.807983  4185.530
  23     47.822971   -0.460208    -2.014     0.729612  4370.965
  24     46.740022   -1.082948    -3.093      0.94106  4616.040
  25     46.269046   -0.470976    -3.051     0.936437  4687.984
  26     45.702271   -0.566775    -3.232     0.954716  4753.533
  27     45.216274   -0.485997    -3.270     0.957992  4765.528
  28     45.130072   -0.086203    -2.383     0.823436  4740.981
  29     44.958739   -0.171333    -1.430     0.551569  4909.684
  30     44.285946   -0.672793    -1.294      0.50799  5438.243
  31     43.172893   -1.113053        NA           NA        NA
  32     42.951225   -0.221668        NA           NA        NA
  33     42.375060   -0.576165        NA           NA        NA
  34     41.611923   -0.763137        NA           NA        NA
  35     41.006316   -0.605606        NA           NA        NA
  36     40.204623   -0.801694        NA           NA        NA
  37     39.716965   -0.487658        NA           NA        NA
  38     38.588575   -1.128390        NA           NA        NA
  39     38.136482   -0.452093        NA           NA        NA
    kurtosis           snps    indivs
 eigenvector    1     2.831     3.185
 eigenvector    2     2.096     2.995
 eigenvector    3     2.819     3.123
population:   0              Control 1525
population:   1                 Case  427

## Average divergence between populations:
              Control       Case     popsize
   Control      0.993      1.000        1525
      Case      1.000      1.007         427


number of blocks for moving block jackknife: 37
fst *1000:
          C     C 
   C      0     0
   C      0     0

s.dev * 1000000:
          C     C 
   C      0   245
   C    245     0

eigenvector 1:means
                Case     -0.000
             Control      0.000
## Anova statistics for population differences along each eigenvector:
                                              p-value
             eigenvector_1_Control_Case_      0.966676 
eigenvector 2:means
                Case     -0.002
             Control      0.001
             eigenvector_2_Control_Case_     0.0460451 
eigenvector 3:means
                Case     -0.001
             Control      0.000
             eigenvector_3_Control_Case_      0.284203 

## Statistical significance of differences beween populations:
                                pop1                  pop2      chisq          p-value   |pop1|   |pop2|
popdifference:               Control                  Case         5.135      0.162164    1525     427

eigbestsnp    1            rs1470943  9      2668085     2.238
eigbestsnp    1            rs4557199  3     77069266     2.022
eigbestsnp    1             rs288579 16     62577626     2.017
eigbestsnp    1            rs9319327 13     27489315     1.987
eigbestsnp    1            rs2304401  2     11761309     1.645
eigbestsnp    1             rs135976 22     44828077     1.626
eigbestsnp    1            rs3765705  1      3597017     1.530
eigbestsnp    1            rs1357477  8    123651942     1.353
eigbestsnp    1           rs12484556 22     23962404     1.348
eigbestsnp    1           rs10988467  9    132428927     1.198
eigbestsnp    2            rs2323659 17     15296936     2.015
eigbestsnp    2            rs4767424 12    117056469     1.852
eigbestsnp    2             rs881940  2    110448910     1.848
eigbestsnp    2            rs2304401  2     11761309     1.602
eigbestsnp    2            rs9319327 13     27489315     1.542
eigbestsnp    2            rs1357477  8    123651942     1.537
eigbestsnp    2            rs7818800  8     72287617     1.253
eigbestsnp    2             rs225436 21     43729034     1.239
eigbestsnp    2            rs1811763  3    172817606     1.209
eigbestsnp    2            rs9896111 17      4407712     1.203
eigbestsnp    3            rs2162352 18     61646352     2.682
eigbestsnp    3            rs7818800  8     72287617     2.093
eigbestsnp    3            rs4557199  3     77069266     1.698
eigbestsnp    3             rs225436 21     43729034     1.656
eigbestsnp    3            rs6540244 16     86028384     1.505
eigbestsnp    3            rs1470943  9      2668085     1.460
eigbestsnp    3            rs3765705  1      3597017     1.329
eigbestsnp    3            rs7421653  2    234003227     1.296
eigbestsnp    3            rs9654056  4      6546433     1.295
eigbestsnp    3            rs4767424 12    117056469     1.267
##end of smartpca run

Correlation between eigenvector 1 (of 3) and Case/Control status is -0.001
Correlation between eigenvector 2 (of 3) and Case/Control status is -0.045
Correlation between eigenvector 3 (of 3) and Case/Control status is -0.024
