PLINK v1.90b3.45 64-bit (13 Jan 2017)
Options in effect:
  --bfile training_set
  --clump low_ld.assoc.logistic
  --clump-kb 500
  --clump-p1 1
  --clump-p2 1
  --clump-r2 0.2
  --out low_ld_clump

Hostname: GBA-vcabeli
Working directory: /home/vcabeli/stage/curve_analysis/multi_SNP
Start time: Fri Feb 16 10:49:41 2018

Random number seed: 1518774581
15733 MB RAM detected; reserving 7866 MB for main workspace.
996 variants loaded from .bim file.
976 people (390 males, 586 females) loaded from .fam.
976 phenotype values loaded from .fam.
Using 1 thread (no multithreaded calculations invoked).
Before main variant filters, 976 founders and 0 nonfounders present.
Calculating allele frequencies... done.
Total genotyping rate is 0.998695.
996 variants and 976 people pass filters and QC.
Among remaining phenotypes, 212 are cases and 764 are controls.
--clump: 988 clumps formed from 996 top variants.
Results written to low_ld_clump.clumped .

End time: Fri Feb 16 10:49:41 2018
