PLINK v1.90b3.45 64-bit (13 Jan 2017)
Options in effect:
  --allow-extra-chr
  --bfile low_ld
  --exclude /home/vcabeli/Documents/data/high-LD-regions_37.txt
  --indep-pairwise 50 5 0.2
  --out low_ld_prune
  --range

Hostname: GBA-vcabeli
Working directory: /home/vcabeli/stage/curve_analysis/multi_SNP
Start time: Fri Feb 16 10:40:13 2018

Note: --range flag deprecated.  Use e.g. '--extract range [filename]'.
Random number seed: 1518774013
15733 MB RAM detected; reserving 7866 MB for main workspace.
39 variants loaded from .bim file.
1952 people (827 males, 1125 females) loaded from .fam.
1952 phenotype values loaded from .fam.
Warning: No variants excluded by '--exclude range'.
--exclude range: 39 variants remaining.
Using 1 thread (no multithreaded calculations invoked).
Before main variant filters, 1952 founders and 0 nonfounders present.
Calculating allele frequencies... done.
Total genotyping rate is 0.99891.
39 variants and 1952 people pass filters and QC.
Among remaining phenotypes, 427 are cases and 1525 are controls.
Pruned 0 variants from chromosome 1, leaving 3.
Pruned 0 variants from chromosome 2, leaving 3.
Pruned 0 variants from chromosome 3, leaving 3.
Pruned 0 variants from chromosome 4, leaving 2.
Pruned 0 variants from chromosome 6, leaving 1.
Pruned 0 variants from chromosome 7, leaving 1.
Pruned 0 variants from chromosome 8, leaving 2.
Pruned 0 variants from chromosome 9, leaving 2.
Pruned 0 variants from chromosome 12, leaving 1.
Pruned 0 variants from chromosome 13, leaving 2.
Pruned 0 variants from chromosome 15, leaving 2.
Pruned 0 variants from chromosome 16, leaving 2.
Pruned 0 variants from chromosome 17, leaving 4.
Pruned 0 variants from chromosome 18, leaving 3.
Pruned 0 variants from chromosome 19, leaving 3.
Pruned 0 variants from chromosome 20, leaving 2.
Pruned 0 variants from chromosome 21, leaving 1.
Pruned 0 variants from chromosome 22, leaving 2.
Pruning complete.  0 of 39 variants removed.
Marker lists written to low_ld_prune.prune.in and low_ld_prune.prune.out .

End time: Fri Feb 16 10:40:13 2018
