PLINK v1.90b3.45 64-bit (13 Jan 2017)
Options in effect:
  --bfile 1000_snps_set
  --keep training_samples.keep
  --make-bed
  --out training_set

Hostname: GBA-vcabeli
Working directory: /home/vcabeli/stage/curve_analysis/multi_SNP
Start time: Fri Feb 16 10:40:31 2018

Random number seed: 1518774031
15733 MB RAM detected; reserving 7866 MB for main workspace.
996 variants loaded from .bim file.
1952 people (827 males, 1125 females) loaded from .fam.
1952 phenotype values loaded from .fam.
--keep: 976 people remaining.
Using 1 thread (no multithreaded calculations invoked).
Before main variant filters, 976 founders and 0 nonfounders present.
Calculating allele frequencies... done.
Total genotyping rate in remaining samples is 0.998695.
996 variants and 976 people pass filters and QC.
Among remaining phenotypes, 212 are cases and 764 are controls.
--make-bed to training_set.bed + training_set.bim + training_set.fam ... done.

End time: Fri Feb 16 10:40:31 2018
