PLINK v1.90b3.45 64-bit (13 Jan 2017)
Options in effect:
  --bfile /home/vcabeli/Documents/data/BP_final/BP.B37-final
  --covar BP.B37-final_low_ld_pruned.cov
  --covar-name PC1-PC2
  --logistic sex beta hide-covar
  --out low_ld

Hostname: GBA-vcabeli
Working directory: /home/vcabeli/stage/SigMod_v2/full
Start time: Thu Mar  8 16:50:55 2018

Random number seed: 1520524255
15733 MB RAM detected; reserving 7866 MB for main workspace.
250140 variants loaded from .bim file.
1952 people (827 males, 1125 females) loaded from .fam.
1952 phenotype values loaded from .fam.
Using 1 thread (no multithreaded calculations invoked).
--covar: 2 covariates loaded.
Before main variant filters, 1952 founders and 0 nonfounders present.
Calculating allele frequencies... done.
Warning: 203 het. haploid genotypes present (see low_ld.hh ); many commands
treat these as missing.
Total genotyping rate is 0.998716.
250140 variants and 1952 people pass filters and QC.
Among remaining phenotypes, 427 are cases and 1525 are controls.
Writing logistic model association results to low_ld.assoc.logistic ... done.

End time: Thu Mar  8 16:51:14 2018
